#
# There is insufficient memory for the Java Runtime Environment to continue.
# Native memory allocation (mmap) failed to map 65536 bytes for Failed to commit metaspace.
# Possible reasons:
#   The system is out of physical RAM or swap space
#   The process is running with CompressedOops enabled, and the Java Heap may be blocking the growth of the native heap
# Possible solutions:
#   Reduce memory load on the system
#   Increase physical memory or swap space
#   Check if swap backing store is full
#   Decrease Java heap size (-Xmx/-Xms)
#   Decrease number of Java threads
#   Decrease Java thread stack sizes (-Xss)
#   Set larger code cache with -XX:ReservedCodeCacheSize=
#   JVM is running with Unscaled Compressed Oops mode in which the Java heap is
#     placed in the first 4GB address space. The Java Heap base address is the
#     maximum limit for the native heap growth. Please use -XX:HeapBaseMinAddress
#     to set the Java Heap base and to place the Java Heap above 4GB virtual address.
# This output file may be truncated or incomplete.
#
#  Out of Memory Error (virtualSpaceNode.cpp:112), pid=25516, tid=25580
#
# JRE version: Java(TM) SE Runtime Environment (21.0.4+8) (build 21.0.4+8-LTS-274)
# Java VM: Java HotSpot(TM) 64-Bit Server VM (21.0.4+8-LTS-274, mixed mode, tiered, compressed oops, compressed class ptrs, g1 gc, windows-amd64)
# No core dump will be written. Minidumps are not enabled by default on client versions of Windows
#

---------------  S U M M A R Y ------------

Command Line: -Dfile.encoding=UTF-8 -Duser.country=RU -Duser.language=ru -Duser.variant --module-path=C:\Users\011ko\IdeaProjects\javafx-intro\build\libs\javafx-intro-1.0-SNAPSHOT.jar;C:\Users\011ko\IdeaProjects\javafx-intro\build\classes\java\main;C:\Users\011ko\.gradle\caches\modules-2\files-2.1\org.jetbrains.kotlin\kotlin-stdlib\1.9.20\e58b4816ac517e9cc5df1db051120c63d4cde669\kotlin-stdlib-1.9.20.jar;C:\Users\011ko\.gradle\caches\modules-2\files-2.1\org.openjfx\javafx-fxml\21\4a1cd270e1ae03ae73110eb68622afd457c6f903\javafx-fxml-21-win.jar;C:\Users\011ko\.gradle\caches\modules-2\files-2.1\org.openjfx\javafx-web\21\f53cab2e01c28dd3a26d250145e1ddc86fcf125a\javafx-web-21-win.jar;C:\Users\011ko\.gradle\caches\modules-2\files-2.1\org.openjfx\javafx-controls\21\76e295d84578a3d9688e092aae3f2ff1cf3e83a9\javafx-controls-21-win.jar;C:\Users\011ko\.gradle\caches\modules-2\files-2.1\org.openjfx\javafx-controls\21\f290138dcff0ee5679eebd2096f29dfa1f7563c6\javafx-controls-21.jar;C:\Users\011ko\.gradle\caches\modules-2\files-2.1\org.openjfx\javafx-media\21\f5e89e981be5c3c6f316b6f8b7b49686cd7c6d58\javafx-media-21-win.jar;C:\Users\011ko\.gradle\caches\modules-2\files-2.1\org.openjfx\javafx-media\21\7767ab6303b3ebae213a0064ffd941ade8a6f92a\javafx-media-21.jar;C:\Users\011ko\.gradle\caches\modules-2\files-2.1\org.openjfx\javafx-swing\21\85c12ff6018b55276d3fef2bc83751ebfe3d58e5\javafx-swing-21-win.jar;C:\Users\011ko\.gradle\caches\modules-2\files-2.1\org.openjfx\javafx-graphics\21\8083d97ea236079c82cf8e3463b62990340346d4\javafx-graphics-21-win.jar;C:\Users\011ko\.gradle\caches\modules-2\files-2.1\org.openjfx\javafx-graphics\21\f8d0163c8bf9cffdcf2eac163446ea550b3051ca\javafx-graphics-21.jar;C:\Users\011ko\.gradle\caches\modules-2\files-2.1\org.openjfx\javafx-base\21\a7e334fbb619859e1010cad06ddcf16e774c87a0\javafx-base-21-win.jar;C:\Users\011ko\.gradle\caches\modules-2\files-2.1\org.openjfx\javafx-base\21\be7576df67c204d6d3f9c6c5d4db4e268ff22ff2\javafx-base-21.jar;C:\Users\011ko\.gradle\caches\modules-2\files-2.1\org.controlsfx\controlsfx\11.1.2\584bc3f468e2c33100fcdbb1da-Djdk.module.main=org.example.javafxintro org.example.javafxintro/org.example.javafxintro.HelloApplication

Host: 11th Gen Intel(R) Core(TM) i3-1115G4 @ 3.00GHz, 4 cores, 7G,  Windows 11 , 64 bit Build 22621 (10.0.22621.3958)
Time: Wed Oct 23 00:03:34 2024 RTZ 6 (s 11 , 64 bit Build 22621 (10.0.22621.3958) elapsed time: 0.107645 seconds (0d 0h 0m 0s)

---------------  T H R E A D  ---------------

Current thread (0x00000270a36f5ac0):  JavaThread "main"             [_thread_in_vm, id=25580, stack(0x0000009515400000,0x0000009515500000) (1024K)]

Stack: [0x0000009515400000,0x0000009515500000]
Native frames: (J=compiled Java code, j=interpreted, Vv=VM code, C=native code)
V  [jvm.dll+0x6c8e59]
V  [jvm.dll+0x853181]
V  [jvm.dll+0x8556ae]
V  [jvm.dll+0x855d83]
V  [jvm.dll+0x27d526]
V  [jvm.dll+0x84edae]
V  [jvm.dll+0x66cc05]
V  [jvm.dll+0x66cc6a]
V  [jvm.dll+0x66f485]
V  [jvm.dll+0x66f352]
V  [jvm.dll+0x66d5de]
V  [jvm.dll+0x27a3e6]
V  [jvm.dll+0x71e725]
V  [jvm.dll+0x71f26f]
V  [jvm.dll+0x3c0e2f]
V  [jvm.dll+0x3bfec7]
V  [jvm.dll+0x3bfe68]
V  [jvm.dll+0x3d1a7a]
C  0x00000270b524b116

The last pc belongs to new (printed below).
Java frames: (J=compiled Java code, j=interpreted, Vv=VM code)
j  java.lang.ClassLoader.<init>(Ljava/lang/Void;Ljava/lang/String;Ljava/lang/ClassLoader;)V+16 java.base
j  java.lang.ClassLoader.<init>(Ljava/lang/String;Ljava/lang/ClassLoader;)V+7 java.base
j  java.security.SecureClassLoader.<init>(Ljava/lang/String;Ljava/lang/ClassLoader;)V+3 java.base
j  jdk.internal.loader.BuiltinClassLoader.<init>(Ljava/lang/String;Ljdk/internal/loader/BuiltinClassLoader;Ljdk/internal/loader/URLClassPath;)V+18 java.base
j  jdk.internal.loader.ClassLoaders$BootClassLoader.<init>(Ljdk/internal/loader/URLClassPath;)V+4 java.base
j  jdk.internal.loader.ClassLoaders.<clinit>()V+85 java.base
v  ~StubRoutines::call_stub 0x00000270b52310e7
j  jdk.internal.loader.BootLoader.loadModule(Ljava/lang/module/ModuleReference;)V+0 java.base
j  jdk.internal.module.ModuleBootstrap.boot2()Ljava/lang/ModuleLayer;+352 java.base
j  jdk.internal.module.ModuleBootstrap.boot()Ljava/lang/ModuleLayer;+64 java.base
j  java.lang.System.initPhase2(ZZ)I+0 java.base
v  ~StubRoutines::call_stub 0x00000270b52310e7
new  187 new  [0x00000270b524afa0, 0x00000270b524b1a0]  512 bytes
[MachCode]
  0x00000270b524afa0: 4883 ec08 | c5fa 1104 | 24eb 1f48 | 83ec 10c5 | fb11 0424 | eb14 4883 | ec10 4889 | 0424 48c7 
  0x00000270b524afc0: 4424 0800 | 0000 00eb | 0150 410f | b755 010f | cac1 ea10 | 488b 4de8 | 488b 4908 | 488b 4908 
  0x00000270b524afe0: 488b 4108 | 807c 1004 | 070f 85ca | 0000 0066 | 8b54 d148 | 488b 4928 | 488b 4cd1 | 0851 80b9 
  0x00000270b524b000: 2001 0000 | 050f 85ad | 0000 008b | 5108 f6c2 | 010f 85a1 | 0000 0049 | 8b87 b801 | 0000 488d 
  0x00000270b524b020: 1c10 493b | 9fc8 0100 | 000f 8789 | 0000 0049 | 899f b801 | 0000 4883 | ea10 0f84 | 0f00 0000 
  0x00000270b524b040: 33c9 c1ea | 0348 894c | d008 48ff | ca75 f648 | c700 0100 | 0000 5933 | f689 700c | 48c1 e903 
  0x00000270b524b060: 8948 0849 | bae1 f728 | 50fb 7f00 | 0041 803a | 000f 843c | 0000 0050 | 488b c848 | 83ec 2040 
  0x00000270b524b080: f6c4 0f0f | 8419 0000 | 0048 83ec | 0848 b810 | edd9 4ffb | 7f00 00ff | d048 83c4 | 08e9 0c00 
  0x00000270b524b0a0: 0000 48b8 | 10ed d94f | fb7f 0000 | ffd0 4883 | c420 58e9 | cb00 0000 | 5948 8b55 | e848 8b52 
  0x00000270b524b0c0: 0848 8b52 | 0845 0fb7 | 4501 410f | c841 c1e8 | 10e8 0500 | 0000 e9a8 | 0000 0048 | 8d44 2408 
  0x00000270b524b0e0: 4c89 6dc0 | 498b cfc5 | f877 4989 | afa8 0300 | 0049 8987 | 9803 0000 | 4883 ec20 | 40f6 c40f 
  0x00000270b524b100: 0f84 1900 | 0000 4883 | ec08 48b8 | f019 a44f | fb7f 0000 | ffd0 4883 | c408 e90c | 0000 0048 
  0x00000270b524b120: b8f0 19a4 | 4ffb 7f00 | 00ff d048 | 83c4 2049 | c787 9803 | 0000 0000 | 0000 49c7 | 87a8 0300 
  0x00000270b524b140: 0000 0000 | 0049 c787 | a003 0000 | 0000 0000 | c5f8 7749 | 837f 0800 | 0f84 0500 | 0000 e99d 
  0x00000270b524b160: 5dfe ff49 | 8b87 f003 | 0000 49c7 | 87f0 0300 | 0000 0000 | 004c 8b6d | c04c 8b75 | c84e 8d74 
  0x00000270b524b180: f500 c341 | 0fb6 5d03 | 4983 c503 | 49ba 10bc | 2b50 fb7f | 0000 41ff | 24da 660f | 1f44 0000 
[/MachCode]

---------------  P R O C E S S  ---------------

Threads class SMR info:
_java_thread_list=0x00000270c1953f30, length=9, elements={
0x00000270a36f5ac0, 0x00000270c19b37b0, 0x00000270c19b40e0, 0x00000270c19a6ce0,
0x00000270c19a8750, 0x00000270c19a91b0, 0x00000270c19aa3b0, 0x00000270c199c710,
0x00000270c199d560
}

Java Threads: ( => current thread )
=>0x00000270a36f5ac0 JavaThread "main"                              [_thread_in_vm, id=25580, stack(0x0000009515400000,0x0000009515500000) (1024K)]
  0x00000270c19b37b0 JavaThread "Reference Handler"          daemon [_thread_blocked, id=12596, stack(0x0000009515c00000,0x0000009515d00000) (1024K)]
  0x00000270c19b40e0 JavaThread "Finalizer"                  daemon [_thread_blocked, id=19040, stack(0x0000009515d00000,0x0000009515e00000) (1024K)]
  0x00000270c19a6ce0 JavaThread "Signal Dispatcher"          daemon [_thread_blocked, id=11924, stack(0x0000009515e00000,0x0000009515f00000) (1024K)]
  0x00000270c19a8750 JavaThread "Attach Listener"            daemon [_thread_blocked, id=12232, stack(0x0000009515f00000,0x0000009516000000) (1024K)]
  0x00000270c19a91b0 JavaThread "Service Thread"             daemon [_thread_blocked, id=25040, stack(0x0000009516000000,0x0000009516100000) (1024K)]
  0x00000270c19aa3b0 JavaThread "Monitor Deflation Thread"   daemon [_thread_blocked, id=4856, stack(0x0000009516100000,0x0000009516200000) (1024K)]
  0x00000270c199c710 JavaThread "C2 CompilerThread0"         daemon [_thread_blocked, id=27984, stack(0x0000009516200000,0x0000009516300000) (1024K)]
  0x00000270c199d560 JavaThread "C1 CompilerThread0"         daemon [_thread_blocked, id=6124, stack(0x0000009516300000,0x0000009516400000) (1024K)]
Total: 9

Other Threads:
  0x00000270c1935730 VMThread "VM Thread"                           [id=6732, stack(0x0000009515b00000,0x0000009515c00000) (1024K)]
  0x00000270c18b2550 WatcherThread "VM Periodic Task Thread"        [id=20180, stack(0x0000009515a00000,0x0000009515b00000) (1024K)]
  0x00000270a58e9840 WorkerThread "GC Thread#0"                     [id=14008, stack(0x0000009515500000,0x0000009515600000) (1024K)]
  0x00000270a58fa1e0 ConcurrentGCThread "G1 Main Marker"            [id=22540, stack(0x0000009515600000,0x0000009515700000) (1024K)]
  0x00000270a58fb4f0 WorkerThread "G1 Conc#0"                       [id=9820, stack(0x0000009515700000,0x0000009515800000) (1024K)]
  0x00000270c17840f0 ConcurrentGCThread "G1 Refine#0"               [id=11448, stack(0x0000009515800000,0x0000009515900000) (1024K)]
  0x00000270c1784870 ConcurrentGCThread "G1 Service"                [id=25704, stack(0x0000009515900000,0x0000009515a00000) (1024K)]
Total: 7

Threads with active compile tasks:
Total: 0

VM state: not at safepoint (normal execution)

VM Mutex/Monitor currently owned by a thread:  ([mutex/lock_event])
[0x00007ffb502a5e18] Metaspace_lock - owner thread: 0x00000270a36f5ac0

Heap address: 0x0000000083200000, size: 1998 MB, Compressed Oops mode: 32-bit

CDS archive(s) not mapped
Compressed class space mapped at: 0x0000000100000000-0x0000000140000000, reserved size: 1073741824
Narrow klass base: 0x0000000000000000, Narrow klass shift: 3, Narrow klass range: 0x140000000

GC Precious Log:
 CardTable entry size: 512
 Card Set container configuration: InlinePtr #cards 5 size 8 Array Of Cards #cards 12 size 40 Howl #buckets 4 coarsen threshold 1843 Howl Bitmap #cards 512 size 80 coarsen threshold 460 Card regions per heap region 1 cards per card region 2048
 CPUs: 4 total, 4 available
 Memory: 7991M
 Large Page Support: Disabled
 NUMA Support: Disabled
 Compressed Oops: Enabled (32-bit)
 Heap Region Size: 1M
 Heap Min Capacity: 8M
 Heap Initial Capacity: 126M
 Heap Max Capacity: 1998M
 Pre-touch: Disabled
 Parallel Workers: 4
 Concurrent Workers: 1
 Concurrent Refinement Workers: 4
 Periodic GC: Disabled

Heap:
 garbage-first heap   total 129024K, used 1024K [0x0000000083200000, 0x0000000100000000)
  region size 1024K, 2 young (2048K), 0 survivors (0K)
 Metaspace       used 4008K, committed 4032K, reserved 1114112K
  class space    used 298K, committed 320K, reserved 1048576K

Heap Regions: E=young(eden), S=young(survivor), O=old, HS=humongous(starts), HC=humongous(continues), CS=collection set, F=free, TAMS=top-at-mark-start, PB=parsable bottom
|   0|0x0000000083200000, 0x0000000083200000, 0x0000000083300000|  0%| F|  |TAMS 0x0000000083200000| PB 0x0000000083200000| Untracked 
|   1|0x0000000083300000, 0x0000000083300000, 0x0000000083400000|  0%| F|  |TAMS 0x0000000083300000| PB 0x0000000083300000| Untracked 
|   2|0x0000000083400000, 0x0000000083400000, 0x0000000083500000|  0%| F|  |TAMS 0x0000000083400000| PB 0x0000000083400000| Untracked 
|   3|0x0000000083500000, 0x0000000083500000, 0x0000000083600000|  0%| F|  |TAMS 0x0000000083500000| PB 0x0000000083500000| Untracked 
|   4|0x0000000083600000, 0x0000000083600000, 0x0000000083700000|  0%| F|  |TAMS 0x0000000083600000| PB 0x0000000083600000| Untracked 
|   5|0x0000000083700000, 0x0000000083700000, 0x0000000083800000|  0%| F|  |TAMS 0x0000000083700000| PB 0x0000000083700000| Untracked 
|   6|0x0000000083800000, 0x0000000083800000, 0x0000000083900000|  0%| F|  |TAMS 0x0000000083800000| PB 0x0000000083800000| Untracked 
|   7|0x0000000083900000, 0x0000000083900000, 0x0000000083a00000|  0%| F|  |TAMS 0x0000000083900000| PB 0x0000000083900000| Untracked 
|   8|0x0000000083a00000, 0x0000000083a00000, 0x0000000083b00000|  0%| F|  |TAMS 0x0000000083a00000| PB 0x0000000083a00000| Untracked 
|   9|0x0000000083b00000, 0x0000000083b00000, 0x0000000083c00000|  0%| F|  |TAMS 0x0000000083b00000| PB 0x0000000083b00000| Untracked 
|  10|0x0000000083c00000, 0x0000000083c00000, 0x0000000083d00000|  0%| F|  |TAMS 0x0000000083c00000| PB 0x0000000083c00000| Untracked 
|  11|0x0000000083d00000, 0x0000000083d00000, 0x0000000083e00000|  0%| F|  |TAMS 0x0000000083d00000| PB 0x0000000083d00000| Untracked 
|  12|0x0000000083e00000, 0x0000000083e00000, 0x0000000083f00000|  0%| F|  |TAMS 0x0000000083e00000| PB 0x0000000083e00000| Untracked 
|  13|0x0000000083f00000, 0x0000000083f00000, 0x0000000084000000|  0%| F|  |TAMS 0x0000000083f00000| PB 0x0000000083f00000| Untracked 
|  14|0x0000000084000000, 0x0000000084000000, 0x0000000084100000|  0%| F|  |TAMS 0x0000000084000000| PB 0x0000000084000000| Untracked 
|  15|0x0000000084100000, 0x0000000084100000, 0x0000000084200000|  0%| F|  |TAMS 0x0000000084100000| PB 0x0000000084100000| Untracked 
|  16|0x0000000084200000, 0x0000000084200000, 0x0000000084300000|  0%| F|  |TAMS 0x0000000084200000| PB 0x0000000084200000| Untracked 
|  17|0x0000000084300000, 0x0000000084300000, 0x0000000084400000|  0%| F|  |TAMS 0x0000000084300000| PB 0x0000000084300000| Untracked 
|  18|0x0000000084400000, 0x0000000084400000, 0x0000000084500000|  0%| F|  |TAMS 0x0000000084400000| PB 0x0000000084400000| Untracked 
|  19|0x0000000084500000, 0x0000000084500000, 0x0000000084600000|  0%| F|  |TAMS 0x0000000084500000| PB 0x0000000084500000| Untracked 
|  20|0x0000000084600000, 0x0000000084600000, 0x0000000084700000|  0%| F|  |TAMS 0x0000000084600000| PB 0x0000000084600000| Untracked 
|  21|0x0000000084700000, 0x0000000084700000, 0x0000000084800000|  0%| F|  |TAMS 0x0000000084700000| PB 0x0000000084700000| Untracked 
|  22|0x0000000084800000, 0x0000000084800000, 0x0000000084900000|  0%| F|  |TAMS 0x0000000084800000| PB 0x0000000084800000| Untracked 
|  23|0x0000000084900000, 0x0000000084900000, 0x0000000084a00000|  0%| F|  |TAMS 0x0000000084900000| PB 0x0000000084900000| Untracked 
|  24|0x0000000084a00000, 0x0000000084a00000, 0x0000000084b00000|  0%| F|  |TAMS 0x0000000084a00000| PB 0x0000000084a00000| Untracked 
|  25|0x0000000084b00000, 0x0000000084b00000, 0x0000000084c00000|  0%| F|  |TAMS 0x0000000084b00000| PB 0x0000000084b00000| Untracked 
|  26|0x0000000084c00000, 0x0000000084c00000, 0x0000000084d00000|  0%| F|  |TAMS 0x0000000084c00000| PB 0x0000000084c00000| Untracked 
|  27|0x0000000084d00000, 0x0000000084d00000, 0x0000000084e00000|  0%| F|  |TAMS 0x0000000084d00000| PB 0x0000000084d00000| Untracked 
|  28|0x0000000084e00000, 0x0000000084e00000, 0x0000000084f00000|  0%| F|  |TAMS 0x0000000084e00000| PB 0x0000000084e00000| Untracked 
|  29|0x0000000084f00000, 0x0000000084f00000, 0x0000000085000000|  0%| F|  |TAMS 0x0000000084f00000| PB 0x0000000084f00000| Untracked 
|  30|0x0000000085000000, 0x0000000085000000, 0x0000000085100000|  0%| F|  |TAMS 0x0000000085000000| PB 0x0000000085000000| Untracked 
|  31|0x0000000085100000, 0x0000000085100000, 0x0000000085200000|  0%| F|  |TAMS 0x0000000085100000| PB 0x0000000085100000| Untracked 
|  32|0x0000000085200000, 0x0000000085200000, 0x0000000085300000|  0%| F|  |TAMS 0x0000000085200000| PB 0x0000000085200000| Untracked 
|  33|0x0000000085300000, 0x0000000085300000, 0x0000000085400000|  0%| F|  |TAMS 0x0000000085300000| PB 0x0000000085300000| Untracked 
|  34|0x0000000085400000, 0x0000000085400000, 0x0000000085500000|  0%| F|  |TAMS 0x0000000085400000| PB 0x0000000085400000| Untracked 
|  35|0x0000000085500000, 0x0000000085500000, 0x0000000085600000|  0%| F|  |TAMS 0x0000000085500000| PB 0x0000000085500000| Untracked 
|  36|0x0000000085600000, 0x0000000085600000, 0x0000000085700000|  0%| F|  |TAMS 0x0000000085600000| PB 0x0000000085600000| Untracked 
|  37|0x0000000085700000, 0x0000000085700000, 0x0000000085800000|  0%| F|  |TAMS 0x0000000085700000| PB 0x0000000085700000| Untracked 
|  38|0x0000000085800000, 0x0000000085800000, 0x0000000085900000|  0%| F|  |TAMS 0x0000000085800000| PB 0x0000000085800000| Untracked 
|  39|0x0000000085900000, 0x0000000085900000, 0x0000000085a00000|  0%| F|  |TAMS 0x0000000085900000| PB 0x0000000085900000| Untracked 
|  40|0x0000000085a00000, 0x0000000085a00000, 0x0000000085b00000|  0%| F|  |TAMS 0x0000000085a00000| PB 0x0000000085a00000| Untracked 
|  41|0x0000000085b00000, 0x0000000085b00000, 0x0000000085c00000|  0%| F|  |TAMS 0x0000000085b00000| PB 0x0000000085b00000| Untracked 
|  42|0x0000000085c00000, 0x0000000085c00000, 0x0000000085d00000|  0%| F|  |TAMS 0x0000000085c00000| PB 0x0000000085c00000| Untracked 
|  43|0x0000000085d00000, 0x0000000085d00000, 0x0000000085e00000|  0%| F|  |TAMS 0x0000000085d00000| PB 0x0000000085d00000| Untracked 
|  44|0x0000000085e00000, 0x0000000085e00000, 0x0000000085f00000|  0%| F|  |TAMS 0x0000000085e00000| PB 0x0000000085e00000| Untracked 
|  45|0x0000000085f00000, 0x0000000085f00000, 0x0000000086000000|  0%| F|  |TAMS 0x0000000085f00000| PB 0x0000000085f00000| Untracked 
|  46|0x0000000086000000, 0x0000000086000000, 0x0000000086100000|  0%| F|  |TAMS 0x0000000086000000| PB 0x0000000086000000| Untracked 
|  47|0x0000000086100000, 0x0000000086100000, 0x0000000086200000|  0%| F|  |TAMS 0x0000000086100000| PB 0x0000000086100000| Untracked 
|  48|0x0000000086200000, 0x0000000086200000, 0x0000000086300000|  0%| F|  |TAMS 0x0000000086200000| PB 0x0000000086200000| Untracked 
|  49|0x0000000086300000, 0x0000000086300000, 0x0000000086400000|  0%| F|  |TAMS 0x0000000086300000| PB 0x0000000086300000| Untracked 
|  50|0x0000000086400000, 0x0000000086400000, 0x0000000086500000|  0%| F|  |TAMS 0x0000000086400000| PB 0x0000000086400000| Untracked 
|  51|0x0000000086500000, 0x0000000086500000, 0x0000000086600000|  0%| F|  |TAMS 0x0000000086500000| PB 0x0000000086500000| Untracked 
|  52|0x0000000086600000, 0x0000000086600000, 0x0000000086700000|  0%| F|  |TAMS 0x0000000086600000| PB 0x0000000086600000| Untracked 
|  53|0x0000000086700000, 0x0000000086700000, 0x0000000086800000|  0%| F|  |TAMS 0x0000000086700000| PB 0x0000000086700000| Untracked 
|  54|0x0000000086800000, 0x0000000086800000, 0x0000000086900000|  0%| F|  |TAMS 0x0000000086800000| PB 0x0000000086800000| Untracked 
|  55|0x0000000086900000, 0x0000000086900000, 0x0000000086a00000|  0%| F|  |TAMS 0x0000000086900000| PB 0x0000000086900000| Untracked 
|  56|0x0000000086a00000, 0x0000000086a00000, 0x0000000086b00000|  0%| F|  |TAMS 0x0000000086a00000| PB 0x0000000086a00000| Untracked 
|  57|0x0000000086b00000, 0x0000000086b00000, 0x0000000086c00000|  0%| F|  |TAMS 0x0000000086b00000| PB 0x0000000086b00000| Untracked 
|  58|0x0000000086c00000, 0x0000000086c00000, 0x0000000086d00000|  0%| F|  |TAMS 0x0000000086c00000| PB 0x0000000086c00000| Untracked 
|  59|0x0000000086d00000, 0x0000000086d00000, 0x0000000086e00000|  0%| F|  |TAMS 0x0000000086d00000| PB 0x0000000086d00000| Untracked 
|  60|0x0000000086e00000, 0x0000000086e00000, 0x0000000086f00000|  0%| F|  |TAMS 0x0000000086e00000| PB 0x0000000086e00000| Untracked 
|  61|0x0000000086f00000, 0x0000000086f00000, 0x0000000087000000|  0%| F|  |TAMS 0x0000000086f00000| PB 0x0000000086f00000| Untracked 
|  62|0x0000000087000000, 0x0000000087000000, 0x0000000087100000|  0%| F|  |TAMS 0x0000000087000000| PB 0x0000000087000000| Untracked 
|  63|0x0000000087100000, 0x0000000087100000, 0x0000000087200000|  0%| F|  |TAMS 0x0000000087100000| PB 0x0000000087100000| Untracked 
|  64|0x0000000087200000, 0x0000000087200000, 0x0000000087300000|  0%| F|  |TAMS 0x0000000087200000| PB 0x0000000087200000| Untracked 
|  65|0x0000000087300000, 0x0000000087300000, 0x0000000087400000|  0%| F|  |TAMS 0x0000000087300000| PB 0x0000000087300000| Untracked 
|  66|0x0000000087400000, 0x0000000087400000, 0x0000000087500000|  0%| F|  |TAMS 0x0000000087400000| PB 0x0000000087400000| Untracked 
|  67|0x0000000087500000, 0x0000000087500000, 0x0000000087600000|  0%| F|  |TAMS 0x0000000087500000| PB 0x0000000087500000| Untracked 
|  68|0x0000000087600000, 0x0000000087600000, 0x0000000087700000|  0%| F|  |TAMS 0x0000000087600000| PB 0x0000000087600000| Untracked 
|  69|0x0000000087700000, 0x0000000087700000, 0x0000000087800000|  0%| F|  |TAMS 0x0000000087700000| PB 0x0000000087700000| Untracked 
|  70|0x0000000087800000, 0x0000000087800000, 0x0000000087900000|  0%| F|  |TAMS 0x0000000087800000| PB 0x0000000087800000| Untracked 
|  71|0x0000000087900000, 0x0000000087900000, 0x0000000087a00000|  0%| F|  |TAMS 0x0000000087900000| PB 0x0000000087900000| Untracked 
|  72|0x0000000087a00000, 0x0000000087a00000, 0x0000000087b00000|  0%| F|  |TAMS 0x0000000087a00000| PB 0x0000000087a00000| Untracked 
|  73|0x0000000087b00000, 0x0000000087b00000, 0x0000000087c00000|  0%| F|  |TAMS 0x0000000087b00000| PB 0x0000000087b00000| Untracked 
|  74|0x0000000087c00000, 0x0000000087c00000, 0x0000000087d00000|  0%| F|  |TAMS 0x0000000087c00000| PB 0x0000000087c00000| Untracked 
|  75|0x0000000087d00000, 0x0000000087d00000, 0x0000000087e00000|  0%| F|  |TAMS 0x0000000087d00000| PB 0x0000000087d00000| Untracked 
|  76|0x0000000087e00000, 0x0000000087e00000, 0x0000000087f00000|  0%| F|  |TAMS 0x0000000087e00000| PB 0x0000000087e00000| Untracked 
|  77|0x0000000087f00000, 0x0000000087f00000, 0x0000000088000000|  0%| F|  |TAMS 0x0000000087f00000| PB 0x0000000087f00000| Untracked 
|  78|0x0000000088000000, 0x0000000088000000, 0x0000000088100000|  0%| F|  |TAMS 0x0000000088000000| PB 0x0000000088000000| Untracked 
|  79|0x0000000088100000, 0x0000000088100000, 0x0000000088200000|  0%| F|  |TAMS 0x0000000088100000| PB 0x0000000088100000| Untracked 
|  80|0x0000000088200000, 0x0000000088200000, 0x0000000088300000|  0%| F|  |TAMS 0x0000000088200000| PB 0x0000000088200000| Untracked 
|  81|0x0000000088300000, 0x0000000088300000, 0x0000000088400000|  0%| F|  |TAMS 0x0000000088300000| PB 0x0000000088300000| Untracked 
|  82|0x0000000088400000, 0x0000000088400000, 0x0000000088500000|  0%| F|  |TAMS 0x0000000088400000| PB 0x0000000088400000| Untracked 
|  83|0x0000000088500000, 0x0000000088500000, 0x0000000088600000|  0%| F|  |TAMS 0x0000000088500000| PB 0x0000000088500000| Untracked 
|  84|0x0000000088600000, 0x0000000088600000, 0x0000000088700000|  0%| F|  |TAMS 0x0000000088600000| PB 0x0000000088600000| Untracked 
|  85|0x0000000088700000, 0x0000000088700000, 0x0000000088800000|  0%| F|  |TAMS 0x0000000088700000| PB 0x0000000088700000| Untracked 
|  86|0x0000000088800000, 0x0000000088800000, 0x0000000088900000|  0%| F|  |TAMS 0x0000000088800000| PB 0x0000000088800000| Untracked 
|  87|0x0000000088900000, 0x0000000088900000, 0x0000000088a00000|  0%| F|  |TAMS 0x0000000088900000| PB 0x0000000088900000| Untracked 
|  88|0x0000000088a00000, 0x0000000088a00000, 0x0000000088b00000|  0%| F|  |TAMS 0x0000000088a00000| PB 0x0000000088a00000| Untracked 
|  89|0x0000000088b00000, 0x0000000088b00000, 0x0000000088c00000|  0%| F|  |TAMS 0x0000000088b00000| PB 0x0000000088b00000| Untracked 
|  90|0x0000000088c00000, 0x0000000088c00000, 0x0000000088d00000|  0%| F|  |TAMS 0x0000000088c00000| PB 0x0000000088c00000| Untracked 
|  91|0x0000000088d00000, 0x0000000088d00000, 0x0000000088e00000|  0%| F|  |TAMS 0x0000000088d00000| PB 0x0000000088d00000| Untracked 
|  92|0x0000000088e00000, 0x0000000088e00000, 0x0000000088f00000|  0%| F|  |TAMS 0x0000000088e00000| PB 0x0000000088e00000| Untracked 
|  93|0x0000000088f00000, 0x0000000088f00000, 0x0000000089000000|  0%| F|  |TAMS 0x0000000088f00000| PB 0x0000000088f00000| Untracked 
|  94|0x0000000089000000, 0x0000000089000000, 0x0000000089100000|  0%| F|  |TAMS 0x0000000089000000| PB 0x0000000089000000| Untracked 
|  95|0x0000000089100000, 0x0000000089100000, 0x0000000089200000|  0%| F|  |TAMS 0x0000000089100000| PB 0x0000000089100000| Untracked 
|  96|0x0000000089200000, 0x0000000089200000, 0x0000000089300000|  0%| F|  |TAMS 0x0000000089200000| PB 0x0000000089200000| Untracked 
|  97|0x0000000089300000, 0x0000000089300000, 0x0000000089400000|  0%| F|  |TAMS 0x0000000089300000| PB 0x0000000089300000| Untracked 
|  98|0x0000000089400000, 0x0000000089400000, 0x0000000089500000|  0%| F|  |TAMS 0x0000000089400000| PB 0x0000000089400000| Untracked 
|  99|0x0000000089500000, 0x0000000089500000, 0x0000000089600000|  0%| F|  |TAMS 0x0000000089500000| PB 0x0000000089500000| Untracked 
| 100|0x0000000089600000, 0x0000000089600000, 0x0000000089700000|  0%| F|  |TAMS 0x0000000089600000| PB 0x0000000089600000| Untracked 
| 101|0x0000000089700000, 0x0000000089700000, 0x0000000089800000|  0%| F|  |TAMS 0x0000000089700000| PB 0x0000000089700000| Untracked 
| 102|0x0000000089800000, 0x0000000089800000, 0x0000000089900000|  0%| F|  |TAMS 0x0000000089800000| PB 0x0000000089800000| Untracked 
| 103|0x0000000089900000, 0x0000000089900000, 0x0000000089a00000|  0%| F|  |TAMS 0x0000000089900000| PB 0x0000000089900000| Untracked 
| 104|0x0000000089a00000, 0x0000000089a00000, 0x0000000089b00000|  0%| F|  |TAMS 0x0000000089a00000| PB 0x0000000089a00000| Untracked 
| 105|0x0000000089b00000, 0x0000000089b00000, 0x0000000089c00000|  0%| F|  |TAMS 0x0000000089b00000| PB 0x0000000089b00000| Untracked 
| 106|0x0000000089c00000, 0x0000000089c00000, 0x0000000089d00000|  0%| F|  |TAMS 0x0000000089c00000| PB 0x0000000089c00000| Untracked 
| 107|0x0000000089d00000, 0x0000000089d00000, 0x0000000089e00000|  0%| F|  |TAMS 0x0000000089d00000| PB 0x0000000089d00000| Untracked 
| 108|0x0000000089e00000, 0x0000000089e00000, 0x0000000089f00000|  0%| F|  |TAMS 0x0000000089e00000| PB 0x0000000089e00000| Untracked 
| 109|0x0000000089f00000, 0x0000000089f00000, 0x000000008a000000|  0%| F|  |TAMS 0x0000000089f00000| PB 0x0000000089f00000| Untracked 
| 110|0x000000008a000000, 0x000000008a000000, 0x000000008a100000|  0%| F|  |TAMS 0x000000008a000000| PB 0x000000008a000000| Untracked 
| 111|0x000000008a100000, 0x000000008a100000, 0x000000008a200000|  0%| F|  |TAMS 0x000000008a100000| PB 0x000000008a100000| Untracked 
| 112|0x000000008a200000, 0x000000008a200000, 0x000000008a300000|  0%| F|  |TAMS 0x000000008a200000| PB 0x000000008a200000| Untracked 
| 113|0x000000008a300000, 0x000000008a300000, 0x000000008a400000|  0%| F|  |TAMS 0x000000008a300000| PB 0x000000008a300000| Untracked 
| 114|0x000000008a400000, 0x000000008a400000, 0x000000008a500000|  0%| F|  |TAMS 0x000000008a400000| PB 0x000000008a400000| Untracked 
| 115|0x000000008a500000, 0x000000008a500000, 0x000000008a600000|  0%| F|  |TAMS 0x000000008a500000| PB 0x000000008a500000| Untracked 
| 116|0x000000008a600000, 0x000000008a600000, 0x000000008a700000|  0%| F|  |TAMS 0x000000008a600000| PB 0x000000008a600000| Untracked 
| 117|0x000000008a700000, 0x000000008a700000, 0x000000008a800000|  0%| F|  |TAMS 0x000000008a700000| PB 0x000000008a700000| Untracked 
| 118|0x000000008a800000, 0x000000008a800000, 0x000000008a900000|  0%| F|  |TAMS 0x000000008a800000| PB 0x000000008a800000| Untracked 
| 119|0x000000008a900000, 0x000000008a900000, 0x000000008aa00000|  0%| F|  |TAMS 0x000000008a900000| PB 0x000000008a900000| Untracked 
| 120|0x000000008aa00000, 0x000000008aa00000, 0x000000008ab00000|  0%| F|  |TAMS 0x000000008aa00000| PB 0x000000008aa00000| Untracked 
| 121|0x000000008ab00000, 0x000000008ab00000, 0x000000008ac00000|  0%| F|  |TAMS 0x000000008ab00000| PB 0x000000008ab00000| Untracked 
| 122|0x000000008ac00000, 0x000000008ac00000, 0x000000008ad00000|  0%| F|  |TAMS 0x000000008ac00000| PB 0x000000008ac00000| Untracked 
| 123|0x000000008ad00000, 0x000000008ad00000, 0x000000008ae00000|  0%| F|  |TAMS 0x000000008ad00000| PB 0x000000008ad00000| Untracked 
| 124|0x000000008ae00000, 0x000000008ae43108, 0x000000008af00000| 26%| E|  |TAMS 0x000000008ae00000| PB 0x000000008ae00000| Complete 
| 125|0x000000008af00000, 0x000000008b000000, 0x000000008b000000|100%| E|CS|TAMS 0x000000008af00000| PB 0x000000008af00000| Complete 

Card table byte_map: [0x00000270bd0f0000,0x00000270bd4e0000] _byte_map_base: 0x00000270bccd7000

Marking Bits: (CMBitMap*) 0x00000270a58e9f40
 Bits: [0x00000270bd4e0000, 0x00000270bf418000)

Polling page: 0x00000270a3680000

Metaspace:

Usage:
  Non-class:      3.62 MB used.
      Class:    298.58 KB used.
       Both:      3.91 MB used.

Virtual space:
  Non-class space:       64.00 MB reserved,       3.62 MB (  6%) committed,  1 nodes.
      Class space:        1.00 GB reserved,     320.00 KB ( <1%) committed,  1 nodes.
             Both:        1.06 GB reserved,       3.94 MB ( <1%) committed. 

Chunk freelists:
   Non-Class:  12.00 MB
       Class:  15.62 MB
        Both:  27.62 MB

MaxMetaspaceSize: unlimited
CompressedClassSpaceSize: 1.00 GB
Initial GC threshold: 21.00 MB
Current GC threshold: 21.00 MB
CDS: off
 - commit_granule_bytes: 65536.
 - commit_granule_words: 8192.
 - virtual_space_node_default_size: 8388608.
 - enlarge_chunks_in_place: 1.
 - use_allocation_guard: 0.


Internal statistics:

num_allocs_failed_limit: 0.
num_arena_births: 2.
num_arena_deaths: 0.
num_vsnodes_births: 2.
num_vsnodes_deaths: 0.
num_space_committed: 63.
num_space_uncommitted: 0.
num_chunks_returned_to_freelist: 0.
num_chunks_taken_from_freelist: 4.
num_chunk_merges: 0.
num_chunk_splits: 2.
num_chunks_enlarged: 0.
num_inconsistent_stats: 0.

CodeHeap 'non-profiled nmethods': size=120000Kb used=6Kb max_used=6Kb free=119993Kb
 bounds [0x00000270b57d0000, 0x00000270b5a40000, 0x00000270bcd00000]
CodeHeap 'profiled nmethods': size=120000Kb used=53Kb max_used=53Kb free=119946Kb
 bounds [0x00000270add00000, 0x00000270adf70000, 0x00000270b5230000]
CodeHeap 'non-nmethods': size=5760Kb used=1234Kb max_used=1245Kb free=4525Kb
 bounds [0x00000270b5230000, 0x00000270b54a0000, 0x00000270b57d0000]
 total_blobs=340 nmethods=46 adapters=199
 compilation: enabled
              stopped_count=0, restarted_count=0
 full_count=0

Compilation events (20 events):
Event: 0.100 Thread 0x00000270c199d560 nmethod 37 0x00000270add0a390 code [0x00000270add0a520, 0x00000270add0a618]
Event: 0.100 Thread 0x00000270c199d560   35       3       java.lang.module.ModuleDescriptor$Exports::<init> (20 bytes)
Event: 0.100 Thread 0x00000270c199d560 nmethod 35 0x00000270add0a690 code [0x00000270add0a840, 0x00000270add0aab8]
Event: 0.100 Thread 0x00000270c199d560   38       3       java.util.AbstractCollection::<init> (5 bytes)
Event: 0.100 Thread 0x00000270c199d560 nmethod 38 0x00000270add0ab90 code [0x00000270add0ad20, 0x00000270add0ae88]
Event: 0.100 Thread 0x00000270c199d560   39       3       java.util.ImmutableCollections$AbstractImmutableCollection::<init> (5 bytes)
Event: 0.100 Thread 0x00000270c199d560 nmethod 39 0x00000270add0af90 code [0x00000270add0b140, 0x00000270add0b308]
Event: 0.100 Thread 0x00000270c199d560   40       3       java.util.ImmutableCollections$AbstractImmutableSet::<init> (5 bytes)
Event: 0.100 Thread 0x00000270c199d560 nmethod 40 0x00000270add0b410 code [0x00000270add0b5c0, 0x00000270add0b7e8]
Event: 0.101 Thread 0x00000270c199d560   41       3       java.lang.module.ModuleDescriptor::modsHashCode (43 bytes)
Event: 0.101 Thread 0x00000270c199d560 nmethod 41 0x00000270add0b910 code [0x00000270add0bb00, 0x00000270add0c028]
Event: 0.101 Thread 0x00000270c199d560   42       3       java.util.Set::of (68 bytes)
Event: 0.101 Thread 0x00000270c199d560 nmethod 42 0x00000270add0c210 code [0x00000270add0c440, 0x00000270add0cc30]
Event: 0.102 Thread 0x00000270c199c710 nmethod 36 0x00000270b57d0d10 code [0x00000270b57d0e80, 0x00000270b57d1038]
Event: 0.103 Thread 0x00000270c199d560   44       1       java.lang.module.ModuleDescriptor::name (5 bytes)
Event: 0.103 Thread 0x00000270c199d560 nmethod 44 0x00000270b57d1510 code [0x00000270b57d16a0, 0x00000270b57d1768]
Event: 0.103 Thread 0x00000270c199d560   46       3       java.net.URI::hash (33 bytes)
Event: 0.103 Thread 0x00000270c199d560 nmethod 46 0x00000270add0cf10 code [0x00000270add0d0e0, 0x00000270add0d3b8]
Event: 0.103 Thread 0x00000270c199d560   45       1       java.lang.module.ModuleReference::descriptor (5 bytes)
Event: 0.103 Thread 0x00000270c199d560 nmethod 45 0x00000270b57d1810 code [0x00000270b57d19a0, 0x00000270b57d1a68]

GC Heap History (0 events):
No events

Dll operation events (2 events):
Event: 0.008 Loaded shared library C:\Program Files\Java\jdk-21\bin\java.dll
Event: 0.075 Loaded shared library C:\Program Files\Java\jdk-21\bin\jsvml.dll

Deoptimization events (0 events):
No events

Classes loaded (20 events):
Event: 0.104 Loading class java/util/concurrent/ConcurrentHashMap$KeySetView
Event: 0.104 Loading class java/util/concurrent/ConcurrentHashMap$CollectionView
Event: 0.104 Loading class java/util/concurrent/ConcurrentHashMap$CollectionView done
Event: 0.104 Loading class java/util/concurrent/ConcurrentHashMap$KeySetView done
Event: 0.104 Loading class jdk/internal/loader/ArchivedClassLoaders
Event: 0.105 Loading class jdk/internal/loader/ArchivedClassLoaders done
Event: 0.105 Loading class jdk/internal/loader/ClassLoaders$BootClassLoader
Event: 0.105 Loading class jdk/internal/loader/ClassLoaders$BootClassLoader done
Event: 0.105 Loading class java/security/cert/Certificate
Event: 0.105 Loading class java/security/cert/Certificate done
Event: 0.105 Loading class java/lang/ClassLoader$ParallelLoaders
Event: 0.105 Loading class java/lang/ClassLoader$ParallelLoaders done
Event: 0.105 Loading class java/util/WeakHashMap
Event: 0.105 Loading class java/util/WeakHashMap done
Event: 0.105 Loading class java/util/WeakHashMap$Entry
Event: 0.105 Loading class java/util/WeakHashMap$Entry done
Event: 0.105 Loading class java/util/Collections$SetFromMap
Event: 0.106 Loading class java/util/Collections$SetFromMap done
Event: 0.106 Loading class java/util/WeakHashMap$KeySet
Event: 0.106 Loading class java/util/WeakHashMap$KeySet done

Classes unloaded (0 events):
No events

Classes redefined (0 events):
No events

Internal exceptions (0 events):
No events

ZGC Phase Switch (0 events):
No events

VM Operations (0 events):
No events

Events (9 events):
Event: 0.012 Thread 0x00000270a36f5ac0 Thread added: 0x00000270a36f5ac0
Event: 0.071 Thread 0x00000270c19b37b0 Thread added: 0x00000270c19b37b0
Event: 0.071 Thread 0x00000270c19b40e0 Thread added: 0x00000270c19b40e0
Event: 0.073 Thread 0x00000270c19a6ce0 Thread added: 0x00000270c19a6ce0
Event: 0.073 Thread 0x00000270c19a8750 Thread added: 0x00000270c19a8750
Event: 0.073 Thread 0x00000270c19a91b0 Thread added: 0x00000270c19a91b0
Event: 0.073 Thread 0x00000270c19aa3b0 Thread added: 0x00000270c19aa3b0
Event: 0.073 Thread 0x00000270c199c710 Thread added: 0x00000270c199c710
Event: 0.073 Thread 0x00000270c199d560 Thread added: 0x00000270c199d560


Dynamic libraries:
0x00007ff6e1b30000 - 0x00007ff6e1b40000 	C:\Program Files\Java\jdk-21\bin\java.exe
0x00007ffc0b8b0000 - 0x00007ffc0bac7000 	C:\WINDOWS\SYSTEM32\ntdll.dll
0x00007ffc0a370000 - 0x00007ffc0a434000 	C:\WINDOWS\System32\KERNEL32.DLL
0x00007ffc08e70000 - 0x00007ffc09227000 	C:\WINDOWS\System32\KERNELBASE.dll
0x00007ffc08ce0000 - 0x00007ffc08df1000 	C:\WINDOWS\System32\ucrtbase.dll
0x00007ffbfcc30000 - 0x00007ffbfcc4b000 	C:\Program Files\Java\jdk-21\bin\VCRUNTIME140.dll
0x00007ffbfca60000 - 0x00007ffbfca79000 	C:\Program Files\Java\jdk-21\bin\jli.dll
0x00007ffc095e0000 - 0x00007ffc09692000 	C:\WINDOWS\System32\ADVAPI32.dll
0x00007ffc0b7c0000 - 0x00007ffc0b867000 	C:\WINDOWS\System32\msvcrt.dll
0x00007ffc0a160000 - 0x00007ffc0a208000 	C:\WINDOWS\System32\sechost.dll
0x00007ffc092f0000 - 0x00007ffc09318000 	C:\WINDOWS\System32\bcrypt.dll
0x00007ffc09d00000 - 0x00007ffc09e14000 	C:\WINDOWS\System32\RPCRT4.dll
0x00007ffc0b450000 - 0x00007ffc0b5ff000 	C:\WINDOWS\System32\USER32.dll
0x00007ffbea8a0000 - 0x00007ffbeab33000 	C:\WINDOWS\WinSxS\amd64_microsoft.windows.common-controls_6595b64144ccf1df_6.0.22621.3672_none_2713b9d173822955\COMCTL32.dll
0x00007ffc09320000 - 0x00007ffc09346000 	C:\WINDOWS\System32\win32u.dll
0x00007ffc0a130000 - 0x00007ffc0a159000 	C:\WINDOWS\System32\GDI32.dll
0x00007ffc08bc0000 - 0x00007ffc08cd8000 	C:\WINDOWS\System32\gdi32full.dll
0x00007ffc09540000 - 0x00007ffc095da000 	C:\WINDOWS\System32\msvcp_win.dll
0x00007ffc00f00000 - 0x00007ffc00f0a000 	C:\WINDOWS\SYSTEM32\VERSION.dll
0x00007ffc09c90000 - 0x00007ffc09cc1000 	C:\WINDOWS\System32\IMM32.DLL
0x00007ffbe10c0000 - 0x00007ffbe10cc000 	C:\Program Files\Java\jdk-21\bin\vcruntime140_1.dll
0x00007ffbcdca0000 - 0x00007ffbcdd2e000 	C:\Program Files\Java\jdk-21\bin\msvcp140.dll
0x00007ffb4f670000 - 0x00007ffb50383000 	C:\Program Files\Java\jdk-21\bin\server\jvm.dll
0x00007ffc096a0000 - 0x00007ffc09711000 	C:\WINDOWS\System32\WS2_32.dll
0x00007ffc08490000 - 0x00007ffc084dd000 	C:\WINDOWS\SYSTEM32\POWRPROF.dll
0x00007ffc06940000 - 0x00007ffc06974000 	C:\WINDOWS\SYSTEM32\WINMM.dll
0x00007ffc08420000 - 0x00007ffc08433000 	C:\WINDOWS\SYSTEM32\UMPDC.dll
0x00007ffc07bd0000 - 0x00007ffc07be8000 	C:\WINDOWS\SYSTEM32\kernel.appcore.dll
0x00007ffbe0720000 - 0x00007ffbe072a000 	C:\Program Files\Java\jdk-21\bin\jimage.dll
0x00007ffc06380000 - 0x00007ffc065b2000 	C:\WINDOWS\SYSTEM32\DBGHELP.DLL
0x00007ffc09900000 - 0x00007ffc09c8e000 	C:\WINDOWS\System32\combase.dll
0x00007ffc09e20000 - 0x00007ffc09ef7000 	C:\WINDOWS\System32\OLEAUT32.dll
0x00007ffc004a0000 - 0x00007ffc004d2000 	C:\WINDOWS\SYSTEM32\dbgcore.DLL
0x00007ffc09350000 - 0x00007ffc093cb000 	C:\WINDOWS\System32\bcryptPrimitives.dll
0x00007ffbcde20000 - 0x00007ffbcde3f000 	C:\Program Files\Java\jdk-21\bin\java.dll
0x00007ffc0a440000 - 0x00007ffc0aca9000 	C:\WINDOWS\System32\SHELL32.dll
0x00007ffc06ae0000 - 0x00007ffc073df000 	C:\WINDOWS\SYSTEM32\windows.storage.dll
0x00007ffc069a0000 - 0x00007ffc06adf000 	C:\WINDOWS\SYSTEM32\wintypes.dll
0x00007ffc0b190000 - 0x00007ffc0b289000 	C:\WINDOWS\System32\SHCORE.dll
0x00007ffc098a0000 - 0x00007ffc098fe000 	C:\WINDOWS\System32\shlwapi.dll
0x00007ffc08af0000 - 0x00007ffc08b17000 	C:\WINDOWS\SYSTEM32\profapi.dll
0x00007ffb928d0000 - 0x00007ffb929a7000 	C:\Program Files\Java\jdk-21\bin\jsvml.dll

dbghelp: loaded successfully - version: 4.0.5 - missing functions: none
symbol engine: initialized successfully - sym options: 0x614 - pdb path: .;C:\Program Files\Java\jdk-21\bin;C:\WINDOWS\SYSTEM32;C:\WINDOWS\WinSxS\amd64_microsoft.windows.common-controls_6595b64144ccf1df_6.0.22621.3672_none_2713b9d173822955;C:\Program Files\Java\jdk-21\bin\server

VM Arguments:
jvm_args: -Dfile.encoding=UTF-8 -Duser.country=RU -Duser.language=ru -Duser.variant --module-path=C:\Users\011ko\IdeaProjects\javafx-intro\build\libs\javafx-intro-1.0-SNAPSHOT.jar;C:\Users\011ko\IdeaProjects\javafx-intro\build\classes\java\main;C:\Users\011ko\.gradle\caches\modules-2\files-2.1\org.jetbrains.kotlin\kotlin-stdlib\1.9.20\e58b4816ac517e9cc5df1db051120c63d4cde669\kotlin-stdlib-1.9.20.jar;C:\Users\011ko\.gradle\caches\modules-2\files-2.1\org.openjfx\javafx-fxml\21\4a1cd270e1ae03ae73110eb68622afd457c6f903\javafx-fxml-21-win.jar;C:\Users\011ko\.gradle\caches\modules-2\files-2.1\org.openjfx\javafx-web\21\f53cab2e01c28dd3a26d250145e1ddc86fcf125a\javafx-web-21-win.jar;C:\Users\011ko\.gradle\caches\modules-2\files-2.1\org.openjfx\javafx-controls\21\76e295d84578a3d9688e092aae3f2ff1cf3e83a9\javafx-controls-21-win.jar;C:\Users\011ko\.gradle\caches\modules-2\files-2.1\org.openjfx\javafx-controls\21\f290138dcff0ee5679eebd2096f29dfa1f7563c6\javafx-controls-21.jar;C:\Users\011ko\.gradle\caches\modules-2\files-2.1\org.openjfx\javafx-media\21\f5e89e981be5c3c6f316b6f8b7b49686cd7c6d58\javafx-media-21-win.jar;C:\Users\011ko\.gradle\caches\modules-2\files-2.1\org.openjfx\javafx-media\21\7767ab6303b3ebae213a0064ffd941ade8a6f92a\javafx-media-21.jar;C:\Users\011ko\.gradle\caches\modules-2\files-2.1\org.openjfx\javafx-swing\21\85c12ff6018b55276d3fef2bc83751ebfe3d58e5\javafx-swing-21-win.jar;C:\Users\011ko\.gradle\caches\modules-2\files-2.1\org.openjfx\javafx-graphics\21\8083d97ea236079c82cf8e3463b62990340346d4\javafx-graphics-21-win.jar;C:\Users\011ko\.gradle\caches\modules-2\files-2.1\org.openjfx\javafx-graphics\21\f8d0163c8bf9cffdcf2eac163446ea550b3051ca\javafx-graphics-21.jar;C:\Users\011ko\.gradle\caches\modules-2\files-2.1\org.openjfx\javafx-base\21\a7e334fbb619859e1010cad06ddcf16e774c87a0\javafx-base-21-win.jar;C:\Users\011ko\.gradle\caches\modules-2\files-2.1\org.openjfx\javafx-base\21\be7576df67c204d6d3f9c6c5d4db4e268ff22ff2\javafx-base-21.jar;C:\Users\011ko\.gradle\caches\modules-2\files-2.1\org.controlsfx\controlsfx\11.1.2\584bc3f468e2c33100fcdbb1da-Djdk.module.main=org.example.javafxintro 
java_command: org.example.javafxintro/org.example.javafxintro.HelloApplication
java_class_path (initial): C:\Users\011ko\IdeaProjects\javafx-intro\build\resources\main;C:\Users\011ko\.gradle\caches\modules-2\files-2.1\org.jetbrains\annotations\13.0\919f0dfe192fb4e063e7dacadee7f8bb9a2672a9\annotations-13.0.jar
Launcher Type: SUN_STANDARD

[Global flags]
     intx CICompilerCount                          = 3                                         {product} {ergonomic}
     uint ConcGCThreads                            = 1                                         {product} {ergonomic}
     uint G1ConcRefinementThreads                  = 4                                         {product} {ergonomic}
   size_t G1HeapRegionSize                         = 1048576                                   {product} {ergonomic}
    uintx GCDrainStackTargetSize                   = 64                                        {product} {ergonomic}
   size_t InitialHeapSize                          = 132120576                                 {product} {ergonomic}
   size_t MarkStackSize                            = 4194304                                   {product} {ergonomic}
   size_t MaxHeapSize                              = 2095054848                                {product} {ergonomic}
   size_t MaxNewSize                               = 1256194048                                {product} {ergonomic}
   size_t MinHeapDeltaBytes                        = 1048576                                   {product} {ergonomic}
   size_t MinHeapSize                              = 8388608                                   {product} {ergonomic}
    uintx NonNMethodCodeHeapSize                   = 5832780                                {pd product} {ergonomic}
    uintx NonProfiledCodeHeapSize                  = 122912730                              {pd product} {ergonomic}
    uintx ProfiledCodeHeapSize                     = 122912730                              {pd product} {ergonomic}
    uintx ReservedCodeCacheSize                    = 251658240                              {pd product} {ergonomic}
     bool SegmentedCodeCache                       = true                                      {product} {ergonomic}
   size_t SoftMaxHeapSize                          = 2095054848                             {manageable} {ergonomic}
     bool UseCompressedOops                        = true                           {product lp64_product} {ergonomic}
     bool UseG1GC                                  = true                                      {product} {ergonomic}
     bool UseLargePagesIndividualAllocation        = false                                  {pd product} {ergonomic}

Logging:
Log output configuration:
 #0: stdout all=warning uptime,level,tags foldmultilines=false
 #1: stderr all=off uptime,level,tags foldmultilines=false

Environment Variables:
PATH=C:\oraclexe\app\oracle\product\11.2.0\server\bin;;C:\Program Files\Common Files\Oracle\Java\javapath;C:\Program Files (x86)\Common Files\Oracle\Java\java8path;C:\Program Files (x86)\Common Files\Oracle\Java\javapath;C:\Windows\System32\HWAudioDriverLibs;C:\Windows\system32;C:\Windows;C:\Windows\System32\Wbem;C:\Windows\System32\WindowsPowerShell\v1.0\;C:\Windows\System32\OpenSSH\;C:\Users\Administrator\AppData\Local\Microsoft\WindowsApps;C:\WINDOWS\system32;C:\WINDOWS;C:\WINDOWS\System32\Wbem;C:\WINDOWS\System32\WindowsPowerShell\v1.0\;C:\WINDOWS\System32\OpenSSH\;C:\Program Files\nodejs\;C:\Program Files\Git\cmd;C:\Users\011ko\Documents\gradle-8.10-all\gradle-8.10\bin;C:\Program Files\AmneziaWG\;C:\Users\011ko\AppData\Local\Microsoft\WindowsApps;C:\Users\011ko\AppData\Local\Programs\Microsoft VS Code\bin;C:\Users\011ko\AppData\Roaming\npm;C:\Users\011ko\AppData\Local\GitHubDesktop\bin;C:\Users\011ko\Documents\gradle-8.10-all\gradle-8.10\bin;
USERNAME=011ko
OS=Windows_NT
PROCESSOR_IDENTIFIER=Intel64 Family 6 Model 140 Stepping 1, GenuineIntel
TMP=C:\Users\011ko\AppData\Local\Temp
TEMP=C:\Users\011ko\AppData\Local\Temp




Periodic native trim disabled

---------------  S Y S T E M  ---------------

OS:
 Windows 11 , 64 bit Build 22621 (10.0.22621.3958)
OS uptime: 5 days 12:16 hours
Hyper-V role detected

CPU: total 4 (initial active 4) (2 cores per cpu, 2 threads per core) family 6 model 140 stepping 1 microcode 0x8a, cx8, cmov, fxsr, ht, mmx, 3dnowpref, sse, sse2, sse3, ssse3, sse4.1, sse4.2, popcnt, lzcnt, tsc, tscinvbit, avx, avx2, aes, erms, clmul, bmi1, bmi2, adx, avx512f, avx512dq, avx512cd, avx512bw, avx512vl, sha, fma, vzeroupper, avx512_vpopcntdq, avx512_vpclmulqdq, avx512_vaes, avx512_vnni, clflush, clflushopt, clwb, avx512_vbmi2, avx512_vbmi, hv, rdtscp, rdpid, fsrm, gfni, avx512_bitalg, f16c, cet_ibt, cet_ss, avx512_ifma
Processor Information for all 4 processors :
  Max Mhz: 2995, Current Mhz: 2995, Mhz Limit: 2995

Memory: 4k page, system-wide physical 7991M (362M free)
TotalPageFile size 23351M (AvailPageFile size 0M)
current process WorkingSet (physical memory assigned to process): 27M, peak: 27M
current process commit charge ("private bytes"): 189M, peak: 189M

vm_info: Java HotSpot(TM) 64-Bit Server VM (21.0.4+8-LTS-274) for windows-amd64 JRE (21.0.4+8-LTS-274), built on 2024-06-05T05:23:33Z by "mach5one" with MS VC++ 17.6 (VS2022)

END.
