#
# There is insufficient memory for the Java Runtime Environment to continue.
# Native memory allocation (malloc) failed to allocate 460432 bytes for Chunk::new
# Possible reasons:
#   The system is out of physical RAM or swap space
#   The process is running with CompressedOops enabled, and the Java Heap may be blocking the growth of the native heap
# Possible solutions:
#   Reduce memory load on the system
#   Increase physical memory or swap space
#   Check if swap backing store is full
#   Decrease Java heap size (-Xmx/-Xms)
#   Decrease number of Java threads
#   Decrease Java thread stack sizes (-Xss)
#   Set larger code cache with -XX:ReservedCodeCacheSize=
#   JVM is running with Unscaled Compressed Oops mode in which the Java heap is
#     placed in the first 4GB address space. The Java Heap base address is the
#     maximum limit for the native heap growth. Please use -XX:HeapBaseMinAddress
#     to set the Java Heap base and to place the Java Heap above 4GB virtual address.
# This output file may be truncated or incomplete.
#
#  Out of Memory Error (arena.cpp:168), pid=27776, tid=13484
#
# JRE version: Java(TM) SE Runtime Environment (21.0.4+8) (build 21.0.4+8-LTS-274)
# Java VM: Java HotSpot(TM) 64-Bit Server VM (21.0.4+8-LTS-274, mixed mode, sharing, tiered, compressed oops, compressed class ptrs, g1 gc, windows-amd64)
# No core dump will be written. Minidumps are not enabled by default on client versions of Windows
#

---------------  S U M M A R Y ------------

Command Line: --add-opens=java.base/java.util=ALL-UNNAMED --add-opens=java.base/java.lang=ALL-UNNAMED --add-opens=java.base/java.lang.invoke=ALL-UNNAMED --add-opens=java.prefs/java.util.prefs=ALL-UNNAMED --add-opens=java.base/java.nio.charset=ALL-UNNAMED --add-opens=java.base/java.net=ALL-UNNAMED --add-opens=java.base/java.util.concurrent.atomic=ALL-UNNAMED -XX:MaxMetaspaceSize=384m -XX:+HeapDumpOnOutOfMemoryError -Xms256m -Xmx512m -Dfile.encoding=UTF-8 -Duser.country=RU -Duser.language=ru -Duser.variant -javaagent:C:\Users\011ko\.gradle\wrapper\dists\gradle-8.5-bin\5t9huq95ubn472n8rpzujfbqh\gradle-8.5\lib\agents\gradle-instrumentation-agent-8.5.jar org.gradle.launcher.daemon.bootstrap.GradleDaemon 8.5

Host: 11th Gen Intel(R) Core(TM) i3-1115G4 @ 3.00GHz, 4 cores, 7G,  Windows 11 , 64 bit Build 22621 (10.0.22621.3958)
Time: Wed Oct 23 00:01:39 2024 RTZ 6 (s 11 , 64 bit Build 22621 (10.0.22621.3958) elapsed time: 4.273399 seconds (0d 0h 0m 4s)

---------------  T H R E A D  ---------------

Current thread (0x0000024e7ada38c0):  JavaThread "C2 CompilerThread1" daemon [_thread_in_native, id=13484, stack(0x00000069c2500000,0x00000069c2600000) (1024K)]


Current CompileTask:
C2:   4273 2487   !   4       java.util.zip.InflaterInputStream::read (129 bytes)

Stack: [0x00000069c2500000,0x00000069c2600000]
Native frames: (J=compiled Java code, j=interpreted, Vv=VM code, C=native code)
V  [jvm.dll+0x6c8e59]
V  [jvm.dll+0x853181]
V  [jvm.dll+0x8556ae]
V  [jvm.dll+0x855d83]
V  [jvm.dll+0x27d526]
V  [jvm.dll+0xc4aad]
V  [jvm.dll+0xc4fe3]
V  [jvm.dll+0x3b400c]
V  [jvm.dll+0x1df439]
V  [jvm.dll+0x2463d2]
V  [jvm.dll+0x24585f]
V  [jvm.dll+0x1c69de]
V  [jvm.dll+0x254d49]
V  [jvm.dll+0x2532da]
V  [jvm.dll+0x3ed426]
V  [jvm.dll+0x7fd65b]
V  [jvm.dll+0x6c753d]
C  [ucrtbase.dll+0x29333]
C  [KERNEL32.DLL+0x1257d]
C  [ntdll.dll+0x5af08]


---------------  P R O C E S S  ---------------

Threads class SMR info:
_java_thread_list=0x0000024e7bc9c380, length=22, elements={
0x0000024e5b5d8c20, 0x0000024e7596bda0, 0x0000024e7596ccc0, 0x0000024e7596eb80,
0x0000024e759717e0, 0x0000024e75972330, 0x0000024e75972e80, 0x0000024e75975d10,
0x0000024e75ab0060, 0x0000024e7593d2e0, 0x0000024e75d0a120, 0x0000024e7ada38c0,
0x0000024e7b7bb010, 0x0000024e7a79fb90, 0x0000024e7b78bbf0, 0x0000024e7b810050,
0x0000024e7bcba470, 0x0000024e7ba8a8e0, 0x0000024e7b9efdc0, 0x0000024e7b9eea10,
0x0000024e7b9f0ae0, 0x0000024e7b9ef0a0
}

Java Threads: ( => current thread )
  0x0000024e5b5d8c20 JavaThread "main"                              [_thread_blocked, id=13512, stack(0x00000069c1300000,0x00000069c1400000) (1024K)]
  0x0000024e7596bda0 JavaThread "Reference Handler"          daemon [_thread_blocked, id=27572, stack(0x00000069c1b00000,0x00000069c1c00000) (1024K)]
  0x0000024e7596ccc0 JavaThread "Finalizer"                  daemon [_thread_blocked, id=26632, stack(0x00000069c1c00000,0x00000069c1d00000) (1024K)]
  0x0000024e7596eb80 JavaThread "Signal Dispatcher"          daemon [_thread_blocked, id=16312, stack(0x00000069c1d00000,0x00000069c1e00000) (1024K)]
  0x0000024e759717e0 JavaThread "Attach Listener"            daemon [_thread_blocked, id=13568, stack(0x00000069c1e00000,0x00000069c1f00000) (1024K)]
  0x0000024e75972330 JavaThread "Service Thread"             daemon [_thread_blocked, id=22736, stack(0x00000069c1f00000,0x00000069c2000000) (1024K)]
  0x0000024e75972e80 JavaThread "Monitor Deflation Thread"   daemon [_thread_blocked, id=25928, stack(0x00000069c2000000,0x00000069c2100000) (1024K)]
  0x0000024e75975d10 JavaThread "C2 CompilerThread0"         daemon [_thread_in_native, id=6128, stack(0x00000069c2100000,0x00000069c2200000) (1024K)]
  0x0000024e75ab0060 JavaThread "C1 CompilerThread0"         daemon [_thread_blocked, id=24656, stack(0x00000069c2200000,0x00000069c2300000) (1024K)]
  0x0000024e7593d2e0 JavaThread "Common-Cleaner"             daemon [_thread_blocked, id=28184, stack(0x00000069c2300000,0x00000069c2400000) (1024K)]
  0x0000024e75d0a120 JavaThread "Notification Thread"        daemon [_thread_blocked, id=25480, stack(0x00000069c2400000,0x00000069c2500000) (1024K)]
=>0x0000024e7ada38c0 JavaThread "C2 CompilerThread1"         daemon [_thread_in_native, id=13484, stack(0x00000069c2500000,0x00000069c2600000) (1024K)]
  0x0000024e7b7bb010 JavaThread "Daemon health stats"               [_thread_blocked, id=6748, stack(0x00000069c2900000,0x00000069c2a00000) (1024K)]
  0x0000024e7a79fb90 JavaThread "Incoming local TCP Connector on port 58447"        [_thread_in_native, id=26212, stack(0x00000069c2a00000,0x00000069c2b00000) (1024K)]
  0x0000024e7b78bbf0 JavaThread "Daemon periodic checks"            [_thread_blocked, id=21288, stack(0x00000069c2b00000,0x00000069c2c00000) (1024K)]
  0x0000024e7b810050 JavaThread "Daemon"                            [_thread_blocked, id=28676, stack(0x00000069c2c00000,0x00000069c2d00000) (1024K)]
  0x0000024e7bcba470 JavaThread "Handler for socket connection from /127.0.0.1:58447 to /127.0.0.1:58448"        [_thread_in_native, id=26408, stack(0x00000069c2d00000,0x00000069c2e00000) (1024K)]
  0x0000024e7ba8a8e0 JavaThread "Cancel handler"                    [_thread_blocked, id=27108, stack(0x00000069c2e00000,0x00000069c2f00000) (1024K)]
  0x0000024e7b9efdc0 JavaThread "Daemon worker"                     [_thread_in_vm, id=2968, stack(0x00000069c2f00000,0x00000069c3000000) (1024K)]
  0x0000024e7b9eea10 JavaThread "Asynchronous log dispatcher for DefaultDaemonConnection: socket connection from /127.0.0.1:58447 to /127.0.0.1:58448"        [_thread_blocked, id=2476, stack(0x00000069c3000000,0x00000069c3100000) (1024K)]
  0x0000024e7b9f0ae0 JavaThread "Stdin handler"                     [_thread_blocked, id=12164, stack(0x00000069c3100000,0x00000069c3200000) (1024K)]
  0x0000024e7b9ef0a0 JavaThread "Daemon client event forwarder"        [_thread_blocked, id=26252, stack(0x00000069c3200000,0x00000069c3300000) (1024K)]
Total: 22

Other Threads:
  0x0000024e759519a0 VMThread "VM Thread"                           [id=5212, stack(0x00000069c1a00000,0x00000069c1b00000) (1024K)]
  0x0000024e7593c820 WatcherThread "VM Periodic Task Thread"        [id=21472, stack(0x00000069c1900000,0x00000069c1a00000) (1024K)]
  0x0000024e5b603eb0 WorkerThread "GC Thread#0"                     [id=4308, stack(0x00000069c1400000,0x00000069c1500000) (1024K)]
  0x0000024e75e63d20 WorkerThread "GC Thread#1"                     [id=12772, stack(0x00000069c2600000,0x00000069c2700000) (1024K)]
  0x0000024e7a13bac0 WorkerThread "GC Thread#2"                     [id=10756, stack(0x00000069c2700000,0x00000069c2800000) (1024K)]
  0x0000024e7a13be60 WorkerThread "GC Thread#3"                     [id=16664, stack(0x00000069c2800000,0x00000069c2900000) (1024K)]
  0x0000024e5b609040 ConcurrentGCThread "G1 Main Marker"            [id=27072, stack(0x00000069c1500000,0x00000069c1600000) (1024K)]
  0x0000024e5b609b40 WorkerThread "G1 Conc#0"                       [id=20640, stack(0x00000069c1600000,0x00000069c1700000) (1024K)]
  0x0000024e7580f1a0 ConcurrentGCThread "G1 Refine#0"               [id=11000, stack(0x00000069c1700000,0x00000069c1800000) (1024K)]
  0x0000024e7580fc20 ConcurrentGCThread "G1 Service"                [id=4764, stack(0x00000069c1800000,0x00000069c1900000) (1024K)]
Total: 10

Threads with active compile tasks:
C2 CompilerThread0     4290 2511       4       jdk.internal.org.objectweb.asm.SymbolTable::addConstantUtf8Reference (101 bytes)
C2 CompilerThread1     4290 2487   !   4       java.util.zip.InflaterInputStream::read (129 bytes)
Total: 2

VM state: not at safepoint (normal execution)

VM Mutex/Monitor currently owned by a thread:  ([mutex/lock_event])
[0x00007ffb502a5e18] Metaspace_lock - owner thread: 0x0000024e7b9efdc0

Heap address: 0x00000000e0000000, size: 512 MB, Compressed Oops mode: 32-bit

CDS archive(s) mapped at: [0x0000024e00000000-0x0000024e00c90000-0x0000024e00c90000), size 13172736, SharedBaseAddress: 0x0000024e00000000, ArchiveRelocationMode: 1.
Compressed class space mapped at: 0x0000024e01000000-0x0000024e15000000, reserved size: 335544320
Narrow klass base: 0x0000024e00000000, Narrow klass shift: 0, Narrow klass range: 0x100000000

GC Precious Log:
 CardTable entry size: 512
 Card Set container configuration: InlinePtr #cards 5 size 8 Array Of Cards #cards 12 size 40 Howl #buckets 4 coarsen threshold 1843 Howl Bitmap #cards 512 size 80 coarsen threshold 460 Card regions per heap region 1 cards per card region 2048
 CPUs: 4 total, 4 available
 Memory: 7991M
 Large Page Support: Disabled
 NUMA Support: Disabled
 Compressed Oops: Enabled (32-bit)
 Heap Region Size: 1M
 Heap Min Capacity: 256M
 Heap Initial Capacity: 256M
 Heap Max Capacity: 512M
 Pre-touch: Disabled
 Parallel Workers: 4
 Concurrent Workers: 1
 Concurrent Refinement Workers: 4
 Periodic GC: Disabled

Heap:
 garbage-first heap   total 262144K, used 62208K [0x00000000e0000000, 0x0000000100000000)
  region size 1024K, 51 young (52224K), 4 survivors (4096K)
 Metaspace       used 14289K, committed 14656K, reserved 393216K
  class space    used 1941K, committed 2112K, reserved 327680K

Heap Regions: E=young(eden), S=young(survivor), O=old, HS=humongous(starts), HC=humongous(continues), CS=collection set, F=free, TAMS=top-at-mark-start, PB=parsable bottom
|   0|0x00000000e0000000, 0x00000000e0100000, 0x00000000e0100000|100%| O|  |TAMS 0x00000000e0000000| PB 0x00000000e0000000| Untracked 
|   1|0x00000000e0100000, 0x00000000e0200000, 0x00000000e0200000|100%|HS|  |TAMS 0x00000000e0100000| PB 0x00000000e0100000| Complete 
|   2|0x00000000e0200000, 0x00000000e0300000, 0x00000000e0300000|100%|HC|  |TAMS 0x00000000e0200000| PB 0x00000000e0200000| Complete 
|   3|0x00000000e0300000, 0x00000000e0400000, 0x00000000e0400000|100%|HC|  |TAMS 0x00000000e0300000| PB 0x00000000e0300000| Complete 
|   4|0x00000000e0400000, 0x00000000e0500000, 0x00000000e0500000|100%|HC|  |TAMS 0x00000000e0400000| PB 0x00000000e0400000| Complete 
|   5|0x00000000e0500000, 0x00000000e0600000, 0x00000000e0600000|100%| O|  |TAMS 0x00000000e0500000| PB 0x00000000e0500000| Untracked 
|   6|0x00000000e0600000, 0x00000000e0700000, 0x00000000e0700000|100%| O|  |TAMS 0x00000000e0600000| PB 0x00000000e0600000| Untracked 
|   7|0x00000000e0700000, 0x00000000e0800000, 0x00000000e0800000|100%| O|  |TAMS 0x00000000e0700000| PB 0x00000000e0700000| Untracked 
|   8|0x00000000e0800000, 0x00000000e0800000, 0x00000000e0900000|  0%| F|  |TAMS 0x00000000e0800000| PB 0x00000000e0800000| Untracked 
|   9|0x00000000e0900000, 0x00000000e0a00000, 0x00000000e0a00000|100%| O|  |TAMS 0x00000000e0900000| PB 0x00000000e0900000| Untracked 
|  10|0x00000000e0a00000, 0x00000000e0b00000, 0x00000000e0b00000|100%| O|  |TAMS 0x00000000e0a00000| PB 0x00000000e0a00000| Untracked 
|  11|0x00000000e0b00000, 0x00000000e0bc02b0, 0x00000000e0c00000| 75%| O|  |TAMS 0x00000000e0b00000| PB 0x00000000e0b00000| Untracked 
|  12|0x00000000e0c00000, 0x00000000e0c00000, 0x00000000e0d00000|  0%| F|  |TAMS 0x00000000e0c00000| PB 0x00000000e0c00000| Untracked 
|  13|0x00000000e0d00000, 0x00000000e0d00000, 0x00000000e0e00000|  0%| F|  |TAMS 0x00000000e0d00000| PB 0x00000000e0d00000| Untracked 
|  14|0x00000000e0e00000, 0x00000000e0e00000, 0x00000000e0f00000|  0%| F|  |TAMS 0x00000000e0e00000| PB 0x00000000e0e00000| Untracked 
|  15|0x00000000e0f00000, 0x00000000e0f00000, 0x00000000e1000000|  0%| F|  |TAMS 0x00000000e0f00000| PB 0x00000000e0f00000| Untracked 
|  16|0x00000000e1000000, 0x00000000e1000000, 0x00000000e1100000|  0%| F|  |TAMS 0x00000000e1000000| PB 0x00000000e1000000| Untracked 
|  17|0x00000000e1100000, 0x00000000e1100000, 0x00000000e1200000|  0%| F|  |TAMS 0x00000000e1100000| PB 0x00000000e1100000| Untracked 
|  18|0x00000000e1200000, 0x00000000e1200000, 0x00000000e1300000|  0%| F|  |TAMS 0x00000000e1200000| PB 0x00000000e1200000| Untracked 
|  19|0x00000000e1300000, 0x00000000e1300000, 0x00000000e1400000|  0%| F|  |TAMS 0x00000000e1300000| PB 0x00000000e1300000| Untracked 
|  20|0x00000000e1400000, 0x00000000e1400000, 0x00000000e1500000|  0%| F|  |TAMS 0x00000000e1400000| PB 0x00000000e1400000| Untracked 
|  21|0x00000000e1500000, 0x00000000e1500000, 0x00000000e1600000|  0%| F|  |TAMS 0x00000000e1500000| PB 0x00000000e1500000| Untracked 
|  22|0x00000000e1600000, 0x00000000e1600000, 0x00000000e1700000|  0%| F|  |TAMS 0x00000000e1600000| PB 0x00000000e1600000| Untracked 
|  23|0x00000000e1700000, 0x00000000e1700000, 0x00000000e1800000|  0%| F|  |TAMS 0x00000000e1700000| PB 0x00000000e1700000| Untracked 
|  24|0x00000000e1800000, 0x00000000e1800000, 0x00000000e1900000|  0%| F|  |TAMS 0x00000000e1800000| PB 0x00000000e1800000| Untracked 
|  25|0x00000000e1900000, 0x00000000e1900000, 0x00000000e1a00000|  0%| F|  |TAMS 0x00000000e1900000| PB 0x00000000e1900000| Untracked 
|  26|0x00000000e1a00000, 0x00000000e1a00000, 0x00000000e1b00000|  0%| F|  |TAMS 0x00000000e1a00000| PB 0x00000000e1a00000| Untracked 
|  27|0x00000000e1b00000, 0x00000000e1b00000, 0x00000000e1c00000|  0%| F|  |TAMS 0x00000000e1b00000| PB 0x00000000e1b00000| Untracked 
|  28|0x00000000e1c00000, 0x00000000e1c00000, 0x00000000e1d00000|  0%| F|  |TAMS 0x00000000e1c00000| PB 0x00000000e1c00000| Untracked 
|  29|0x00000000e1d00000, 0x00000000e1d00000, 0x00000000e1e00000|  0%| F|  |TAMS 0x00000000e1d00000| PB 0x00000000e1d00000| Untracked 
|  30|0x00000000e1e00000, 0x00000000e1e00000, 0x00000000e1f00000|  0%| F|  |TAMS 0x00000000e1e00000| PB 0x00000000e1e00000| Untracked 
|  31|0x00000000e1f00000, 0x00000000e1f00000, 0x00000000e2000000|  0%| F|  |TAMS 0x00000000e1f00000| PB 0x00000000e1f00000| Untracked 
|  32|0x00000000e2000000, 0x00000000e2000000, 0x00000000e2100000|  0%| F|  |TAMS 0x00000000e2000000| PB 0x00000000e2000000| Untracked 
|  33|0x00000000e2100000, 0x00000000e2100000, 0x00000000e2200000|  0%| F|  |TAMS 0x00000000e2100000| PB 0x00000000e2100000| Untracked 
|  34|0x00000000e2200000, 0x00000000e2200000, 0x00000000e2300000|  0%| F|  |TAMS 0x00000000e2200000| PB 0x00000000e2200000| Untracked 
|  35|0x00000000e2300000, 0x00000000e2300000, 0x00000000e2400000|  0%| F|  |TAMS 0x00000000e2300000| PB 0x00000000e2300000| Untracked 
|  36|0x00000000e2400000, 0x00000000e2400000, 0x00000000e2500000|  0%| F|  |TAMS 0x00000000e2400000| PB 0x00000000e2400000| Untracked 
|  37|0x00000000e2500000, 0x00000000e2500000, 0x00000000e2600000|  0%| F|  |TAMS 0x00000000e2500000| PB 0x00000000e2500000| Untracked 
|  38|0x00000000e2600000, 0x00000000e2600000, 0x00000000e2700000|  0%| F|  |TAMS 0x00000000e2600000| PB 0x00000000e2600000| Untracked 
|  39|0x00000000e2700000, 0x00000000e2700000, 0x00000000e2800000|  0%| F|  |TAMS 0x00000000e2700000| PB 0x00000000e2700000| Untracked 
|  40|0x00000000e2800000, 0x00000000e2800000, 0x00000000e2900000|  0%| F|  |TAMS 0x00000000e2800000| PB 0x00000000e2800000| Untracked 
|  41|0x00000000e2900000, 0x00000000e2900000, 0x00000000e2a00000|  0%| F|  |TAMS 0x00000000e2900000| PB 0x00000000e2900000| Untracked 
|  42|0x00000000e2a00000, 0x00000000e2a00000, 0x00000000e2b00000|  0%| F|  |TAMS 0x00000000e2a00000| PB 0x00000000e2a00000| Untracked 
|  43|0x00000000e2b00000, 0x00000000e2b00000, 0x00000000e2c00000|  0%| F|  |TAMS 0x00000000e2b00000| PB 0x00000000e2b00000| Untracked 
|  44|0x00000000e2c00000, 0x00000000e2c00000, 0x00000000e2d00000|  0%| F|  |TAMS 0x00000000e2c00000| PB 0x00000000e2c00000| Untracked 
|  45|0x00000000e2d00000, 0x00000000e2d00000, 0x00000000e2e00000|  0%| F|  |TAMS 0x00000000e2d00000| PB 0x00000000e2d00000| Untracked 
|  46|0x00000000e2e00000, 0x00000000e2e00000, 0x00000000e2f00000|  0%| F|  |TAMS 0x00000000e2e00000| PB 0x00000000e2e00000| Untracked 
|  47|0x00000000e2f00000, 0x00000000e2f00000, 0x00000000e3000000|  0%| F|  |TAMS 0x00000000e2f00000| PB 0x00000000e2f00000| Untracked 
|  48|0x00000000e3000000, 0x00000000e3000000, 0x00000000e3100000|  0%| F|  |TAMS 0x00000000e3000000| PB 0x00000000e3000000| Untracked 
|  49|0x00000000e3100000, 0x00000000e3100000, 0x00000000e3200000|  0%| F|  |TAMS 0x00000000e3100000| PB 0x00000000e3100000| Untracked 
|  50|0x00000000e3200000, 0x00000000e3200000, 0x00000000e3300000|  0%| F|  |TAMS 0x00000000e3200000| PB 0x00000000e3200000| Untracked 
|  51|0x00000000e3300000, 0x00000000e3300000, 0x00000000e3400000|  0%| F|  |TAMS 0x00000000e3300000| PB 0x00000000e3300000| Untracked 
|  52|0x00000000e3400000, 0x00000000e3400000, 0x00000000e3500000|  0%| F|  |TAMS 0x00000000e3400000| PB 0x00000000e3400000| Untracked 
|  53|0x00000000e3500000, 0x00000000e3500000, 0x00000000e3600000|  0%| F|  |TAMS 0x00000000e3500000| PB 0x00000000e3500000| Untracked 
|  54|0x00000000e3600000, 0x00000000e3600000, 0x00000000e3700000|  0%| F|  |TAMS 0x00000000e3600000| PB 0x00000000e3600000| Untracked 
|  55|0x00000000e3700000, 0x00000000e3700000, 0x00000000e3800000|  0%| F|  |TAMS 0x00000000e3700000| PB 0x00000000e3700000| Untracked 
|  56|0x00000000e3800000, 0x00000000e3800000, 0x00000000e3900000|  0%| F|  |TAMS 0x00000000e3800000| PB 0x00000000e3800000| Untracked 
|  57|0x00000000e3900000, 0x00000000e3900000, 0x00000000e3a00000|  0%| F|  |TAMS 0x00000000e3900000| PB 0x00000000e3900000| Untracked 
|  58|0x00000000e3a00000, 0x00000000e3a00000, 0x00000000e3b00000|  0%| F|  |TAMS 0x00000000e3a00000| PB 0x00000000e3a00000| Untracked 
|  59|0x00000000e3b00000, 0x00000000e3b00000, 0x00000000e3c00000|  0%| F|  |TAMS 0x00000000e3b00000| PB 0x00000000e3b00000| Untracked 
|  60|0x00000000e3c00000, 0x00000000e3c00000, 0x00000000e3d00000|  0%| F|  |TAMS 0x00000000e3c00000| PB 0x00000000e3c00000| Untracked 
|  61|0x00000000e3d00000, 0x00000000e3d00000, 0x00000000e3e00000|  0%| F|  |TAMS 0x00000000e3d00000| PB 0x00000000e3d00000| Untracked 
|  62|0x00000000e3e00000, 0x00000000e3e00000, 0x00000000e3f00000|  0%| F|  |TAMS 0x00000000e3e00000| PB 0x00000000e3e00000| Untracked 
|  63|0x00000000e3f00000, 0x00000000e3f00000, 0x00000000e4000000|  0%| F|  |TAMS 0x00000000e3f00000| PB 0x00000000e3f00000| Untracked 
|  64|0x00000000e4000000, 0x00000000e4000000, 0x00000000e4100000|  0%| F|  |TAMS 0x00000000e4000000| PB 0x00000000e4000000| Untracked 
|  65|0x00000000e4100000, 0x00000000e4100000, 0x00000000e4200000|  0%| F|  |TAMS 0x00000000e4100000| PB 0x00000000e4100000| Untracked 
|  66|0x00000000e4200000, 0x00000000e4200000, 0x00000000e4300000|  0%| F|  |TAMS 0x00000000e4200000| PB 0x00000000e4200000| Untracked 
|  67|0x00000000e4300000, 0x00000000e4300000, 0x00000000e4400000|  0%| F|  |TAMS 0x00000000e4300000| PB 0x00000000e4300000| Untracked 
|  68|0x00000000e4400000, 0x00000000e4400000, 0x00000000e4500000|  0%| F|  |TAMS 0x00000000e4400000| PB 0x00000000e4400000| Untracked 
|  69|0x00000000e4500000, 0x00000000e4500000, 0x00000000e4600000|  0%| F|  |TAMS 0x00000000e4500000| PB 0x00000000e4500000| Untracked 
|  70|0x00000000e4600000, 0x00000000e4600000, 0x00000000e4700000|  0%| F|  |TAMS 0x00000000e4600000| PB 0x00000000e4600000| Untracked 
|  71|0x00000000e4700000, 0x00000000e4700000, 0x00000000e4800000|  0%| F|  |TAMS 0x00000000e4700000| PB 0x00000000e4700000| Untracked 
|  72|0x00000000e4800000, 0x00000000e4800000, 0x00000000e4900000|  0%| F|  |TAMS 0x00000000e4800000| PB 0x00000000e4800000| Untracked 
|  73|0x00000000e4900000, 0x00000000e4900000, 0x00000000e4a00000|  0%| F|  |TAMS 0x00000000e4900000| PB 0x00000000e4900000| Untracked 
|  74|0x00000000e4a00000, 0x00000000e4a00000, 0x00000000e4b00000|  0%| F|  |TAMS 0x00000000e4a00000| PB 0x00000000e4a00000| Untracked 
|  75|0x00000000e4b00000, 0x00000000e4b00000, 0x00000000e4c00000|  0%| F|  |TAMS 0x00000000e4b00000| PB 0x00000000e4b00000| Untracked 
|  76|0x00000000e4c00000, 0x00000000e4c00000, 0x00000000e4d00000|  0%| F|  |TAMS 0x00000000e4c00000| PB 0x00000000e4c00000| Untracked 
|  77|0x00000000e4d00000, 0x00000000e4d00000, 0x00000000e4e00000|  0%| F|  |TAMS 0x00000000e4d00000| PB 0x00000000e4d00000| Untracked 
|  78|0x00000000e4e00000, 0x00000000e4e00000, 0x00000000e4f00000|  0%| F|  |TAMS 0x00000000e4e00000| PB 0x00000000e4e00000| Untracked 
|  79|0x00000000e4f00000, 0x00000000e4f00000, 0x00000000e5000000|  0%| F|  |TAMS 0x00000000e4f00000| PB 0x00000000e4f00000| Untracked 
|  80|0x00000000e5000000, 0x00000000e5000000, 0x00000000e5100000|  0%| F|  |TAMS 0x00000000e5000000| PB 0x00000000e5000000| Untracked 
|  81|0x00000000e5100000, 0x00000000e5100000, 0x00000000e5200000|  0%| F|  |TAMS 0x00000000e5100000| PB 0x00000000e5100000| Untracked 
|  82|0x00000000e5200000, 0x00000000e5200000, 0x00000000e5300000|  0%| F|  |TAMS 0x00000000e5200000| PB 0x00000000e5200000| Untracked 
|  83|0x00000000e5300000, 0x00000000e5300000, 0x00000000e5400000|  0%| F|  |TAMS 0x00000000e5300000| PB 0x00000000e5300000| Untracked 
|  84|0x00000000e5400000, 0x00000000e5400000, 0x00000000e5500000|  0%| F|  |TAMS 0x00000000e5400000| PB 0x00000000e5400000| Untracked 
|  85|0x00000000e5500000, 0x00000000e5500000, 0x00000000e5600000|  0%| F|  |TAMS 0x00000000e5500000| PB 0x00000000e5500000| Untracked 
|  86|0x00000000e5600000, 0x00000000e5600000, 0x00000000e5700000|  0%| F|  |TAMS 0x00000000e5600000| PB 0x00000000e5600000| Untracked 
|  87|0x00000000e5700000, 0x00000000e5700000, 0x00000000e5800000|  0%| F|  |TAMS 0x00000000e5700000| PB 0x00000000e5700000| Untracked 
|  88|0x00000000e5800000, 0x00000000e5800000, 0x00000000e5900000|  0%| F|  |TAMS 0x00000000e5800000| PB 0x00000000e5800000| Untracked 
|  89|0x00000000e5900000, 0x00000000e5900000, 0x00000000e5a00000|  0%| F|  |TAMS 0x00000000e5900000| PB 0x00000000e5900000| Untracked 
|  90|0x00000000e5a00000, 0x00000000e5a00000, 0x00000000e5b00000|  0%| F|  |TAMS 0x00000000e5a00000| PB 0x00000000e5a00000| Untracked 
|  91|0x00000000e5b00000, 0x00000000e5b00000, 0x00000000e5c00000|  0%| F|  |TAMS 0x00000000e5b00000| PB 0x00000000e5b00000| Untracked 
|  92|0x00000000e5c00000, 0x00000000e5c00000, 0x00000000e5d00000|  0%| F|  |TAMS 0x00000000e5c00000| PB 0x00000000e5c00000| Untracked 
|  93|0x00000000e5d00000, 0x00000000e5d00000, 0x00000000e5e00000|  0%| F|  |TAMS 0x00000000e5d00000| PB 0x00000000e5d00000| Untracked 
|  94|0x00000000e5e00000, 0x00000000e5e00000, 0x00000000e5f00000|  0%| F|  |TAMS 0x00000000e5e00000| PB 0x00000000e5e00000| Untracked 
|  95|0x00000000e5f00000, 0x00000000e5f00000, 0x00000000e6000000|  0%| F|  |TAMS 0x00000000e5f00000| PB 0x00000000e5f00000| Untracked 
|  96|0x00000000e6000000, 0x00000000e6000000, 0x00000000e6100000|  0%| F|  |TAMS 0x00000000e6000000| PB 0x00000000e6000000| Untracked 
|  97|0x00000000e6100000, 0x00000000e6100000, 0x00000000e6200000|  0%| F|  |TAMS 0x00000000e6100000| PB 0x00000000e6100000| Untracked 
|  98|0x00000000e6200000, 0x00000000e6200000, 0x00000000e6300000|  0%| F|  |TAMS 0x00000000e6200000| PB 0x00000000e6200000| Untracked 
|  99|0x00000000e6300000, 0x00000000e6300000, 0x00000000e6400000|  0%| F|  |TAMS 0x00000000e6300000| PB 0x00000000e6300000| Untracked 
| 100|0x00000000e6400000, 0x00000000e6400000, 0x00000000e6500000|  0%| F|  |TAMS 0x00000000e6400000| PB 0x00000000e6400000| Untracked 
| 101|0x00000000e6500000, 0x00000000e6500000, 0x00000000e6600000|  0%| F|  |TAMS 0x00000000e6500000| PB 0x00000000e6500000| Untracked 
| 102|0x00000000e6600000, 0x00000000e6600000, 0x00000000e6700000|  0%| F|  |TAMS 0x00000000e6600000| PB 0x00000000e6600000| Untracked 
| 103|0x00000000e6700000, 0x00000000e6700000, 0x00000000e6800000|  0%| F|  |TAMS 0x00000000e6700000| PB 0x00000000e6700000| Untracked 
| 104|0x00000000e6800000, 0x00000000e6800000, 0x00000000e6900000|  0%| F|  |TAMS 0x00000000e6800000| PB 0x00000000e6800000| Untracked 
| 105|0x00000000e6900000, 0x00000000e6900000, 0x00000000e6a00000|  0%| F|  |TAMS 0x00000000e6900000| PB 0x00000000e6900000| Untracked 
| 106|0x00000000e6a00000, 0x00000000e6a00000, 0x00000000e6b00000|  0%| F|  |TAMS 0x00000000e6a00000| PB 0x00000000e6a00000| Untracked 
| 107|0x00000000e6b00000, 0x00000000e6b00000, 0x00000000e6c00000|  0%| F|  |TAMS 0x00000000e6b00000| PB 0x00000000e6b00000| Untracked 
| 108|0x00000000e6c00000, 0x00000000e6c00000, 0x00000000e6d00000|  0%| F|  |TAMS 0x00000000e6c00000| PB 0x00000000e6c00000| Untracked 
| 109|0x00000000e6d00000, 0x00000000e6d00000, 0x00000000e6e00000|  0%| F|  |TAMS 0x00000000e6d00000| PB 0x00000000e6d00000| Untracked 
| 110|0x00000000e6e00000, 0x00000000e6e00000, 0x00000000e6f00000|  0%| F|  |TAMS 0x00000000e6e00000| PB 0x00000000e6e00000| Untracked 
| 111|0x00000000e6f00000, 0x00000000e6f00000, 0x00000000e7000000|  0%| F|  |TAMS 0x00000000e6f00000| PB 0x00000000e6f00000| Untracked 
| 112|0x00000000e7000000, 0x00000000e7000000, 0x00000000e7100000|  0%| F|  |TAMS 0x00000000e7000000| PB 0x00000000e7000000| Untracked 
| 113|0x00000000e7100000, 0x00000000e7100000, 0x00000000e7200000|  0%| F|  |TAMS 0x00000000e7100000| PB 0x00000000e7100000| Untracked 
| 114|0x00000000e7200000, 0x00000000e7200000, 0x00000000e7300000|  0%| F|  |TAMS 0x00000000e7200000| PB 0x00000000e7200000| Untracked 
| 115|0x00000000e7300000, 0x00000000e7300000, 0x00000000e7400000|  0%| F|  |TAMS 0x00000000e7300000| PB 0x00000000e7300000| Untracked 
| 116|0x00000000e7400000, 0x00000000e7400000, 0x00000000e7500000|  0%| F|  |TAMS 0x00000000e7400000| PB 0x00000000e7400000| Untracked 
| 117|0x00000000e7500000, 0x00000000e7500000, 0x00000000e7600000|  0%| F|  |TAMS 0x00000000e7500000| PB 0x00000000e7500000| Untracked 
| 118|0x00000000e7600000, 0x00000000e7600000, 0x00000000e7700000|  0%| F|  |TAMS 0x00000000e7600000| PB 0x00000000e7600000| Untracked 
| 119|0x00000000e7700000, 0x00000000e7700000, 0x00000000e7800000|  0%| F|  |TAMS 0x00000000e7700000| PB 0x00000000e7700000| Untracked 
| 120|0x00000000e7800000, 0x00000000e7800000, 0x00000000e7900000|  0%| F|  |TAMS 0x00000000e7800000| PB 0x00000000e7800000| Untracked 
| 121|0x00000000e7900000, 0x00000000e7900000, 0x00000000e7a00000|  0%| F|  |TAMS 0x00000000e7900000| PB 0x00000000e7900000| Untracked 
| 122|0x00000000e7a00000, 0x00000000e7a00000, 0x00000000e7b00000|  0%| F|  |TAMS 0x00000000e7a00000| PB 0x00000000e7a00000| Untracked 
| 123|0x00000000e7b00000, 0x00000000e7b00000, 0x00000000e7c00000|  0%| F|  |TAMS 0x00000000e7b00000| PB 0x00000000e7b00000| Untracked 
| 124|0x00000000e7c00000, 0x00000000e7c00000, 0x00000000e7d00000|  0%| F|  |TAMS 0x00000000e7c00000| PB 0x00000000e7c00000| Untracked 
| 125|0x00000000e7d00000, 0x00000000e7d00000, 0x00000000e7e00000|  0%| F|  |TAMS 0x00000000e7d00000| PB 0x00000000e7d00000| Untracked 
| 126|0x00000000e7e00000, 0x00000000e7e00000, 0x00000000e7f00000|  0%| F|  |TAMS 0x00000000e7e00000| PB 0x00000000e7e00000| Untracked 
| 127|0x00000000e7f00000, 0x00000000e7f00000, 0x00000000e8000000|  0%| F|  |TAMS 0x00000000e7f00000| PB 0x00000000e7f00000| Untracked 
| 128|0x00000000e8000000, 0x00000000e8000000, 0x00000000e8100000|  0%| F|  |TAMS 0x00000000e8000000| PB 0x00000000e8000000| Untracked 
| 129|0x00000000e8100000, 0x00000000e8100000, 0x00000000e8200000|  0%| F|  |TAMS 0x00000000e8100000| PB 0x00000000e8100000| Untracked 
| 130|0x00000000e8200000, 0x00000000e8200000, 0x00000000e8300000|  0%| F|  |TAMS 0x00000000e8200000| PB 0x00000000e8200000| Untracked 
| 131|0x00000000e8300000, 0x00000000e8300000, 0x00000000e8400000|  0%| F|  |TAMS 0x00000000e8300000| PB 0x00000000e8300000| Untracked 
| 132|0x00000000e8400000, 0x00000000e8400000, 0x00000000e8500000|  0%| F|  |TAMS 0x00000000e8400000| PB 0x00000000e8400000| Untracked 
| 133|0x00000000e8500000, 0x00000000e8500000, 0x00000000e8600000|  0%| F|  |TAMS 0x00000000e8500000| PB 0x00000000e8500000| Untracked 
| 134|0x00000000e8600000, 0x00000000e8600000, 0x00000000e8700000|  0%| F|  |TAMS 0x00000000e8600000| PB 0x00000000e8600000| Untracked 
| 135|0x00000000e8700000, 0x00000000e8700000, 0x00000000e8800000|  0%| F|  |TAMS 0x00000000e8700000| PB 0x00000000e8700000| Untracked 
| 136|0x00000000e8800000, 0x00000000e8800000, 0x00000000e8900000|  0%| F|  |TAMS 0x00000000e8800000| PB 0x00000000e8800000| Untracked 
| 137|0x00000000e8900000, 0x00000000e8900000, 0x00000000e8a00000|  0%| F|  |TAMS 0x00000000e8900000| PB 0x00000000e8900000| Untracked 
| 138|0x00000000e8a00000, 0x00000000e8a00000, 0x00000000e8b00000|  0%| F|  |TAMS 0x00000000e8a00000| PB 0x00000000e8a00000| Untracked 
| 139|0x00000000e8b00000, 0x00000000e8b00000, 0x00000000e8c00000|  0%| F|  |TAMS 0x00000000e8b00000| PB 0x00000000e8b00000| Untracked 
| 140|0x00000000e8c00000, 0x00000000e8c00000, 0x00000000e8d00000|  0%| F|  |TAMS 0x00000000e8c00000| PB 0x00000000e8c00000| Untracked 
| 141|0x00000000e8d00000, 0x00000000e8d00000, 0x00000000e8e00000|  0%| F|  |TAMS 0x00000000e8d00000| PB 0x00000000e8d00000| Untracked 
| 142|0x00000000e8e00000, 0x00000000e8e00000, 0x00000000e8f00000|  0%| F|  |TAMS 0x00000000e8e00000| PB 0x00000000e8e00000| Untracked 
| 143|0x00000000e8f00000, 0x00000000e8f00000, 0x00000000e9000000|  0%| F|  |TAMS 0x00000000e8f00000| PB 0x00000000e8f00000| Untracked 
| 144|0x00000000e9000000, 0x00000000e9000000, 0x00000000e9100000|  0%| F|  |TAMS 0x00000000e9000000| PB 0x00000000e9000000| Untracked 
| 145|0x00000000e9100000, 0x00000000e9100000, 0x00000000e9200000|  0%| F|  |TAMS 0x00000000e9100000| PB 0x00000000e9100000| Untracked 
| 146|0x00000000e9200000, 0x00000000e9200000, 0x00000000e9300000|  0%| F|  |TAMS 0x00000000e9200000| PB 0x00000000e9200000| Untracked 
| 147|0x00000000e9300000, 0x00000000e9300000, 0x00000000e9400000|  0%| F|  |TAMS 0x00000000e9300000| PB 0x00000000e9300000| Untracked 
| 148|0x00000000e9400000, 0x00000000e9400000, 0x00000000e9500000|  0%| F|  |TAMS 0x00000000e9400000| PB 0x00000000e9400000| Untracked 
| 149|0x00000000e9500000, 0x00000000e9500000, 0x00000000e9600000|  0%| F|  |TAMS 0x00000000e9500000| PB 0x00000000e9500000| Untracked 
| 150|0x00000000e9600000, 0x00000000e9600000, 0x00000000e9700000|  0%| F|  |TAMS 0x00000000e9600000| PB 0x00000000e9600000| Untracked 
| 151|0x00000000e9700000, 0x00000000e9700000, 0x00000000e9800000|  0%| F|  |TAMS 0x00000000e9700000| PB 0x00000000e9700000| Untracked 
| 152|0x00000000e9800000, 0x00000000e9800000, 0x00000000e9900000|  0%| F|  |TAMS 0x00000000e9800000| PB 0x00000000e9800000| Untracked 
| 153|0x00000000e9900000, 0x00000000e9900000, 0x00000000e9a00000|  0%| F|  |TAMS 0x00000000e9900000| PB 0x00000000e9900000| Untracked 
| 154|0x00000000e9a00000, 0x00000000e9a00000, 0x00000000e9b00000|  0%| F|  |TAMS 0x00000000e9a00000| PB 0x00000000e9a00000| Untracked 
| 155|0x00000000e9b00000, 0x00000000e9b00000, 0x00000000e9c00000|  0%| F|  |TAMS 0x00000000e9b00000| PB 0x00000000e9b00000| Untracked 
| 156|0x00000000e9c00000, 0x00000000e9c00000, 0x00000000e9d00000|  0%| F|  |TAMS 0x00000000e9c00000| PB 0x00000000e9c00000| Untracked 
| 157|0x00000000e9d00000, 0x00000000e9d00000, 0x00000000e9e00000|  0%| F|  |TAMS 0x00000000e9d00000| PB 0x00000000e9d00000| Untracked 
| 158|0x00000000e9e00000, 0x00000000e9e00000, 0x00000000e9f00000|  0%| F|  |TAMS 0x00000000e9e00000| PB 0x00000000e9e00000| Untracked 
| 159|0x00000000e9f00000, 0x00000000e9f00000, 0x00000000ea000000|  0%| F|  |TAMS 0x00000000e9f00000| PB 0x00000000e9f00000| Untracked 
| 160|0x00000000ea000000, 0x00000000ea000000, 0x00000000ea100000|  0%| F|  |TAMS 0x00000000ea000000| PB 0x00000000ea000000| Untracked 
| 161|0x00000000ea100000, 0x00000000ea100000, 0x00000000ea200000|  0%| F|  |TAMS 0x00000000ea100000| PB 0x00000000ea100000| Untracked 
| 162|0x00000000ea200000, 0x00000000ea200000, 0x00000000ea300000|  0%| F|  |TAMS 0x00000000ea200000| PB 0x00000000ea200000| Untracked 
| 163|0x00000000ea300000, 0x00000000ea300000, 0x00000000ea400000|  0%| F|  |TAMS 0x00000000ea300000| PB 0x00000000ea300000| Untracked 
| 164|0x00000000ea400000, 0x00000000ea400000, 0x00000000ea500000|  0%| F|  |TAMS 0x00000000ea400000| PB 0x00000000ea400000| Untracked 
| 165|0x00000000ea500000, 0x00000000ea500000, 0x00000000ea600000|  0%| F|  |TAMS 0x00000000ea500000| PB 0x00000000ea500000| Untracked 
| 166|0x00000000ea600000, 0x00000000ea600000, 0x00000000ea700000|  0%| F|  |TAMS 0x00000000ea600000| PB 0x00000000ea600000| Untracked 
| 167|0x00000000ea700000, 0x00000000ea700000, 0x00000000ea800000|  0%| F|  |TAMS 0x00000000ea700000| PB 0x00000000ea700000| Untracked 
| 168|0x00000000ea800000, 0x00000000ea800000, 0x00000000ea900000|  0%| F|  |TAMS 0x00000000ea800000| PB 0x00000000ea800000| Untracked 
| 169|0x00000000ea900000, 0x00000000ea900000, 0x00000000eaa00000|  0%| F|  |TAMS 0x00000000ea900000| PB 0x00000000ea900000| Untracked 
| 170|0x00000000eaa00000, 0x00000000eaa00000, 0x00000000eab00000|  0%| F|  |TAMS 0x00000000eaa00000| PB 0x00000000eaa00000| Untracked 
| 171|0x00000000eab00000, 0x00000000eab00000, 0x00000000eac00000|  0%| F|  |TAMS 0x00000000eab00000| PB 0x00000000eab00000| Untracked 
| 172|0x00000000eac00000, 0x00000000eac00000, 0x00000000ead00000|  0%| F|  |TAMS 0x00000000eac00000| PB 0x00000000eac00000| Untracked 
| 173|0x00000000ead00000, 0x00000000ead00000, 0x00000000eae00000|  0%| F|  |TAMS 0x00000000ead00000| PB 0x00000000ead00000| Untracked 
| 174|0x00000000eae00000, 0x00000000eae00000, 0x00000000eaf00000|  0%| F|  |TAMS 0x00000000eae00000| PB 0x00000000eae00000| Untracked 
| 175|0x00000000eaf00000, 0x00000000eaf00000, 0x00000000eb000000|  0%| F|  |TAMS 0x00000000eaf00000| PB 0x00000000eaf00000| Untracked 
| 176|0x00000000eb000000, 0x00000000eb000000, 0x00000000eb100000|  0%| F|  |TAMS 0x00000000eb000000| PB 0x00000000eb000000| Untracked 
| 177|0x00000000eb100000, 0x00000000eb100000, 0x00000000eb200000|  0%| F|  |TAMS 0x00000000eb100000| PB 0x00000000eb100000| Untracked 
| 178|0x00000000eb200000, 0x00000000eb200000, 0x00000000eb300000|  0%| F|  |TAMS 0x00000000eb200000| PB 0x00000000eb200000| Untracked 
| 179|0x00000000eb300000, 0x00000000eb300000, 0x00000000eb400000|  0%| F|  |TAMS 0x00000000eb300000| PB 0x00000000eb300000| Untracked 
| 180|0x00000000eb400000, 0x00000000eb400000, 0x00000000eb500000|  0%| F|  |TAMS 0x00000000eb400000| PB 0x00000000eb400000| Untracked 
| 181|0x00000000eb500000, 0x00000000eb500000, 0x00000000eb600000|  0%| F|  |TAMS 0x00000000eb500000| PB 0x00000000eb500000| Untracked 
| 182|0x00000000eb600000, 0x00000000eb600000, 0x00000000eb700000|  0%| F|  |TAMS 0x00000000eb600000| PB 0x00000000eb600000| Untracked 
| 183|0x00000000eb700000, 0x00000000eb700000, 0x00000000eb800000|  0%| F|  |TAMS 0x00000000eb700000| PB 0x00000000eb700000| Untracked 
| 184|0x00000000eb800000, 0x00000000eb800000, 0x00000000eb900000|  0%| F|  |TAMS 0x00000000eb800000| PB 0x00000000eb800000| Untracked 
| 185|0x00000000eb900000, 0x00000000eb900000, 0x00000000eba00000|  0%| F|  |TAMS 0x00000000eb900000| PB 0x00000000eb900000| Untracked 
| 186|0x00000000eba00000, 0x00000000eba00000, 0x00000000ebb00000|  0%| F|  |TAMS 0x00000000eba00000| PB 0x00000000eba00000| Untracked 
| 187|0x00000000ebb00000, 0x00000000ebb00000, 0x00000000ebc00000|  0%| F|  |TAMS 0x00000000ebb00000| PB 0x00000000ebb00000| Untracked 
| 188|0x00000000ebc00000, 0x00000000ebc00000, 0x00000000ebd00000|  0%| F|  |TAMS 0x00000000ebc00000| PB 0x00000000ebc00000| Untracked 
| 189|0x00000000ebd00000, 0x00000000ebd00000, 0x00000000ebe00000|  0%| F|  |TAMS 0x00000000ebd00000| PB 0x00000000ebd00000| Untracked 
| 190|0x00000000ebe00000, 0x00000000ebe00000, 0x00000000ebf00000|  0%| F|  |TAMS 0x00000000ebe00000| PB 0x00000000ebe00000| Untracked 
| 191|0x00000000ebf00000, 0x00000000ebf00000, 0x00000000ec000000|  0%| F|  |TAMS 0x00000000ebf00000| PB 0x00000000ebf00000| Untracked 
| 192|0x00000000ec000000, 0x00000000ec000000, 0x00000000ec100000|  0%| F|  |TAMS 0x00000000ec000000| PB 0x00000000ec000000| Untracked 
| 193|0x00000000ec100000, 0x00000000ec100000, 0x00000000ec200000|  0%| F|  |TAMS 0x00000000ec100000| PB 0x00000000ec100000| Untracked 
| 194|0x00000000ec200000, 0x00000000ec200000, 0x00000000ec300000|  0%| F|  |TAMS 0x00000000ec200000| PB 0x00000000ec200000| Untracked 
| 195|0x00000000ec300000, 0x00000000ec300000, 0x00000000ec400000|  0%| F|  |TAMS 0x00000000ec300000| PB 0x00000000ec300000| Untracked 
| 196|0x00000000ec400000, 0x00000000ec400000, 0x00000000ec500000|  0%| F|  |TAMS 0x00000000ec400000| PB 0x00000000ec400000| Untracked 
| 197|0x00000000ec500000, 0x00000000ec500000, 0x00000000ec600000|  0%| F|  |TAMS 0x00000000ec500000| PB 0x00000000ec500000| Untracked 
| 198|0x00000000ec600000, 0x00000000ec600000, 0x00000000ec700000|  0%| F|  |TAMS 0x00000000ec600000| PB 0x00000000ec600000| Untracked 
| 199|0x00000000ec700000, 0x00000000ec700000, 0x00000000ec800000|  0%| F|  |TAMS 0x00000000ec700000| PB 0x00000000ec700000| Untracked 
| 200|0x00000000ec800000, 0x00000000ec800000, 0x00000000ec900000|  0%| F|  |TAMS 0x00000000ec800000| PB 0x00000000ec800000| Untracked 
| 201|0x00000000ec900000, 0x00000000ec900000, 0x00000000eca00000|  0%| F|  |TAMS 0x00000000ec900000| PB 0x00000000ec900000| Untracked 
| 202|0x00000000eca00000, 0x00000000eca00000, 0x00000000ecb00000|  0%| F|  |TAMS 0x00000000eca00000| PB 0x00000000eca00000| Untracked 
| 203|0x00000000ecb00000, 0x00000000ecb00000, 0x00000000ecc00000|  0%| F|  |TAMS 0x00000000ecb00000| PB 0x00000000ecb00000| Untracked 
| 204|0x00000000ecc00000, 0x00000000ecc00000, 0x00000000ecd00000|  0%| F|  |TAMS 0x00000000ecc00000| PB 0x00000000ecc00000| Untracked 
| 205|0x00000000ecd00000, 0x00000000ecd80800, 0x00000000ece00000| 50%| E|  |TAMS 0x00000000ecd00000| PB 0x00000000ecd00000| Complete 
| 206|0x00000000ece00000, 0x00000000ecf00000, 0x00000000ecf00000|100%| E|CS|TAMS 0x00000000ece00000| PB 0x00000000ece00000| Complete 
| 207|0x00000000ecf00000, 0x00000000ed000000, 0x00000000ed000000|100%| E|CS|TAMS 0x00000000ecf00000| PB 0x00000000ecf00000| Complete 
| 208|0x00000000ed000000, 0x00000000ed100000, 0x00000000ed100000|100%| E|CS|TAMS 0x00000000ed000000| PB 0x00000000ed000000| Complete 
| 209|0x00000000ed100000, 0x00000000ed200000, 0x00000000ed200000|100%| E|CS|TAMS 0x00000000ed100000| PB 0x00000000ed100000| Complete 
| 210|0x00000000ed200000, 0x00000000ed300000, 0x00000000ed300000|100%| E|CS|TAMS 0x00000000ed200000| PB 0x00000000ed200000| Complete 
| 211|0x00000000ed300000, 0x00000000ed400000, 0x00000000ed400000|100%| E|CS|TAMS 0x00000000ed300000| PB 0x00000000ed300000| Complete 
| 212|0x00000000ed400000, 0x00000000ed500000, 0x00000000ed500000|100%| E|CS|TAMS 0x00000000ed400000| PB 0x00000000ed400000| Complete 
| 213|0x00000000ed500000, 0x00000000ed600000, 0x00000000ed600000|100%| E|CS|TAMS 0x00000000ed500000| PB 0x00000000ed500000| Complete 
| 214|0x00000000ed600000, 0x00000000ed700000, 0x00000000ed700000|100%| E|CS|TAMS 0x00000000ed600000| PB 0x00000000ed600000| Complete 
| 215|0x00000000ed700000, 0x00000000ed800000, 0x00000000ed800000|100%| E|CS|TAMS 0x00000000ed700000| PB 0x00000000ed700000| Complete 
| 216|0x00000000ed800000, 0x00000000ed900000, 0x00000000ed900000|100%| E|CS|TAMS 0x00000000ed800000| PB 0x00000000ed800000| Complete 
| 217|0x00000000ed900000, 0x00000000eda00000, 0x00000000eda00000|100%| E|CS|TAMS 0x00000000ed900000| PB 0x00000000ed900000| Complete 
| 218|0x00000000eda00000, 0x00000000edb00000, 0x00000000edb00000|100%| E|CS|TAMS 0x00000000eda00000| PB 0x00000000eda00000| Complete 
| 219|0x00000000edb00000, 0x00000000edc00000, 0x00000000edc00000|100%| E|CS|TAMS 0x00000000edb00000| PB 0x00000000edb00000| Complete 
| 220|0x00000000edc00000, 0x00000000edd00000, 0x00000000edd00000|100%| E|CS|TAMS 0x00000000edc00000| PB 0x00000000edc00000| Complete 
| 221|0x00000000edd00000, 0x00000000ede00000, 0x00000000ede00000|100%| E|CS|TAMS 0x00000000edd00000| PB 0x00000000edd00000| Complete 
| 222|0x00000000ede00000, 0x00000000edf00000, 0x00000000edf00000|100%| S|CS|TAMS 0x00000000ede00000| PB 0x00000000ede00000| Complete 
| 223|0x00000000edf00000, 0x00000000ee000000, 0x00000000ee000000|100%| S|CS|TAMS 0x00000000edf00000| PB 0x00000000edf00000| Complete 
| 224|0x00000000ee000000, 0x00000000ee100000, 0x00000000ee100000|100%| S|CS|TAMS 0x00000000ee000000| PB 0x00000000ee000000| Complete 
| 225|0x00000000ee100000, 0x00000000ee200000, 0x00000000ee200000|100%| S|CS|TAMS 0x00000000ee100000| PB 0x00000000ee100000| Complete 
| 226|0x00000000ee200000, 0x00000000ee300000, 0x00000000ee300000|100%| E|CS|TAMS 0x00000000ee200000| PB 0x00000000ee200000| Complete 
| 227|0x00000000ee300000, 0x00000000ee400000, 0x00000000ee400000|100%| E|CS|TAMS 0x00000000ee300000| PB 0x00000000ee300000| Complete 
| 228|0x00000000ee400000, 0x00000000ee500000, 0x00000000ee500000|100%| E|CS|TAMS 0x00000000ee400000| PB 0x00000000ee400000| Complete 
| 229|0x00000000ee500000, 0x00000000ee600000, 0x00000000ee600000|100%| E|CS|TAMS 0x00000000ee500000| PB 0x00000000ee500000| Complete 
| 230|0x00000000ee600000, 0x00000000ee700000, 0x00000000ee700000|100%| E|CS|TAMS 0x00000000ee600000| PB 0x00000000ee600000| Complete 
| 231|0x00000000ee700000, 0x00000000ee800000, 0x00000000ee800000|100%| E|CS|TAMS 0x00000000ee700000| PB 0x00000000ee700000| Complete 
| 232|0x00000000ee800000, 0x00000000ee900000, 0x00000000ee900000|100%| E|CS|TAMS 0x00000000ee800000| PB 0x00000000ee800000| Complete 
| 233|0x00000000ee900000, 0x00000000eea00000, 0x00000000eea00000|100%| E|CS|TAMS 0x00000000ee900000| PB 0x00000000ee900000| Complete 
| 234|0x00000000eea00000, 0x00000000eeb00000, 0x00000000eeb00000|100%| E|CS|TAMS 0x00000000eea00000| PB 0x00000000eea00000| Complete 
| 235|0x00000000eeb00000, 0x00000000eec00000, 0x00000000eec00000|100%| E|CS|TAMS 0x00000000eeb00000| PB 0x00000000eeb00000| Complete 
| 236|0x00000000eec00000, 0x00000000eed00000, 0x00000000eed00000|100%| E|CS|TAMS 0x00000000eec00000| PB 0x00000000eec00000| Complete 
| 237|0x00000000eed00000, 0x00000000eee00000, 0x00000000eee00000|100%| E|CS|TAMS 0x00000000eed00000| PB 0x00000000eed00000| Complete 
| 238|0x00000000eee00000, 0x00000000eef00000, 0x00000000eef00000|100%| E|CS|TAMS 0x00000000eee00000| PB 0x00000000eee00000| Complete 
| 239|0x00000000eef00000, 0x00000000ef000000, 0x00000000ef000000|100%| E|CS|TAMS 0x00000000eef00000| PB 0x00000000eef00000| Complete 
| 240|0x00000000ef000000, 0x00000000ef100000, 0x00000000ef100000|100%| E|CS|TAMS 0x00000000ef000000| PB 0x00000000ef000000| Complete 
| 241|0x00000000ef100000, 0x00000000ef200000, 0x00000000ef200000|100%| E|CS|TAMS 0x00000000ef100000| PB 0x00000000ef100000| Complete 
| 242|0x00000000ef200000, 0x00000000ef300000, 0x00000000ef300000|100%| E|CS|TAMS 0x00000000ef200000| PB 0x00000000ef200000| Complete 
| 243|0x00000000ef300000, 0x00000000ef400000, 0x00000000ef400000|100%| E|CS|TAMS 0x00000000ef300000| PB 0x00000000ef300000| Complete 
| 244|0x00000000ef400000, 0x00000000ef500000, 0x00000000ef500000|100%| E|CS|TAMS 0x00000000ef400000| PB 0x00000000ef400000| Complete 
| 245|0x00000000ef500000, 0x00000000ef600000, 0x00000000ef600000|100%| E|CS|TAMS 0x00000000ef500000| PB 0x00000000ef500000| Complete 
| 246|0x00000000ef600000, 0x00000000ef700000, 0x00000000ef700000|100%| E|CS|TAMS 0x00000000ef600000| PB 0x00000000ef600000| Complete 
| 247|0x00000000ef700000, 0x00000000ef800000, 0x00000000ef800000|100%| E|CS|TAMS 0x00000000ef700000| PB 0x00000000ef700000| Complete 
| 248|0x00000000ef800000, 0x00000000ef900000, 0x00000000ef900000|100%| E|CS|TAMS 0x00000000ef800000| PB 0x00000000ef800000| Complete 
| 249|0x00000000ef900000, 0x00000000efa00000, 0x00000000efa00000|100%| E|CS|TAMS 0x00000000ef900000| PB 0x00000000ef900000| Complete 
| 250|0x00000000efa00000, 0x00000000efb00000, 0x00000000efb00000|100%| E|CS|TAMS 0x00000000efa00000| PB 0x00000000efa00000| Complete 
| 251|0x00000000efb00000, 0x00000000efc00000, 0x00000000efc00000|100%| E|CS|TAMS 0x00000000efb00000| PB 0x00000000efb00000| Complete 
| 252|0x00000000efc00000, 0x00000000efd00000, 0x00000000efd00000|100%| E|CS|TAMS 0x00000000efc00000| PB 0x00000000efc00000| Complete 
| 253|0x00000000efd00000, 0x00000000efe00000, 0x00000000efe00000|100%| E|CS|TAMS 0x00000000efd00000| PB 0x00000000efd00000| Complete 
| 254|0x00000000efe00000, 0x00000000eff00000, 0x00000000eff00000|100%| E|CS|TAMS 0x00000000efe00000| PB 0x00000000efe00000| Complete 
| 255|0x00000000eff00000, 0x00000000f0000000, 0x00000000f0000000|100%| E|CS|TAMS 0x00000000eff00000| PB 0x00000000eff00000| Complete 

Card table byte_map: [0x0000024e72a50000,0x0000024e72b50000] _byte_map_base: 0x0000024e72350000

Marking Bits: (CMBitMap*) 0x0000024e5b6045b0
 Bits: [0x0000024e72b50000, 0x0000024e73350000)

Polling page: 0x0000024e59750000

Metaspace:

Usage:
  Non-class:     12.06 MB used.
      Class:      1.90 MB used.
       Both:     13.95 MB used.

Virtual space:
  Non-class space:       64.00 MB reserved,      12.25 MB ( 19%) committed,  1 nodes.
      Class space:      320.00 MB reserved,       2.06 MB ( <1%) committed,  1 nodes.
             Both:      384.00 MB reserved,      14.31 MB (  4%) committed. 

Chunk freelists:
   Non-Class:  3.00 MB
       Class:  13.96 MB
        Both:  16.96 MB

MaxMetaspaceSize: 384.00 MB
CompressedClassSpaceSize: 320.00 MB
Initial GC threshold: 21.00 MB
Current GC threshold: 21.00 MB
CDS: on
 - commit_granule_bytes: 65536.
 - commit_granule_words: 8192.
 - virtual_space_node_default_size: 8388608.
 - enlarge_chunks_in_place: 1.
 - use_allocation_guard: 0.


Internal statistics:

num_allocs_failed_limit: 0.
num_arena_births: 424.
num_arena_deaths: 0.
num_vsnodes_births: 2.
num_vsnodes_deaths: 0.
num_space_committed: 229.
num_space_uncommitted: 0.
num_chunks_returned_to_freelist: 0.
num_chunks_taken_from_freelist: 872.
num_chunk_merges: 0.
num_chunk_splits: 568.
num_chunks_enlarged: 393.
num_inconsistent_stats: 0.

CodeHeap 'non-profiled nmethods': size=120000Kb used=1156Kb max_used=1156Kb free=118843Kb
 bounds [0x0000024e6b520000, 0x0000024e6b790000, 0x0000024e72a50000]
CodeHeap 'profiled nmethods': size=120000Kb used=5013Kb max_used=5013Kb free=114986Kb
 bounds [0x0000024e63a50000, 0x0000024e63f40000, 0x0000024e6af80000]
CodeHeap 'non-nmethods': size=5760Kb used=1626Kb max_used=1640Kb free=4134Kb
 bounds [0x0000024e6af80000, 0x0000024e6b1f0000, 0x0000024e6b520000]
 total_blobs=3066 nmethods=2518 adapters=452
 compilation: enabled
              stopped_count=0, restarted_count=0
 full_count=0

Compilation events (20 events):
Event: 4.260 Thread 0x0000024e75ab0060 2497       3       java.util.LinkedList::linkLast (59 bytes)
Event: 4.260 Thread 0x0000024e75ab0060 nmethod 2497 0x0000024e63f2be90 code [0x0000024e63f2c060, 0x0000024e63f2c4b8]
Event: 4.260 Thread 0x0000024e75ab0060 2499       3       java.util.ArrayList::contains (14 bytes)
Event: 4.260 Thread 0x0000024e75ab0060 nmethod 2499 0x0000024e63f2c610 code [0x0000024e63f2c7c0, 0x0000024e63f2c9e8]
Event: 4.260 Thread 0x0000024e75ab0060 2498       3       org.gradle.internal.service.DefaultServiceRegistry$FactoryMethodService::<init> (22 bytes)
Event: 4.260 Thread 0x0000024e75ab0060 nmethod 2498 0x0000024e63f2cb10 code [0x0000024e63f2cd40, 0x0000024e63f2d7a0]
Event: 4.263 Thread 0x0000024e75ab0060 2500       3       org.gradle.internal.service.ReflectionBasedServiceMethod::<init> (16 bytes)
Event: 4.264 Thread 0x0000024e75ab0060 nmethod 2500 0x0000024e63f2db10 code [0x0000024e63f2dd40, 0x0000024e63f2e538]
Event: 4.264 Thread 0x0000024e75ab0060 2501       3       org.gradle.internal.reflect.JavaMethod::of (10 bytes)
Event: 4.264 Thread 0x0000024e75ab0060 nmethod 2501 0x0000024e63f2e810 code [0x0000024e63f2ea20, 0x0000024e63f2f0d8]
Event: 4.267 Thread 0x0000024e75ab0060 2502       3       org.gradle.internal.service.DefaultServiceRegistry$ClassInspector$ClassDetails::<init> (36 bytes)
Event: 4.267 Thread 0x0000024e75ab0060 nmethod 2502 0x0000024e63f2f390 code [0x0000024e63f2f5a0, 0x0000024e63f2fd30]
Event: 4.268 Thread 0x0000024e75ab0060 2503       1       org.gradle.internal.service.AbstractServiceMethod::getParameterTypes (5 bytes)
Event: 4.268 Thread 0x0000024e75ab0060 nmethod 2503 0x0000024e6b63f090 code [0x0000024e6b63f220, 0x0000024e6b63f2e8]
Event: 4.268 Thread 0x0000024e75ab0060 2504       3       java.lang.invoke.LambdaFormEditor::filterArgumentForm (121 bytes)
Event: 4.268 Thread 0x0000024e75ab0060 nmethod 2504 0x0000024e6b63f390 code [0x0000024e6b63f5a0, 0x0000024e6b63f9a0]
Event: 4.270 Thread 0x0000024e75ab0060 2505       1       org.gradle.initialization.DefaultLegacyTypesSupport::getClassesToMixInGroovyObject (5 bytes)
Event: 4.270 Thread 0x0000024e75ab0060 nmethod 2505 0x0000024e6b63fc10 code [0x0000024e6b63fda0, 0x0000024e6b63fe68]
Event: 4.270 Thread 0x0000024e75ab0060 2506       1       org.gradle.initialization.DefaultLegacyTypesSupport::getSyntheticClasses (5 bytes)
Event: 4.270 Thread 0x0000024e75ab0060 nmethod 2506 0x0000024e6b63ff10 code [0x0000024e6b6400a0, 0x0000024e6b640168]

GC Heap History (6 events):
Event: 0.750 GC heap before
{Heap before GC invocations=0 (full 0):
 garbage-first heap   total 262144K, used 12288K [0x00000000e0000000, 0x0000000100000000)
  region size 1024K, 13 young (13312K), 0 survivors (0K)
 Metaspace       used 1008K, committed 1152K, reserved 393216K
  class space    used 80K, committed 128K, reserved 327680K
}
Event: 0.760 GC heap after
{Heap after GC invocations=1 (full 0):
 garbage-first heap   total 262144K, used 3063K [0x00000000e0000000, 0x0000000100000000)
  region size 1024K, 2 young (2048K), 2 survivors (2048K)
 Metaspace       used 1008K, committed 1152K, reserved 393216K
  class space    used 80K, committed 128K, reserved 327680K
}
Event: 1.732 GC heap before
{Heap before GC invocations=1 (full 0):
 garbage-first heap   total 262144K, used 27639K [0x00000000e0000000, 0x0000000100000000)
  region size 1024K, 23 young (23552K), 2 survivors (2048K)
 Metaspace       used 4105K, committed 4352K, reserved 393216K
  class space    used 506K, committed 640K, reserved 327680K
}
Event: 1.736 GC heap after
{Heap after GC invocations=2 (full 0):
 garbage-first heap   total 262144K, used 10717K [0x00000000e0000000, 0x0000000100000000)
  region size 1024K, 3 young (3072K), 3 survivors (3072K)
 Metaspace       used 4105K, committed 4352K, reserved 393216K
  class space    used 506K, committed 640K, reserved 327680K
}
Event: 2.854 GC heap before
{Heap before GC invocations=2 (full 0):
 garbage-first heap   total 262144K, used 38365K [0x00000000e0000000, 0x0000000100000000)
  region size 1024K, 30 young (30720K), 3 survivors (3072K)
 Metaspace       used 4235K, committed 4416K, reserved 393216K
  class space    used 509K, committed 640K, reserved 327680K
}
Event: 2.858 GC heap after
{Heap after GC invocations=3 (full 0):
 garbage-first heap   total 262144K, used 15104K [0x00000000e0000000, 0x0000000100000000)
  region size 1024K, 4 young (4096K), 4 survivors (4096K)
 Metaspace       used 4235K, committed 4416K, reserved 393216K
  class space    used 509K, committed 640K, reserved 327680K
}

Dll operation events (15 events):
Event: 0.096 Loaded shared library C:\Program Files\Java\jdk-21\bin\java.dll
Event: 0.147 Loaded shared library C:\Program Files\Java\jdk-21\bin\jsvml.dll
Event: 0.235 Loaded shared library C:\Program Files\Java\jdk-21\bin\zip.dll
Event: 0.239 Loaded shared library C:\Program Files\Java\jdk-21\bin\instrument.dll
Event: 0.243 Loaded shared library C:\Program Files\Java\jdk-21\bin\net.dll
Event: 0.245 Loaded shared library C:\Program Files\Java\jdk-21\bin\nio.dll
Event: 0.253 Loaded shared library C:\Program Files\Java\jdk-21\bin\zip.dll
Event: 0.663 Loaded shared library C:\Program Files\Java\jdk-21\bin\jimage.dll
Event: 0.781 Loaded shared library C:\Program Files\Java\jdk-21\bin\verify.dll
Event: 1.272 Loaded shared library C:\Users\011ko\.gradle\native\c067742578af261105cb4f569cf0c3c89f3d7b1fecec35dd04571415982c5e48\windows-amd64\native-platform.dll
Event: 1.278 Loaded shared library C:\Users\011ko\.gradle\native\38dada09dfb8b06ba9b0570ebf7e218e3eb74d4ef43ca46872605cf95ebc2f47\windows-amd64\native-platform-file-events.dll
Event: 3.184 Loaded shared library C:\Program Files\Java\jdk-21\bin\management.dll
Event: 3.189 Loaded shared library C:\Program Files\Java\jdk-21\bin\management_ext.dll
Event: 3.579 Loaded shared library C:\Program Files\Java\jdk-21\bin\extnet.dll
Event: 3.790 Loaded shared library C:\Program Files\Java\jdk-21\bin\sunmscapi.dll

Deoptimization events (20 events):
Event: 4.100 Thread 0x0000024e7b9efdc0 Uncommon trap: trap_request=0xffffff45 fr.pc=0x0000024e6b5e7eb0 relative=0x0000000000000270
Event: 4.100 Thread 0x0000024e7b9efdc0 Uncommon trap: reason=unstable_if action=reinterpret pc=0x0000024e6b5e7eb0 method=java.util.concurrent.ConcurrentHashMap.get(Ljava/lang/Object;)Ljava/lang/Object; @ 76 c2
Event: 4.100 Thread 0x0000024e7b9efdc0 DEOPT PACKING pc=0x0000024e6b5e7eb0 sp=0x00000069c2ffba10
Event: 4.100 Thread 0x0000024e7b9efdc0 DEOPT UNPACKING pc=0x0000024e6afd7da2 sp=0x00000069c2ffb978 mode 2
Event: 4.128 Thread 0x0000024e7b9efdc0 Uncommon trap: trap_request=0xffffffde fr.pc=0x0000024e6b6066c8 relative=0x00000000000003c8
Event: 4.128 Thread 0x0000024e7b9efdc0 Uncommon trap: reason=class_check action=maybe_recompile pc=0x0000024e6b6066c8 method=java.util.regex.Pattern$Start.match(Ljava/util/regex/Matcher;ILjava/lang/CharSequence;)Z @ 44 c2
Event: 4.128 Thread 0x0000024e7b9efdc0 DEOPT PACKING pc=0x0000024e6b6066c8 sp=0x00000069c2ffc5b0
Event: 4.128 Thread 0x0000024e7b9efdc0 DEOPT UNPACKING pc=0x0000024e6afd7da2 sp=0x00000069c2ffc560 mode 2
Event: 4.128 Thread 0x0000024e7b9efdc0 Uncommon trap: trap_request=0xffffffde fr.pc=0x0000024e6b6066c8 relative=0x00000000000003c8
Event: 4.128 Thread 0x0000024e7b9efdc0 Uncommon trap: reason=class_check action=maybe_recompile pc=0x0000024e6b6066c8 method=java.util.regex.Pattern$Start.match(Ljava/util/regex/Matcher;ILjava/lang/CharSequence;)Z @ 44 c2
Event: 4.128 Thread 0x0000024e7b9efdc0 DEOPT PACKING pc=0x0000024e6b6066c8 sp=0x00000069c2ffc5b0
Event: 4.128 Thread 0x0000024e7b9efdc0 DEOPT UNPACKING pc=0x0000024e6afd7da2 sp=0x00000069c2ffc560 mode 2
Event: 4.128 Thread 0x0000024e7b9efdc0 Uncommon trap: trap_request=0xffffffde fr.pc=0x0000024e6b6066c8 relative=0x00000000000003c8
Event: 4.128 Thread 0x0000024e7b9efdc0 Uncommon trap: reason=class_check action=maybe_recompile pc=0x0000024e6b6066c8 method=java.util.regex.Pattern$Start.match(Ljava/util/regex/Matcher;ILjava/lang/CharSequence;)Z @ 44 c2
Event: 4.128 Thread 0x0000024e7b9efdc0 DEOPT PACKING pc=0x0000024e6b6066c8 sp=0x00000069c2ffc5b0
Event: 4.128 Thread 0x0000024e7b9efdc0 DEOPT UNPACKING pc=0x0000024e6afd7da2 sp=0x00000069c2ffc560 mode 2
Event: 4.128 Thread 0x0000024e7b9efdc0 Uncommon trap: trap_request=0xffffffde fr.pc=0x0000024e6b6066c8 relative=0x00000000000003c8
Event: 4.128 Thread 0x0000024e7b9efdc0 Uncommon trap: reason=class_check action=maybe_recompile pc=0x0000024e6b6066c8 method=java.util.regex.Pattern$Start.match(Ljava/util/regex/Matcher;ILjava/lang/CharSequence;)Z @ 44 c2
Event: 4.128 Thread 0x0000024e7b9efdc0 DEOPT PACKING pc=0x0000024e6b6066c8 sp=0x00000069c2ffc5b0
Event: 4.128 Thread 0x0000024e7b9efdc0 DEOPT UNPACKING pc=0x0000024e6afd7da2 sp=0x00000069c2ffc560 mode 2

Classes loaded (20 events):
Event: 4.102 Loading class java/util/stream/MatchOps$BooleanTerminalSink
Event: 4.102 Loading class java/util/stream/MatchOps$BooleanTerminalSink done
Event: 4.102 Loading class java/util/stream/MatchOps$1MatchSink
Event: 4.102 Loading class java/util/stream/MatchOps$1MatchSink done
Event: 4.171 Loading class java/util/ConcurrentModificationException
Event: 4.171 Loading class java/util/ConcurrentModificationException done
Event: 4.185 Loading class jdk/internal/org/objectweb/asm/ClassReader
Event: 4.185 Loading class jdk/internal/org/objectweb/asm/ClassReader done
Event: 4.194 Loading class sun/reflect/generics/scope/ConstructorScope
Event: 4.194 Loading class sun/reflect/generics/scope/ConstructorScope done
Event: 4.194 Loading class sun/reflect/generics/tree/VoidDescriptor
Event: 4.194 Loading class sun/reflect/generics/tree/VoidDescriptor done
Event: 4.230 Loading class java/io/UncheckedIOException
Event: 4.231 Loading class java/io/UncheckedIOException done
Event: 4.251 Loading class java/lang/management/MemoryType
Event: 4.251 Loading class java/lang/management/MemoryType done
Event: 4.252 Loading class java/lang/management/MemoryUsage
Event: 4.252 Loading class java/lang/management/MemoryUsage done
Event: 4.252 Loading class java/util/concurrent/LinkedBlockingDeque$Node
Event: 4.252 Loading class java/util/concurrent/LinkedBlockingDeque$Node done

Classes unloaded (0 events):
No events

Classes redefined (0 events):
No events

Internal exceptions (20 events):
Event: 3.340 Thread 0x0000024e5b5d8c20 Exception <a 'java/lang/NoSuchMethodError'{0x00000000ef171fa0}: 'java.lang.Object java.lang.invoke.DirectMethodHandle$Holder.invokeVirtual(java.lang.Object, java.lang.Object, java.lang.Object, java.lang.Object, java.lang.Object, java.lang.Object, java.lang.Object, java.lang.Object)'> (0x00000000ef171fa0) 
thrown [s\open\src\hotspot\share\interpreter\linkResolver.cpp, line 773]
Event: 3.525 Thread 0x0000024e5b5d8c20 Exception <a 'java/lang/NoSuchMethodError'{0x00000000eed23550}: 'java.lang.Object java.lang.invoke.DirectMethodHandle$Holder.invokeStaticInit(java.lang.Object, int, int, int, int)'> (0x00000000eed23550) 
thrown [s\open\src\hotspot\share\interpreter\linkResolver.cpp, line 773]
Event: 3.561 Thread 0x0000024e5b5d8c20 Exception <a 'java/lang/NoSuchMethodError'{0x00000000eedc8ef0}: 'java.lang.Object java.lang.invoke.DirectMethodHandle$Holder.invokeStaticInit(java.lang.Object, java.lang.Object, int, int, int, int)'> (0x00000000eedc8ef0) 
thrown [s\open\src\hotspot\share\interpreter\linkResolver.cpp, line 773]
Event: 3.728 Thread 0x0000024e5b5d8c20 Exception <a 'java/io/IOException'{0x00000000eea9dc60}> (0x00000000eea9dc60) 
thrown [s\open\src\hotspot\share\prims\jni.cpp, line 520]
Event: 3.867 Thread 0x0000024e7bcba470 Exception <a 'java/lang/NoSuchMethodError'{0x00000000ee5571d8}: 'long java.lang.invoke.DirectMethodHandle$Holder.invokeSpecial(java.lang.Object, java.lang.Object)'> (0x00000000ee5571d8) 
thrown [s\open\src\hotspot\share\interpreter\linkResolver.cpp, line 773]
Event: 3.867 Thread 0x0000024e7bcba470 Exception <a 'java/lang/NoSuchMethodError'{0x00000000ee55a5f0}: 'long java.lang.invoke.Invokers$Holder.invokeExact_MT(java.lang.Object, java.lang.Object)'> (0x00000000ee55a5f0) 
thrown [s\open\src\hotspot\share\interpreter\linkResolver.cpp, line 773]
Event: 3.889 Thread 0x0000024e7bcba470 Exception <a 'java/lang/NoSuchMethodError'{0x00000000ee5a8da8}: static Lorg/gradle/tooling/internal/provider/serialization/ClassLoaderDetails;.<clinit>()V> (0x00000000ee5a8da8) 
thrown [s\open\src\hotspot\share\prims\jni.cpp, line 1111]
Event: 3.892 Thread 0x0000024e7bcba470 Exception <a 'java/lang/NoSuchMethodError'{0x00000000ee5c2808}: static Lorg/gradle/internal/classloader/ClassLoaderSpec;.<clinit>()V> (0x00000000ee5c2808) 
thrown [s\open\src\hotspot\share\prims\jni.cpp, line 1111]
Event: 3.893 Thread 0x0000024e7bcba470 Exception <a 'java/lang/NoSuchMethodError'{0x00000000ee5cc258}: static Lorg/gradle/tooling/internal/provider/serialization/WellKnownClassLoaderRegistry$KnownClassLoaderSpec;.<clinit>()V> (0x00000000ee5cc258) 
thrown [s\open\src\hotspot\share\prims\jni.cpp, line 1111]
Event: 3.896 Thread 0x0000024e7bcba470 Exception <a 'java/lang/NoSuchMethodError'{0x00000000ee5e22e8}: static Lorg/gradle/tooling/internal/provider/serialization/ClientOwnedClassLoaderSpec;.<clinit>()V> (0x00000000ee5e22e8) 
thrown [s\open\src\hotspot\share\prims\jni.cpp, line 1111]
Event: 3.997 Thread 0x0000024e7b9efdc0 Exception <a 'java/lang/NoSuchMethodError'{0x00000000edc90060}: 'long java.lang.invoke.DirectMethodHandle$Holder.invokeInterface(java.lang.Object, java.lang.Object)'> (0x00000000edc90060) 
thrown [s\open\src\hotspot\share\interpreter\linkResolver.cpp, line 773]
Event: 4.059 Thread 0x0000024e7b9efdc0 Exception <a 'java/lang/NoSuchMethodError'{0x00000000ed858c38}: 'void java.lang.invoke.DirectMethodHandle$Holder.invokeStatic(java.lang.Object, java.lang.Object)'> (0x00000000ed858c38) 
thrown [s\open\src\hotspot\share\interpreter\linkResolver.cpp, line 773]
Event: 4.064 Thread 0x0000024e7b9efdc0 Exception <a 'java/lang/NoSuchMethodError'{0x00000000ed8989c8}: 'java.lang.Object java.lang.invoke.DirectMethodHandle$Holder.invokeVirtual(java.lang.Object, java.lang.Object, java.lang.Object, java.lang.Object, java.lang.Object, java.lang.Object, java.lang.Object, java.lang.Object, java.lang.Object, java.lang.Object, java.lang.Object, java.lang.Object)'> (0x00000000ed8989c8) 
thrown [s\open\src\hotspot\share\interpreter\linkResolver.cpp, line 773]
Event: 4.069 Thread 0x0000024e7b9efdc0 Exception <a 'java/lang/NoSuchMethodError'{0x00000000ed8e2918}: 'java.lang.Object java.lang.invoke.DirectMethodHandle$Holder.invokeStatic(java.lang.Object, java.lang.Object, java.lang.Object, java.lang.Object, java.lang.Object, java.lang.Object, java.lang.Object, java.lang.Object, java.lang.Object, java.lang.Object, java.lang.Object, java.lang.Object, java.lang.Object)'> (0x00000000ed8e2918) 
thrown [s\open\src\hotspot\share\interpreter\linkResolver.cpp, line 773]
Event: 4.070 Thread 0x0000024e7b9efdc0 Exception <a 'java/lang/NoSuchMethodError'{0x00000000ed702520}: 'java.lang.Object java.lang.invoke.DirectMethodHandle$Holder.invokeStatic(java.lang.Object, java.lang.Object, java.lang.Object, java.lang.Object, java.lang.Object, java.lang.Object, java.lang.Object, java.lang.Object, java.lang.Object, java.lang.Object, java.lang.Object, java.lang.Object, java.lang.Object, java.lang.Object)'> (0x00000000ed702520) 
thrown [s\open\src\hotspot\share\interpreter\linkResolver.cpp, line 773]
Event: 4.152 Thread 0x0000024e7b9efdc0 Exception <a 'java/lang/NoSuchMethodError'{0x00000000ed300948}: 'java.lang.Object java.lang.invoke.DirectMethodHandle$Holder.newInvokeSpecial(java.lang.Object, java.lang.Object, java.lang.Object, java.lang.Object, java.lang.Object, java.lang.Object)'> (0x00000000ed300948) 
thrown [s\open\src\hotspot\share\interpreter\linkResolver.cpp, line 773]
Event: 4.156 Thread 0x0000024e7b9efdc0 Exception <a 'java/lang/NoSuchMethodError'{0x00000000ed3222f0}: 'void java.lang.invoke.DirectMethodHandle$Holder.invokeStaticInit(java.lang.Object, java.lang.Object)'> (0x00000000ed3222f0) 
thrown [s\open\src\hotspot\share\interpreter\linkResolver.cpp, line 773]
Event: 4.180 Thread 0x0000024e7b9efdc0 Exception <a 'java/lang/NoSuchMethodError'{0x00000000ed207258}: 'java.lang.Object java.lang.invoke.DirectMethodHandle$Holder.newInvokeSpecial(java.lang.Object, java.lang.Object, java.lang.Object, int, java.lang.Object, java.lang.Object)'> (0x00000000ed207258) 
thrown [s\open\src\hotspot\share\interpreter\linkResolver.cpp, line 773]
Event: 4.220 Thread 0x0000024e7b9efdc0 Exception <a 'java/lang/NoSuchMethodError'{0x00000000ed1af630}: 'void java.lang.invoke.DelegatingMethodHandle$Holder.reinvoke_L(java.lang.Object, java.lang.Object, java.lang.Object, java.lang.Object, java.lang.Object, java.lang.Object, java.lang.Object, java.lang.Object, java.lang.Object, java.lang.Object)'> (0x00000000ed1af630) 
thrown [s\open\src\hotspot\share\interpreter\linkResolver.cpp, line 773]
Event: 4.221 Thread 0x0000024e7b9efdc0 Exception <a 'java/lang/NoSuchMethodError'{0x00000000ed1b7730}: 'java.lang.Object java.lang.invoke.Invokers$Holder.invoker(java.lang.Object, java.lang.Object, java.lang.Object, java.lang.Object, java.lang.Object, java.lang.Object, java.lang.Object, java.lang.Object, java.lang.Object, java.lang.Object)'> (0x00000000ed1b7730) 
thrown [s\open\src\hotspot\share\interpreter\linkResolver.cpp, line 773]

ZGC Phase Switch (0 events):
No events

VM Operations (20 events):
Event: 3.236 Executing VM operation: HandshakeAllThreads (Deoptimize)
Event: 3.236 Executing VM operation: HandshakeAllThreads (Deoptimize) done
Event: 3.380 Executing VM operation: HandshakeAllThreads (Deoptimize)
Event: 3.380 Executing VM operation: HandshakeAllThreads (Deoptimize) done
Event: 3.439 Executing VM operation: HandshakeAllThreads (Deoptimize)
Event: 3.439 Executing VM operation: HandshakeAllThreads (Deoptimize) done
Event: 3.481 Executing VM operation: HandshakeAllThreads (Deoptimize)
Event: 3.481 Executing VM operation: HandshakeAllThreads (Deoptimize) done
Event: 3.546 Executing VM operation: HandshakeAllThreads (Deoptimize)
Event: 3.546 Executing VM operation: HandshakeAllThreads (Deoptimize) done
Event: 3.633 Executing VM operation: ICBufferFull
Event: 3.633 Executing VM operation: ICBufferFull done
Event: 3.686 Executing VM operation: HandshakeAllThreads (Deoptimize)
Event: 3.686 Executing VM operation: HandshakeAllThreads (Deoptimize) done
Event: 3.754 Executing VM operation: HandshakeAllThreads (Deoptimize)
Event: 3.754 Executing VM operation: HandshakeAllThreads (Deoptimize) done
Event: 3.802 Executing VM operation: HandshakeAllThreads (Deoptimize)
Event: 3.802 Executing VM operation: HandshakeAllThreads (Deoptimize) done
Event: 4.193 Executing VM operation: HandshakeAllThreads (Deoptimize)
Event: 4.193 Executing VM operation: HandshakeAllThreads (Deoptimize) done

Events (20 events):
Event: 0.134 Thread 0x0000024e759717e0 Thread added: 0x0000024e759717e0
Event: 0.134 Thread 0x0000024e75972330 Thread added: 0x0000024e75972330
Event: 0.134 Thread 0x0000024e75972e80 Thread added: 0x0000024e75972e80
Event: 0.134 Thread 0x0000024e75975d10 Thread added: 0x0000024e75975d10
Event: 0.138 Thread 0x0000024e75ab0060 Thread added: 0x0000024e75ab0060
Event: 0.206 Thread 0x0000024e7593d2e0 Thread added: 0x0000024e7593d2e0
Event: 0.290 Thread 0x0000024e75d0a120 Thread added: 0x0000024e75d0a120
Event: 0.670 Thread 0x0000024e75dd1b80 Thread added: 0x0000024e75dd1b80
Event: 1.138 Thread 0x0000024e75dd1b80 Thread exited: 0x0000024e75dd1b80
Event: 2.731 Thread 0x0000024e7ada38c0 Thread added: 0x0000024e7ada38c0
Event: 3.236 Thread 0x0000024e7b7bb010 Thread added: 0x0000024e7b7bb010
Event: 3.632 Thread 0x0000024e7a79fb90 Thread added: 0x0000024e7a79fb90
Event: 3.742 Thread 0x0000024e7b78bbf0 Thread added: 0x0000024e7b78bbf0
Event: 3.814 Thread 0x0000024e7b810050 Thread added: 0x0000024e7b810050
Event: 3.818 Thread 0x0000024e7bcba470 Thread added: 0x0000024e7bcba470
Event: 3.905 Thread 0x0000024e7ba8a8e0 Thread added: 0x0000024e7ba8a8e0
Event: 3.932 Thread 0x0000024e7b9efdc0 Thread added: 0x0000024e7b9efdc0
Event: 3.958 Thread 0x0000024e7b9eea10 Thread added: 0x0000024e7b9eea10
Event: 3.961 Thread 0x0000024e7b9f0ae0 Thread added: 0x0000024e7b9f0ae0
Event: 3.964 Thread 0x0000024e7b9ef0a0 Thread added: 0x0000024e7b9ef0a0


Dynamic libraries:
0x00007ff6e1b30000 - 0x00007ff6e1b40000 	C:\Program Files\Java\jdk-21\bin\java.exe
0x00007ffc0b8b0000 - 0x00007ffc0bac7000 	C:\WINDOWS\SYSTEM32\ntdll.dll
0x00007ffc0a370000 - 0x00007ffc0a434000 	C:\WINDOWS\System32\KERNEL32.DLL
0x00007ffc08e70000 - 0x00007ffc09227000 	C:\WINDOWS\System32\KERNELBASE.dll
0x00007ffc08ce0000 - 0x00007ffc08df1000 	C:\WINDOWS\System32\ucrtbase.dll
0x00007ffbfcc30000 - 0x00007ffbfcc4b000 	C:\Program Files\Java\jdk-21\bin\VCRUNTIME140.dll
0x00007ffbfca60000 - 0x00007ffbfca79000 	C:\Program Files\Java\jdk-21\bin\jli.dll
0x00007ffc095e0000 - 0x00007ffc09692000 	C:\WINDOWS\System32\ADVAPI32.dll
0x00007ffc0b7c0000 - 0x00007ffc0b867000 	C:\WINDOWS\System32\msvcrt.dll
0x00007ffc0a160000 - 0x00007ffc0a208000 	C:\WINDOWS\System32\sechost.dll
0x00007ffc092f0000 - 0x00007ffc09318000 	C:\WINDOWS\System32\bcrypt.dll
0x00007ffc09d00000 - 0x00007ffc09e14000 	C:\WINDOWS\System32\RPCRT4.dll
0x00007ffc0b450000 - 0x00007ffc0b5ff000 	C:\WINDOWS\System32\USER32.dll
0x00007ffc09320000 - 0x00007ffc09346000 	C:\WINDOWS\System32\win32u.dll
0x00007ffbea8a0000 - 0x00007ffbeab33000 	C:\WINDOWS\WinSxS\amd64_microsoft.windows.common-controls_6595b64144ccf1df_6.0.22621.3672_none_2713b9d173822955\COMCTL32.dll
0x00007ffc0a130000 - 0x00007ffc0a159000 	C:\WINDOWS\System32\GDI32.dll
0x00007ffc08bc0000 - 0x00007ffc08cd8000 	C:\WINDOWS\System32\gdi32full.dll
0x00007ffc09540000 - 0x00007ffc095da000 	C:\WINDOWS\System32\msvcp_win.dll
0x00007ffc00f00000 - 0x00007ffc00f0a000 	C:\WINDOWS\SYSTEM32\VERSION.dll
0x00007ffc09c90000 - 0x00007ffc09cc1000 	C:\WINDOWS\System32\IMM32.DLL
0x00007ffbe10c0000 - 0x00007ffbe10cc000 	C:\Program Files\Java\jdk-21\bin\vcruntime140_1.dll
0x00007ffbcdca0000 - 0x00007ffbcdd2e000 	C:\Program Files\Java\jdk-21\bin\msvcp140.dll
0x00007ffb4f670000 - 0x00007ffb50383000 	C:\Program Files\Java\jdk-21\bin\server\jvm.dll
0x00007ffc096a0000 - 0x00007ffc09711000 	C:\WINDOWS\System32\WS2_32.dll
0x00007ffc08490000 - 0x00007ffc084dd000 	C:\WINDOWS\SYSTEM32\POWRPROF.dll
0x00007ffc06940000 - 0x00007ffc06974000 	C:\WINDOWS\SYSTEM32\WINMM.dll
0x00007ffc08420000 - 0x00007ffc08433000 	C:\WINDOWS\SYSTEM32\UMPDC.dll
0x00007ffc07bd0000 - 0x00007ffc07be8000 	C:\WINDOWS\SYSTEM32\kernel.appcore.dll
0x00007ffbe0720000 - 0x00007ffbe072a000 	C:\Program Files\Java\jdk-21\bin\jimage.dll
0x00007ffc06380000 - 0x00007ffc065b2000 	C:\WINDOWS\SYSTEM32\DBGHELP.DLL
0x00007ffc09900000 - 0x00007ffc09c8e000 	C:\WINDOWS\System32\combase.dll
0x00007ffc09e20000 - 0x00007ffc09ef7000 	C:\WINDOWS\System32\OLEAUT32.dll
0x00007ffc004a0000 - 0x00007ffc004d2000 	C:\WINDOWS\SYSTEM32\dbgcore.DLL
0x00007ffc09350000 - 0x00007ffc093cb000 	C:\WINDOWS\System32\bcryptPrimitives.dll
0x00007ffbd6010000 - 0x00007ffbd601f000 	C:\Program Files\Java\jdk-21\bin\instrument.dll
0x00007ffbcde20000 - 0x00007ffbcde3f000 	C:\Program Files\Java\jdk-21\bin\java.dll
0x00007ffc0a440000 - 0x00007ffc0aca9000 	C:\WINDOWS\System32\SHELL32.dll
0x00007ffc06ae0000 - 0x00007ffc073df000 	C:\WINDOWS\SYSTEM32\windows.storage.dll
0x00007ffc069a0000 - 0x00007ffc06adf000 	C:\WINDOWS\SYSTEM32\wintypes.dll
0x00007ffc0b190000 - 0x00007ffc0b289000 	C:\WINDOWS\System32\SHCORE.dll
0x00007ffc098a0000 - 0x00007ffc098fe000 	C:\WINDOWS\System32\shlwapi.dll
0x00007ffc08af0000 - 0x00007ffc08b17000 	C:\WINDOWS\SYSTEM32\profapi.dll
0x00007ffb928d0000 - 0x00007ffb929a7000 	C:\Program Files\Java\jdk-21\bin\jsvml.dll
0x00007ffbb45a0000 - 0x00007ffbb45b8000 	C:\Program Files\Java\jdk-21\bin\zip.dll
0x00007ffbd0670000 - 0x00007ffbd0680000 	C:\Program Files\Java\jdk-21\bin\net.dll
0x00007ffc027d0000 - 0x00007ffc02906000 	C:\WINDOWS\SYSTEM32\WINHTTP.dll
0x00007ffc08040000 - 0x00007ffc080a9000 	C:\WINDOWS\system32\mswsock.dll
0x00007ffbb4160000 - 0x00007ffbb4176000 	C:\Program Files\Java\jdk-21\bin\nio.dll
0x00007ffbce430000 - 0x00007ffbce440000 	C:\Program Files\Java\jdk-21\bin\verify.dll
0x00007ffbc1400000 - 0x00007ffbc1427000 	C:\Users\011ko\.gradle\native\c067742578af261105cb4f569cf0c3c89f3d7b1fecec35dd04571415982c5e48\windows-amd64\native-platform.dll
0x00007ffb58650000 - 0x00007ffb58794000 	C:\Users\011ko\.gradle\native\38dada09dfb8b06ba9b0570ebf7e218e3eb74d4ef43ca46872605cf95ebc2f47\windows-amd64\native-platform-file-events.dll
0x00007ffbc9c20000 - 0x00007ffbc9c2a000 	C:\Program Files\Java\jdk-21\bin\management.dll
0x00007ffbc57c0000 - 0x00007ffbc57cb000 	C:\Program Files\Java\jdk-21\bin\management_ext.dll
0x00007ffc09800000 - 0x00007ffc09808000 	C:\WINDOWS\System32\PSAPI.DLL
0x00007ffc08280000 - 0x00007ffc0829b000 	C:\WINDOWS\SYSTEM32\CRYPTSP.dll
0x00007ffc07b30000 - 0x00007ffc07b65000 	C:\WINDOWS\system32\rsaenh.dll
0x00007ffc08100000 - 0x00007ffc08128000 	C:\WINDOWS\SYSTEM32\USERENV.dll
0x00007ffc082a0000 - 0x00007ffc082ac000 	C:\WINDOWS\SYSTEM32\CRYPTBASE.dll
0x00007ffc07680000 - 0x00007ffc076ad000 	C:\WINDOWS\SYSTEM32\IPHLPAPI.DLL
0x00007ffc09cf0000 - 0x00007ffc09cf9000 	C:\WINDOWS\System32\NSI.dll
0x00007ffbb6020000 - 0x00007ffbb6029000 	C:\Program Files\Java\jdk-21\bin\extnet.dll
0x00007ffbb5ea0000 - 0x00007ffbb5eae000 	C:\Program Files\Java\jdk-21\bin\sunmscapi.dll
0x00007ffc093d0000 - 0x00007ffc09536000 	C:\WINDOWS\System32\CRYPT32.dll
0x00007ffc08580000 - 0x00007ffc085ad000 	C:\WINDOWS\SYSTEM32\ncrypt.dll
0x00007ffc08540000 - 0x00007ffc08577000 	C:\WINDOWS\SYSTEM32\NTASN1.dll
0x00007ffbe34b0000 - 0x00007ffbe34b8000 	C:\WINDOWS\system32\wshunix.dll

dbghelp: loaded successfully - version: 4.0.5 - missing functions: none
symbol engine: initialized successfully - sym options: 0x614 - pdb path: .;C:\Program Files\Java\jdk-21\bin;C:\WINDOWS\SYSTEM32;C:\WINDOWS\WinSxS\amd64_microsoft.windows.common-controls_6595b64144ccf1df_6.0.22621.3672_none_2713b9d173822955;C:\Program Files\Java\jdk-21\bin\server;C:\Users\011ko\.gradle\native\c067742578af261105cb4f569cf0c3c89f3d7b1fecec35dd04571415982c5e48\windows-amd64;C:\Users\011ko\.gradle\native\38dada09dfb8b06ba9b0570ebf7e218e3eb74d4ef43ca46872605cf95ebc2f47\windows-amd64

VM Arguments:
jvm_args: --add-opens=java.base/java.util=ALL-UNNAMED --add-opens=java.base/java.lang=ALL-UNNAMED --add-opens=java.base/java.lang.invoke=ALL-UNNAMED --add-opens=java.prefs/java.util.prefs=ALL-UNNAMED --add-opens=java.base/java.nio.charset=ALL-UNNAMED --add-opens=java.base/java.net=ALL-UNNAMED --add-opens=java.base/java.util.concurrent.atomic=ALL-UNNAMED -XX:MaxMetaspaceSize=384m -XX:+HeapDumpOnOutOfMemoryError -Xms256m -Xmx512m -Dfile.encoding=UTF-8 -Duser.country=RU -Duser.language=ru -Duser.variant -javaagent:C:\Users\011ko\.gradle\wrapper\dists\gradle-8.5-bin\5t9huq95ubn472n8rpzujfbqh\gradle-8.5\lib\agents\gradle-instrumentation-agent-8.5.jar 
java_command: org.gradle.launcher.daemon.bootstrap.GradleDaemon 8.5
java_class_path (initial): C:\Users\011ko\.gradle\wrapper\dists\gradle-8.5-bin\5t9huq95ubn472n8rpzujfbqh\gradle-8.5\lib\gradle-launcher-8.5.jar
Launcher Type: SUN_STANDARD

[Global flags]
     intx CICompilerCount                          = 3                                         {product} {ergonomic}
   size_t CompressedClassSpaceSize                 = 335544320                                 {product} {ergonomic}
     uint ConcGCThreads                            = 1                                         {product} {ergonomic}
     uint G1ConcRefinementThreads                  = 4                                         {product} {ergonomic}
   size_t G1HeapRegionSize                         = 1048576                                   {product} {ergonomic}
    uintx GCDrainStackTargetSize                   = 64                                        {product} {ergonomic}
     bool HeapDumpOnOutOfMemoryError               = true                                   {manageable} {command line}
   size_t InitialHeapSize                          = 268435456                                 {product} {command line}
   size_t MarkStackSize                            = 4194304                                   {product} {ergonomic}
   size_t MaxHeapSize                              = 536870912                                 {product} {command line}
   size_t MaxMetaspaceSize                         = 402653184                                 {product} {command line}
   size_t MaxNewSize                               = 321912832                                 {product} {ergonomic}
   size_t MinHeapDeltaBytes                        = 1048576                                   {product} {ergonomic}
   size_t MinHeapSize                              = 268435456                                 {product} {command line}
    uintx NonNMethodCodeHeapSize                   = 5832780                                {pd product} {ergonomic}
    uintx NonProfiledCodeHeapSize                  = 122912730                              {pd product} {ergonomic}
    uintx ProfiledCodeHeapSize                     = 122912730                              {pd product} {ergonomic}
    uintx ReservedCodeCacheSize                    = 251658240                              {pd product} {ergonomic}
     bool SegmentedCodeCache                       = true                                      {product} {ergonomic}
   size_t SoftMaxHeapSize                          = 536870912                              {manageable} {ergonomic}
     bool UseCompressedOops                        = true                           {product lp64_product} {ergonomic}
     bool UseG1GC                                  = true                                      {product} {ergonomic}
     bool UseLargePagesIndividualAllocation        = false                                  {pd product} {ergonomic}

Logging:
Log output configuration:
 #0: stdout all=warning uptime,level,tags foldmultilines=false
 #1: stderr all=off uptime,level,tags foldmultilines=false

Environment Variables:
PATH=C:\oraclexe\app\oracle\product\11.2.0\server\bin;;C:\Program Files\Common Files\Oracle\Java\javapath;C:\Program Files (x86)\Common Files\Oracle\Java\java8path;C:\Program Files (x86)\Common Files\Oracle\Java\javapath;C:\Windows\System32\HWAudioDriverLibs;C:\Windows\system32;C:\Windows;C:\Windows\System32\Wbem;C:\Windows\System32\WindowsPowerShell\v1.0\;C:\Windows\System32\OpenSSH\;C:\Users\Administrator\AppData\Local\Microsoft\WindowsApps;C:\WINDOWS\system32;C:\WINDOWS;C:\WINDOWS\System32\Wbem;C:\WINDOWS\System32\WindowsPowerShell\v1.0\;C:\WINDOWS\System32\OpenSSH\;C:\Program Files\nodejs\;C:\Program Files\Git\cmd;C:\Users\011ko\Documents\gradle-8.10-all\gradle-8.10\bin;C:\Program Files\AmneziaWG\;C:\Users\011ko\AppData\Local\Microsoft\WindowsApps;C:\Users\011ko\AppData\Local\Programs\Microsoft VS Code\bin;C:\Users\011ko\AppData\Roaming\npm;C:\Users\011ko\AppData\Local\GitHubDesktop\bin;C:\Users\011ko\Documents\gradle-8.10-all\gradle-8.10\bin;
USERNAME=011ko
OS=Windows_NT
PROCESSOR_IDENTIFIER=Intel64 Family 6 Model 140 Stepping 1, GenuineIntel
TMP=C:\Users\011ko\AppData\Local\Temp
TEMP=C:\Users\011ko\AppData\Local\Temp




Periodic native trim disabled

---------------  S Y S T E M  ---------------

OS:
 Windows 11 , 64 bit Build 22621 (10.0.22621.3958)
OS uptime: 5 days 12:14 hours
Hyper-V role detected

CPU: total 4 (initial active 4) (2 cores per cpu, 2 threads per core) family 6 model 140 stepping 1 microcode 0x8a, cx8, cmov, fxsr, ht, mmx, 3dnowpref, sse, sse2, sse3, ssse3, sse4.1, sse4.2, popcnt, lzcnt, tsc, tscinvbit, avx, avx2, aes, erms, clmul, bmi1, bmi2, adx, avx512f, avx512dq, avx512cd, avx512bw, avx512vl, sha, fma, vzeroupper, avx512_vpopcntdq, avx512_vpclmulqdq, avx512_vaes, avx512_vnni, clflush, clflushopt, clwb, avx512_vbmi2, avx512_vbmi, hv, rdtscp, rdpid, fsrm, gfni, avx512_bitalg, f16c, cet_ibt, cet_ss, avx512_ifma
Processor Information for all 4 processors :
  Max Mhz: 2995, Current Mhz: 2995, Mhz Limit: 2995

Memory: 4k page, system-wide physical 7991M (427M free)
TotalPageFile size 23351M (AvailPageFile size 0M)
current process WorkingSet (physical memory assigned to process): 150M, peak: 150M
current process commit charge ("private bytes"): 381M, peak: 381M

vm_info: Java HotSpot(TM) 64-Bit Server VM (21.0.4+8-LTS-274) for windows-amd64 JRE (21.0.4+8-LTS-274), built on 2024-06-05T05:23:33Z by "mach5one" with MS VC++ 17.6 (VS2022)

END.
