#
# There is insufficient memory for the Java Runtime Environment to continue.
# Native memory allocation (malloc) failed to allocate 2200896 bytes for Chunk::new
# Possible reasons:
#   The system is out of physical RAM or swap space
#   The process is running with CompressedOops enabled, and the Java Heap may be blocking the growth of the native heap
# Possible solutions:
#   Reduce memory load on the system
#   Increase physical memory or swap space
#   Check if swap backing store is full
#   Decrease Java heap size (-Xmx/-Xms)
#   Decrease number of Java threads
#   Decrease Java thread stack sizes (-Xss)
#   Set larger code cache with -XX:ReservedCodeCacheSize=
#   JVM is running with Unscaled Compressed Oops mode in which the Java heap is
#     placed in the first 4GB address space. The Java Heap base address is the
#     maximum limit for the native heap growth. Please use -XX:HeapBaseMinAddress
#     to set the Java Heap base and to place the Java Heap above 4GB virtual address.
# This output file may be truncated or incomplete.
#
#  Out of Memory Error (arena.cpp:168), pid=6028, tid=13728
#
# JRE version: Java(TM) SE Runtime Environment (21.0.4+8) (build 21.0.4+8-LTS-274)
# Java VM: Java HotSpot(TM) 64-Bit Server VM (21.0.4+8-LTS-274, mixed mode, sharing, tiered, compressed oops, compressed class ptrs, g1 gc, windows-amd64)
# No core dump will be written. Minidumps are not enabled by default on client versions of Windows
#

---------------  S U M M A R Y ------------

Command Line: --add-opens=java.base/java.util=ALL-UNNAMED --add-opens=java.base/java.lang=ALL-UNNAMED --add-opens=java.base/java.lang.invoke=ALL-UNNAMED --add-opens=java.prefs/java.util.prefs=ALL-UNNAMED --add-opens=java.base/java.nio.charset=ALL-UNNAMED --add-opens=java.base/java.net=ALL-UNNAMED --add-opens=java.base/java.util.concurrent.atomic=ALL-UNNAMED -XX:MaxMetaspaceSize=384m -XX:+HeapDumpOnOutOfMemoryError -Xms256m -Xmx512m -Dfile.encoding=UTF-8 -Duser.country=RU -Duser.language=ru -Duser.variant -javaagent:C:\Users\011ko\.gradle\wrapper\dists\gradle-8.5-bin\5t9huq95ubn472n8rpzujfbqh\gradle-8.5\lib\agents\gradle-instrumentation-agent-8.5.jar org.gradle.launcher.daemon.bootstrap.GradleDaemon 8.5

Host: 11th Gen Intel(R) Core(TM) i3-1115G4 @ 3.00GHz, 4 cores, 7G,  Windows 11 , 64 bit Build 22621 (10.0.22621.3958)
Time: Wed Oct 23 00:01:23 2024 RTZ 6 (s 11 , 64 bit Build 22621 (10.0.22621.3958) elapsed time: 6.403155 seconds (0d 0h 0m 6s)

---------------  T H R E A D  ---------------

Current thread (0x0000029fad3037d0):  JavaThread "C2 CompilerThread0" daemon [_thread_in_native, id=13728, stack(0x000000ef34600000,0x000000ef34700000) (1024K)]


Current CompileTask:
C2:   6403 2548   !   4       java.lang.ClassLoader::loadClass (121 bytes)

Stack: [0x000000ef34600000,0x000000ef34700000]
Native frames: (J=compiled Java code, j=interpreted, Vv=VM code, C=native code)
V  [jvm.dll+0x6c8e59]
V  [jvm.dll+0x853181]
V  [jvm.dll+0x8556ae]
V  [jvm.dll+0x855d83]
V  [jvm.dll+0x27d526]
V  [jvm.dll+0xc4aad]
V  [jvm.dll+0xc4fe3]
V  [jvm.dll+0x3b400c]
V  [jvm.dll+0x1df439]
V  [jvm.dll+0x2463d2]
V  [jvm.dll+0x24585f]
V  [jvm.dll+0x1c69de]
V  [jvm.dll+0x254d49]
V  [jvm.dll+0x2532da]
V  [jvm.dll+0x3ed426]
V  [jvm.dll+0x7fd65b]
V  [jvm.dll+0x6c753d]
C  [ucrtbase.dll+0x29333]
C  [KERNEL32.DLL+0x1257d]
C  [ntdll.dll+0x5af08]


---------------  P R O C E S S  ---------------

Threads class SMR info:
_java_thread_list=0x0000029fc79293c0, length=25, elements={
0x0000029f92f686d0, 0x0000029fad2f8520, 0x0000029fad2f9330, 0x0000029fad2fa230,
0x0000029fad2fce90, 0x0000029fad2fd9e0, 0x0000029fad302950, 0x0000029fad3037d0,
0x0000029fad306290, 0x0000029fad2c9da0, 0x0000029fad6621d0, 0x0000029fc7c2e420,
0x0000029fc77717f0, 0x0000029fc86e9440, 0x0000029fc8360ca0, 0x0000029fc8975490,
0x0000029fc87ce870, 0x0000029fc86fccf0, 0x0000029fc87c93a0, 0x0000029fc87cade0,
0x0000029fc87c7ff0, 0x0000029fc87c9a30, 0x0000029fc87cb470, 0x0000029fc87ca0c0,
0x0000029fc882dab0
}

Java Threads: ( => current thread )
  0x0000029f92f686d0 JavaThread "main"                              [_thread_blocked, id=29400, stack(0x000000ef33800000,0x000000ef33900000) (1024K)]
  0x0000029fad2f8520 JavaThread "Reference Handler"          daemon [_thread_blocked, id=24308, stack(0x000000ef34000000,0x000000ef34100000) (1024K)]
  0x0000029fad2f9330 JavaThread "Finalizer"                  daemon [_thread_blocked, id=8292, stack(0x000000ef34100000,0x000000ef34200000) (1024K)]
  0x0000029fad2fa230 JavaThread "Signal Dispatcher"          daemon [_thread_blocked, id=11360, stack(0x000000ef34200000,0x000000ef34300000) (1024K)]
  0x0000029fad2fce90 JavaThread "Attach Listener"            daemon [_thread_blocked, id=4252, stack(0x000000ef34300000,0x000000ef34400000) (1024K)]
  0x0000029fad2fd9e0 JavaThread "Service Thread"             daemon [_thread_blocked, id=28052, stack(0x000000ef34400000,0x000000ef34500000) (1024K)]
  0x0000029fad302950 JavaThread "Monitor Deflation Thread"   daemon [_thread_blocked, id=10500, stack(0x000000ef34500000,0x000000ef34600000) (1024K)]
=>0x0000029fad3037d0 JavaThread "C2 CompilerThread0"         daemon [_thread_in_native, id=13728, stack(0x000000ef34600000,0x000000ef34700000) (1024K)]
  0x0000029fad306290 JavaThread "C1 CompilerThread0"         daemon [_thread_blocked, id=19500, stack(0x000000ef34700000,0x000000ef34800000) (1024K)]
  0x0000029fad2c9da0 JavaThread "Common-Cleaner"             daemon [_thread_blocked, id=27856, stack(0x000000ef34800000,0x000000ef34900000) (1024K)]
  0x0000029fad6621d0 JavaThread "Notification Thread"        daemon [_thread_blocked, id=21356, stack(0x000000ef34900000,0x000000ef34a00000) (1024K)]
  0x0000029fc7c2e420 JavaThread "Daemon health stats"               [_thread_blocked, id=1828, stack(0x000000ef34d00000,0x000000ef34e00000) (1024K)]
  0x0000029fc77717f0 JavaThread "Incoming local TCP Connector on port 58420"        [_thread_in_native, id=21624, stack(0x000000ef34f00000,0x000000ef35000000) (1024K)]
  0x0000029fc86e9440 JavaThread "Daemon periodic checks"            [_thread_blocked, id=23208, stack(0x000000ef35000000,0x000000ef35100000) (1024K)]
  0x0000029fc8360ca0 JavaThread "Daemon"                            [_thread_blocked, id=26904, stack(0x000000ef35100000,0x000000ef35200000) (1024K)]
  0x0000029fc8975490 JavaThread "Handler for socket connection from /127.0.0.1:58420 to /127.0.0.1:58422"        [_thread_in_native, id=15180, stack(0x000000ef35200000,0x000000ef35300000) (1024K)]
  0x0000029fc87ce870 JavaThread "Cancel handler"                    [_thread_blocked, id=7004, stack(0x000000ef35300000,0x000000ef35400000) (1024K)]
  0x0000029fc86fccf0 JavaThread "Daemon worker"                     [_thread_in_vm, id=21796, stack(0x000000ef35400000,0x000000ef35500000) (1024K)]
  0x0000029fc87c93a0 JavaThread "Asynchronous log dispatcher for DefaultDaemonConnection: socket connection from /127.0.0.1:58420 to /127.0.0.1:58422"        [_thread_blocked, id=14076, stack(0x000000ef35500000,0x000000ef35600000) (1024K)]
  0x0000029fc87cade0 JavaThread "Stdin handler"                     [_thread_blocked, id=22172, stack(0x000000ef35600000,0x000000ef35700000) (1024K)]
  0x0000029fc87c7ff0 JavaThread "Daemon client event forwarder"        [_thread_blocked, id=10348, stack(0x000000ef35700000,0x000000ef35800000) (1024K)]
  0x0000029fc87c9a30 JavaThread "Cache worker for journal cache (C:\Users\011ko\.gradle\caches\journal-1)"        [_thread_blocked, id=25508, stack(0x000000ef34e00000,0x000000ef34f00000) (1024K)]
  0x0000029fc87cb470 JavaThread "File lock request listener"        [_thread_in_native, id=28960, stack(0x000000ef35800000,0x000000ef35900000) (1024K)]
  0x0000029fc87ca0c0 JavaThread "File lock release action executor"        [_thread_blocked, id=26400, stack(0x000000ef35900000,0x000000ef35a00000) (1024K)]
  0x0000029fc882dab0 JavaThread "C2 CompilerThread1"         daemon [_thread_in_native, id=19136, stack(0x000000ef35a00000,0x000000ef35b00000) (1024K)]
Total: 25

Other Threads:
  0x0000029fad2ded20 VMThread "VM Thread"                           [id=10360, stack(0x000000ef33f00000,0x000000ef34000000) (1024K)]
  0x0000029fad2c7a40 WatcherThread "VM Periodic Task Thread"        [id=2528, stack(0x000000ef33e00000,0x000000ef33f00000) (1024K)]
  0x0000029f92f95800 WorkerThread "GC Thread#0"                     [id=11112, stack(0x000000ef33900000,0x000000ef33a00000) (1024K)]
  0x0000029fc71997c0 WorkerThread "GC Thread#1"                     [id=1084, stack(0x000000ef34a00000,0x000000ef34b00000) (1024K)]
  0x0000029fc7199b60 WorkerThread "GC Thread#2"                     [id=27708, stack(0x000000ef34b00000,0x000000ef34c00000) (1024K)]
  0x0000029fc7199f00 WorkerThread "GC Thread#3"                     [id=26628, stack(0x000000ef34c00000,0x000000ef34d00000) (1024K)]
  0x0000029f92f9a7e0 ConcurrentGCThread "G1 Main Marker"            [id=14700, stack(0x000000ef33a00000,0x000000ef33b00000) (1024K)]
  0x0000029f92f9b2e0 WorkerThread "G1 Conc#0"                       [id=6396, stack(0x000000ef33b00000,0x000000ef33c00000) (1024K)]
  0x0000029f9302e440 ConcurrentGCThread "G1 Refine#0"               [id=9284, stack(0x000000ef33c00000,0x000000ef33d00000) (1024K)]
  0x0000029fad19b580 ConcurrentGCThread "G1 Service"                [id=22192, stack(0x000000ef33d00000,0x000000ef33e00000) (1024K)]
Total: 10

Threads with active compile tasks:
C2 CompilerThread0     6419 2548   !   4       java.lang.ClassLoader::loadClass (121 bytes)
C2 CompilerThread1     6419 2590       4       jdk.internal.org.objectweb.asm.Frame::execute (2305 bytes)
Total: 2

VM state: not at safepoint (normal execution)

VM Mutex/Monitor currently owned by a thread: None

Heap address: 0x00000000e0000000, size: 512 MB, Compressed Oops mode: 32-bit

CDS archive(s) mapped at: [0x0000029fae000000-0x0000029faec90000-0x0000029faec90000), size 13172736, SharedBaseAddress: 0x0000029fae000000, ArchiveRelocationMode: 1.
Compressed class space mapped at: 0x0000029faf000000-0x0000029fc3000000, reserved size: 335544320
Narrow klass base: 0x0000029fae000000, Narrow klass shift: 0, Narrow klass range: 0x100000000

GC Precious Log:
 CardTable entry size: 512
 Card Set container configuration: InlinePtr #cards 5 size 8 Array Of Cards #cards 12 size 40 Howl #buckets 4 coarsen threshold 1843 Howl Bitmap #cards 512 size 80 coarsen threshold 460 Card regions per heap region 1 cards per card region 2048
 CPUs: 4 total, 4 available
 Memory: 7991M
 Large Page Support: Disabled
 NUMA Support: Disabled
 Compressed Oops: Enabled (32-bit)
 Heap Region Size: 1M
 Heap Min Capacity: 256M
 Heap Initial Capacity: 256M
 Heap Max Capacity: 512M
 Pre-touch: Disabled
 Parallel Workers: 4
 Concurrent Workers: 1
 Concurrent Refinement Workers: 4
 Periodic GC: Disabled

Heap:
 garbage-first heap   total 262144K, used 76554K [0x00000000e0000000, 0x0000000100000000)
  region size 1024K, 66 young (67584K), 2 survivors (2048K)
 Metaspace       used 15437K, committed 15936K, reserved 393216K
  class space    used 2113K, committed 2368K, reserved 327680K

Heap Regions: E=young(eden), S=young(survivor), O=old, HS=humongous(starts), HC=humongous(continues), CS=collection set, F=free, TAMS=top-at-mark-start, PB=parsable bottom
|   0|0x00000000e0000000, 0x00000000e0100000, 0x00000000e0100000|100%| O|  |TAMS 0x00000000e0000000| PB 0x00000000e0000000| Untracked 
|   1|0x00000000e0100000, 0x00000000e0200000, 0x00000000e0200000|100%|HS|  |TAMS 0x00000000e0100000| PB 0x00000000e0100000| Complete 
|   2|0x00000000e0200000, 0x00000000e0300000, 0x00000000e0300000|100%|HC|  |TAMS 0x00000000e0200000| PB 0x00000000e0200000| Complete 
|   3|0x00000000e0300000, 0x00000000e0400000, 0x00000000e0400000|100%|HC|  |TAMS 0x00000000e0300000| PB 0x00000000e0300000| Complete 
|   4|0x00000000e0400000, 0x00000000e0500000, 0x00000000e0500000|100%|HC|  |TAMS 0x00000000e0400000| PB 0x00000000e0400000| Complete 
|   5|0x00000000e0500000, 0x00000000e0600000, 0x00000000e0600000|100%| O|  |TAMS 0x00000000e0500000| PB 0x00000000e0500000| Untracked 
|   6|0x00000000e0600000, 0x00000000e0700000, 0x00000000e0700000|100%| O|  |TAMS 0x00000000e0600000| PB 0x00000000e0600000| Untracked 
|   7|0x00000000e0700000, 0x00000000e0800000, 0x00000000e0800000|100%| O|  |TAMS 0x00000000e0700000| PB 0x00000000e0700000| Untracked 
|   8|0x00000000e0800000, 0x00000000e0900000, 0x00000000e0900000|100%| O|  |TAMS 0x00000000e0800000| PB 0x00000000e0800000| Untracked 
|   9|0x00000000e0900000, 0x00000000e0a00000, 0x00000000e0a00000|100%| O|  |TAMS 0x00000000e0900000| PB 0x00000000e0900000| Untracked 
|  10|0x00000000e0a00000, 0x00000000e0aa9f30, 0x00000000e0b00000| 66%| O|  |TAMS 0x00000000e0a00000| PB 0x00000000e0a00000| Untracked 
|  11|0x00000000e0b00000, 0x00000000e0c00000, 0x00000000e0c00000|100%|HS|  |TAMS 0x00000000e0b00000| PB 0x00000000e0b00000| Complete 
|  12|0x00000000e0c00000, 0x00000000e0c00000, 0x00000000e0d00000|  0%| F|  |TAMS 0x00000000e0c00000| PB 0x00000000e0c00000| Untracked 
|  13|0x00000000e0d00000, 0x00000000e0d00000, 0x00000000e0e00000|  0%| F|  |TAMS 0x00000000e0d00000| PB 0x00000000e0d00000| Untracked 
|  14|0x00000000e0e00000, 0x00000000e0e00000, 0x00000000e0f00000|  0%| F|  |TAMS 0x00000000e0e00000| PB 0x00000000e0e00000| Untracked 
|  15|0x00000000e0f00000, 0x00000000e0f00000, 0x00000000e1000000|  0%| F|  |TAMS 0x00000000e0f00000| PB 0x00000000e0f00000| Untracked 
|  16|0x00000000e1000000, 0x00000000e1000000, 0x00000000e1100000|  0%| F|  |TAMS 0x00000000e1000000| PB 0x00000000e1000000| Untracked 
|  17|0x00000000e1100000, 0x00000000e1100000, 0x00000000e1200000|  0%| F|  |TAMS 0x00000000e1100000| PB 0x00000000e1100000| Untracked 
|  18|0x00000000e1200000, 0x00000000e1200000, 0x00000000e1300000|  0%| F|  |TAMS 0x00000000e1200000| PB 0x00000000e1200000| Untracked 
|  19|0x00000000e1300000, 0x00000000e1300000, 0x00000000e1400000|  0%| F|  |TAMS 0x00000000e1300000| PB 0x00000000e1300000| Untracked 
|  20|0x00000000e1400000, 0x00000000e1400000, 0x00000000e1500000|  0%| F|  |TAMS 0x00000000e1400000| PB 0x00000000e1400000| Untracked 
|  21|0x00000000e1500000, 0x00000000e1500000, 0x00000000e1600000|  0%| F|  |TAMS 0x00000000e1500000| PB 0x00000000e1500000| Untracked 
|  22|0x00000000e1600000, 0x00000000e1600000, 0x00000000e1700000|  0%| F|  |TAMS 0x00000000e1600000| PB 0x00000000e1600000| Untracked 
|  23|0x00000000e1700000, 0x00000000e1700000, 0x00000000e1800000|  0%| F|  |TAMS 0x00000000e1700000| PB 0x00000000e1700000| Untracked 
|  24|0x00000000e1800000, 0x00000000e1800000, 0x00000000e1900000|  0%| F|  |TAMS 0x00000000e1800000| PB 0x00000000e1800000| Untracked 
|  25|0x00000000e1900000, 0x00000000e1900000, 0x00000000e1a00000|  0%| F|  |TAMS 0x00000000e1900000| PB 0x00000000e1900000| Untracked 
|  26|0x00000000e1a00000, 0x00000000e1a00000, 0x00000000e1b00000|  0%| F|  |TAMS 0x00000000e1a00000| PB 0x00000000e1a00000| Untracked 
|  27|0x00000000e1b00000, 0x00000000e1b00000, 0x00000000e1c00000|  0%| F|  |TAMS 0x00000000e1b00000| PB 0x00000000e1b00000| Untracked 
|  28|0x00000000e1c00000, 0x00000000e1c00000, 0x00000000e1d00000|  0%| F|  |TAMS 0x00000000e1c00000| PB 0x00000000e1c00000| Untracked 
|  29|0x00000000e1d00000, 0x00000000e1d00000, 0x00000000e1e00000|  0%| F|  |TAMS 0x00000000e1d00000| PB 0x00000000e1d00000| Untracked 
|  30|0x00000000e1e00000, 0x00000000e1e00000, 0x00000000e1f00000|  0%| F|  |TAMS 0x00000000e1e00000| PB 0x00000000e1e00000| Untracked 
|  31|0x00000000e1f00000, 0x00000000e1f00000, 0x00000000e2000000|  0%| F|  |TAMS 0x00000000e1f00000| PB 0x00000000e1f00000| Untracked 
|  32|0x00000000e2000000, 0x00000000e2000000, 0x00000000e2100000|  0%| F|  |TAMS 0x00000000e2000000| PB 0x00000000e2000000| Untracked 
|  33|0x00000000e2100000, 0x00000000e2100000, 0x00000000e2200000|  0%| F|  |TAMS 0x00000000e2100000| PB 0x00000000e2100000| Untracked 
|  34|0x00000000e2200000, 0x00000000e2200000, 0x00000000e2300000|  0%| F|  |TAMS 0x00000000e2200000| PB 0x00000000e2200000| Untracked 
|  35|0x00000000e2300000, 0x00000000e2300000, 0x00000000e2400000|  0%| F|  |TAMS 0x00000000e2300000| PB 0x00000000e2300000| Untracked 
|  36|0x00000000e2400000, 0x00000000e2400000, 0x00000000e2500000|  0%| F|  |TAMS 0x00000000e2400000| PB 0x00000000e2400000| Untracked 
|  37|0x00000000e2500000, 0x00000000e2500000, 0x00000000e2600000|  0%| F|  |TAMS 0x00000000e2500000| PB 0x00000000e2500000| Untracked 
|  38|0x00000000e2600000, 0x00000000e2600000, 0x00000000e2700000|  0%| F|  |TAMS 0x00000000e2600000| PB 0x00000000e2600000| Untracked 
|  39|0x00000000e2700000, 0x00000000e2700000, 0x00000000e2800000|  0%| F|  |TAMS 0x00000000e2700000| PB 0x00000000e2700000| Untracked 
|  40|0x00000000e2800000, 0x00000000e2800000, 0x00000000e2900000|  0%| F|  |TAMS 0x00000000e2800000| PB 0x00000000e2800000| Untracked 
|  41|0x00000000e2900000, 0x00000000e2900000, 0x00000000e2a00000|  0%| F|  |TAMS 0x00000000e2900000| PB 0x00000000e2900000| Untracked 
|  42|0x00000000e2a00000, 0x00000000e2a00000, 0x00000000e2b00000|  0%| F|  |TAMS 0x00000000e2a00000| PB 0x00000000e2a00000| Untracked 
|  43|0x00000000e2b00000, 0x00000000e2b00000, 0x00000000e2c00000|  0%| F|  |TAMS 0x00000000e2b00000| PB 0x00000000e2b00000| Untracked 
|  44|0x00000000e2c00000, 0x00000000e2c00000, 0x00000000e2d00000|  0%| F|  |TAMS 0x00000000e2c00000| PB 0x00000000e2c00000| Untracked 
|  45|0x00000000e2d00000, 0x00000000e2d00000, 0x00000000e2e00000|  0%| F|  |TAMS 0x00000000e2d00000| PB 0x00000000e2d00000| Untracked 
|  46|0x00000000e2e00000, 0x00000000e2e00000, 0x00000000e2f00000|  0%| F|  |TAMS 0x00000000e2e00000| PB 0x00000000e2e00000| Untracked 
|  47|0x00000000e2f00000, 0x00000000e2f00000, 0x00000000e3000000|  0%| F|  |TAMS 0x00000000e2f00000| PB 0x00000000e2f00000| Untracked 
|  48|0x00000000e3000000, 0x00000000e3000000, 0x00000000e3100000|  0%| F|  |TAMS 0x00000000e3000000| PB 0x00000000e3000000| Untracked 
|  49|0x00000000e3100000, 0x00000000e3100000, 0x00000000e3200000|  0%| F|  |TAMS 0x00000000e3100000| PB 0x00000000e3100000| Untracked 
|  50|0x00000000e3200000, 0x00000000e3200000, 0x00000000e3300000|  0%| F|  |TAMS 0x00000000e3200000| PB 0x00000000e3200000| Untracked 
|  51|0x00000000e3300000, 0x00000000e3300000, 0x00000000e3400000|  0%| F|  |TAMS 0x00000000e3300000| PB 0x00000000e3300000| Untracked 
|  52|0x00000000e3400000, 0x00000000e3400000, 0x00000000e3500000|  0%| F|  |TAMS 0x00000000e3400000| PB 0x00000000e3400000| Untracked 
|  53|0x00000000e3500000, 0x00000000e3500000, 0x00000000e3600000|  0%| F|  |TAMS 0x00000000e3500000| PB 0x00000000e3500000| Untracked 
|  54|0x00000000e3600000, 0x00000000e3600000, 0x00000000e3700000|  0%| F|  |TAMS 0x00000000e3600000| PB 0x00000000e3600000| Untracked 
|  55|0x00000000e3700000, 0x00000000e3700000, 0x00000000e3800000|  0%| F|  |TAMS 0x00000000e3700000| PB 0x00000000e3700000| Untracked 
|  56|0x00000000e3800000, 0x00000000e3800000, 0x00000000e3900000|  0%| F|  |TAMS 0x00000000e3800000| PB 0x00000000e3800000| Untracked 
|  57|0x00000000e3900000, 0x00000000e3900000, 0x00000000e3a00000|  0%| F|  |TAMS 0x00000000e3900000| PB 0x00000000e3900000| Untracked 
|  58|0x00000000e3a00000, 0x00000000e3a00000, 0x00000000e3b00000|  0%| F|  |TAMS 0x00000000e3a00000| PB 0x00000000e3a00000| Untracked 
|  59|0x00000000e3b00000, 0x00000000e3b00000, 0x00000000e3c00000|  0%| F|  |TAMS 0x00000000e3b00000| PB 0x00000000e3b00000| Untracked 
|  60|0x00000000e3c00000, 0x00000000e3c00000, 0x00000000e3d00000|  0%| F|  |TAMS 0x00000000e3c00000| PB 0x00000000e3c00000| Untracked 
|  61|0x00000000e3d00000, 0x00000000e3d00000, 0x00000000e3e00000|  0%| F|  |TAMS 0x00000000e3d00000| PB 0x00000000e3d00000| Untracked 
|  62|0x00000000e3e00000, 0x00000000e3e00000, 0x00000000e3f00000|  0%| F|  |TAMS 0x00000000e3e00000| PB 0x00000000e3e00000| Untracked 
|  63|0x00000000e3f00000, 0x00000000e3f00000, 0x00000000e4000000|  0%| F|  |TAMS 0x00000000e3f00000| PB 0x00000000e3f00000| Untracked 
|  64|0x00000000e4000000, 0x00000000e4000000, 0x00000000e4100000|  0%| F|  |TAMS 0x00000000e4000000| PB 0x00000000e4000000| Untracked 
|  65|0x00000000e4100000, 0x00000000e4100000, 0x00000000e4200000|  0%| F|  |TAMS 0x00000000e4100000| PB 0x00000000e4100000| Untracked 
|  66|0x00000000e4200000, 0x00000000e4200000, 0x00000000e4300000|  0%| F|  |TAMS 0x00000000e4200000| PB 0x00000000e4200000| Untracked 
|  67|0x00000000e4300000, 0x00000000e4300000, 0x00000000e4400000|  0%| F|  |TAMS 0x00000000e4300000| PB 0x00000000e4300000| Untracked 
|  68|0x00000000e4400000, 0x00000000e4400000, 0x00000000e4500000|  0%| F|  |TAMS 0x00000000e4400000| PB 0x00000000e4400000| Untracked 
|  69|0x00000000e4500000, 0x00000000e4500000, 0x00000000e4600000|  0%| F|  |TAMS 0x00000000e4500000| PB 0x00000000e4500000| Untracked 
|  70|0x00000000e4600000, 0x00000000e4600000, 0x00000000e4700000|  0%| F|  |TAMS 0x00000000e4600000| PB 0x00000000e4600000| Untracked 
|  71|0x00000000e4700000, 0x00000000e4700000, 0x00000000e4800000|  0%| F|  |TAMS 0x00000000e4700000| PB 0x00000000e4700000| Untracked 
|  72|0x00000000e4800000, 0x00000000e4800000, 0x00000000e4900000|  0%| F|  |TAMS 0x00000000e4800000| PB 0x00000000e4800000| Untracked 
|  73|0x00000000e4900000, 0x00000000e4900000, 0x00000000e4a00000|  0%| F|  |TAMS 0x00000000e4900000| PB 0x00000000e4900000| Untracked 
|  74|0x00000000e4a00000, 0x00000000e4a00000, 0x00000000e4b00000|  0%| F|  |TAMS 0x00000000e4a00000| PB 0x00000000e4a00000| Untracked 
|  75|0x00000000e4b00000, 0x00000000e4b00000, 0x00000000e4c00000|  0%| F|  |TAMS 0x00000000e4b00000| PB 0x00000000e4b00000| Untracked 
|  76|0x00000000e4c00000, 0x00000000e4c00000, 0x00000000e4d00000|  0%| F|  |TAMS 0x00000000e4c00000| PB 0x00000000e4c00000| Untracked 
|  77|0x00000000e4d00000, 0x00000000e4d00000, 0x00000000e4e00000|  0%| F|  |TAMS 0x00000000e4d00000| PB 0x00000000e4d00000| Untracked 
|  78|0x00000000e4e00000, 0x00000000e4e00000, 0x00000000e4f00000|  0%| F|  |TAMS 0x00000000e4e00000| PB 0x00000000e4e00000| Untracked 
|  79|0x00000000e4f00000, 0x00000000e4f00000, 0x00000000e5000000|  0%| F|  |TAMS 0x00000000e4f00000| PB 0x00000000e4f00000| Untracked 
|  80|0x00000000e5000000, 0x00000000e5000000, 0x00000000e5100000|  0%| F|  |TAMS 0x00000000e5000000| PB 0x00000000e5000000| Untracked 
|  81|0x00000000e5100000, 0x00000000e5100000, 0x00000000e5200000|  0%| F|  |TAMS 0x00000000e5100000| PB 0x00000000e5100000| Untracked 
|  82|0x00000000e5200000, 0x00000000e5200000, 0x00000000e5300000|  0%| F|  |TAMS 0x00000000e5200000| PB 0x00000000e5200000| Untracked 
|  83|0x00000000e5300000, 0x00000000e5300000, 0x00000000e5400000|  0%| F|  |TAMS 0x00000000e5300000| PB 0x00000000e5300000| Untracked 
|  84|0x00000000e5400000, 0x00000000e5400000, 0x00000000e5500000|  0%| F|  |TAMS 0x00000000e5400000| PB 0x00000000e5400000| Untracked 
|  85|0x00000000e5500000, 0x00000000e5500000, 0x00000000e5600000|  0%| F|  |TAMS 0x00000000e5500000| PB 0x00000000e5500000| Untracked 
|  86|0x00000000e5600000, 0x00000000e5600000, 0x00000000e5700000|  0%| F|  |TAMS 0x00000000e5600000| PB 0x00000000e5600000| Untracked 
|  87|0x00000000e5700000, 0x00000000e5700000, 0x00000000e5800000|  0%| F|  |TAMS 0x00000000e5700000| PB 0x00000000e5700000| Untracked 
|  88|0x00000000e5800000, 0x00000000e5800000, 0x00000000e5900000|  0%| F|  |TAMS 0x00000000e5800000| PB 0x00000000e5800000| Untracked 
|  89|0x00000000e5900000, 0x00000000e5900000, 0x00000000e5a00000|  0%| F|  |TAMS 0x00000000e5900000| PB 0x00000000e5900000| Untracked 
|  90|0x00000000e5a00000, 0x00000000e5a00000, 0x00000000e5b00000|  0%| F|  |TAMS 0x00000000e5a00000| PB 0x00000000e5a00000| Untracked 
|  91|0x00000000e5b00000, 0x00000000e5b00000, 0x00000000e5c00000|  0%| F|  |TAMS 0x00000000e5b00000| PB 0x00000000e5b00000| Untracked 
|  92|0x00000000e5c00000, 0x00000000e5c00000, 0x00000000e5d00000|  0%| F|  |TAMS 0x00000000e5c00000| PB 0x00000000e5c00000| Untracked 
|  93|0x00000000e5d00000, 0x00000000e5d00000, 0x00000000e5e00000|  0%| F|  |TAMS 0x00000000e5d00000| PB 0x00000000e5d00000| Untracked 
|  94|0x00000000e5e00000, 0x00000000e5e00000, 0x00000000e5f00000|  0%| F|  |TAMS 0x00000000e5e00000| PB 0x00000000e5e00000| Untracked 
|  95|0x00000000e5f00000, 0x00000000e5f00000, 0x00000000e6000000|  0%| F|  |TAMS 0x00000000e5f00000| PB 0x00000000e5f00000| Untracked 
|  96|0x00000000e6000000, 0x00000000e6000000, 0x00000000e6100000|  0%| F|  |TAMS 0x00000000e6000000| PB 0x00000000e6000000| Untracked 
|  97|0x00000000e6100000, 0x00000000e6100000, 0x00000000e6200000|  0%| F|  |TAMS 0x00000000e6100000| PB 0x00000000e6100000| Untracked 
|  98|0x00000000e6200000, 0x00000000e6200000, 0x00000000e6300000|  0%| F|  |TAMS 0x00000000e6200000| PB 0x00000000e6200000| Untracked 
|  99|0x00000000e6300000, 0x00000000e6300000, 0x00000000e6400000|  0%| F|  |TAMS 0x00000000e6300000| PB 0x00000000e6300000| Untracked 
| 100|0x00000000e6400000, 0x00000000e6400000, 0x00000000e6500000|  0%| F|  |TAMS 0x00000000e6400000| PB 0x00000000e6400000| Untracked 
| 101|0x00000000e6500000, 0x00000000e6500000, 0x00000000e6600000|  0%| F|  |TAMS 0x00000000e6500000| PB 0x00000000e6500000| Untracked 
| 102|0x00000000e6600000, 0x00000000e6600000, 0x00000000e6700000|  0%| F|  |TAMS 0x00000000e6600000| PB 0x00000000e6600000| Untracked 
| 103|0x00000000e6700000, 0x00000000e6700000, 0x00000000e6800000|  0%| F|  |TAMS 0x00000000e6700000| PB 0x00000000e6700000| Untracked 
| 104|0x00000000e6800000, 0x00000000e6800000, 0x00000000e6900000|  0%| F|  |TAMS 0x00000000e6800000| PB 0x00000000e6800000| Untracked 
| 105|0x00000000e6900000, 0x00000000e6900000, 0x00000000e6a00000|  0%| F|  |TAMS 0x00000000e6900000| PB 0x00000000e6900000| Untracked 
| 106|0x00000000e6a00000, 0x00000000e6a00000, 0x00000000e6b00000|  0%| F|  |TAMS 0x00000000e6a00000| PB 0x00000000e6a00000| Untracked 
| 107|0x00000000e6b00000, 0x00000000e6b00000, 0x00000000e6c00000|  0%| F|  |TAMS 0x00000000e6b00000| PB 0x00000000e6b00000| Untracked 
| 108|0x00000000e6c00000, 0x00000000e6c00000, 0x00000000e6d00000|  0%| F|  |TAMS 0x00000000e6c00000| PB 0x00000000e6c00000| Untracked 
| 109|0x00000000e6d00000, 0x00000000e6d00000, 0x00000000e6e00000|  0%| F|  |TAMS 0x00000000e6d00000| PB 0x00000000e6d00000| Untracked 
| 110|0x00000000e6e00000, 0x00000000e6e00000, 0x00000000e6f00000|  0%| F|  |TAMS 0x00000000e6e00000| PB 0x00000000e6e00000| Untracked 
| 111|0x00000000e6f00000, 0x00000000e6f00000, 0x00000000e7000000|  0%| F|  |TAMS 0x00000000e6f00000| PB 0x00000000e6f00000| Untracked 
| 112|0x00000000e7000000, 0x00000000e7000000, 0x00000000e7100000|  0%| F|  |TAMS 0x00000000e7000000| PB 0x00000000e7000000| Untracked 
| 113|0x00000000e7100000, 0x00000000e7100000, 0x00000000e7200000|  0%| F|  |TAMS 0x00000000e7100000| PB 0x00000000e7100000| Untracked 
| 114|0x00000000e7200000, 0x00000000e7200000, 0x00000000e7300000|  0%| F|  |TAMS 0x00000000e7200000| PB 0x00000000e7200000| Untracked 
| 115|0x00000000e7300000, 0x00000000e7300000, 0x00000000e7400000|  0%| F|  |TAMS 0x00000000e7300000| PB 0x00000000e7300000| Untracked 
| 116|0x00000000e7400000, 0x00000000e7400000, 0x00000000e7500000|  0%| F|  |TAMS 0x00000000e7400000| PB 0x00000000e7400000| Untracked 
| 117|0x00000000e7500000, 0x00000000e7500000, 0x00000000e7600000|  0%| F|  |TAMS 0x00000000e7500000| PB 0x00000000e7500000| Untracked 
| 118|0x00000000e7600000, 0x00000000e7600000, 0x00000000e7700000|  0%| F|  |TAMS 0x00000000e7600000| PB 0x00000000e7600000| Untracked 
| 119|0x00000000e7700000, 0x00000000e7700000, 0x00000000e7800000|  0%| F|  |TAMS 0x00000000e7700000| PB 0x00000000e7700000| Untracked 
| 120|0x00000000e7800000, 0x00000000e7800000, 0x00000000e7900000|  0%| F|  |TAMS 0x00000000e7800000| PB 0x00000000e7800000| Untracked 
| 121|0x00000000e7900000, 0x00000000e7900000, 0x00000000e7a00000|  0%| F|  |TAMS 0x00000000e7900000| PB 0x00000000e7900000| Untracked 
| 122|0x00000000e7a00000, 0x00000000e7a00000, 0x00000000e7b00000|  0%| F|  |TAMS 0x00000000e7a00000| PB 0x00000000e7a00000| Untracked 
| 123|0x00000000e7b00000, 0x00000000e7b00000, 0x00000000e7c00000|  0%| F|  |TAMS 0x00000000e7b00000| PB 0x00000000e7b00000| Untracked 
| 124|0x00000000e7c00000, 0x00000000e7c00000, 0x00000000e7d00000|  0%| F|  |TAMS 0x00000000e7c00000| PB 0x00000000e7c00000| Untracked 
| 125|0x00000000e7d00000, 0x00000000e7d00000, 0x00000000e7e00000|  0%| F|  |TAMS 0x00000000e7d00000| PB 0x00000000e7d00000| Untracked 
| 126|0x00000000e7e00000, 0x00000000e7e00000, 0x00000000e7f00000|  0%| F|  |TAMS 0x00000000e7e00000| PB 0x00000000e7e00000| Untracked 
| 127|0x00000000e7f00000, 0x00000000e7f00000, 0x00000000e8000000|  0%| F|  |TAMS 0x00000000e7f00000| PB 0x00000000e7f00000| Untracked 
| 128|0x00000000e8000000, 0x00000000e8000000, 0x00000000e8100000|  0%| F|  |TAMS 0x00000000e8000000| PB 0x00000000e8000000| Untracked 
| 129|0x00000000e8100000, 0x00000000e8100000, 0x00000000e8200000|  0%| F|  |TAMS 0x00000000e8100000| PB 0x00000000e8100000| Untracked 
| 130|0x00000000e8200000, 0x00000000e8200000, 0x00000000e8300000|  0%| F|  |TAMS 0x00000000e8200000| PB 0x00000000e8200000| Untracked 
| 131|0x00000000e8300000, 0x00000000e8300000, 0x00000000e8400000|  0%| F|  |TAMS 0x00000000e8300000| PB 0x00000000e8300000| Untracked 
| 132|0x00000000e8400000, 0x00000000e8400000, 0x00000000e8500000|  0%| F|  |TAMS 0x00000000e8400000| PB 0x00000000e8400000| Untracked 
| 133|0x00000000e8500000, 0x00000000e8500000, 0x00000000e8600000|  0%| F|  |TAMS 0x00000000e8500000| PB 0x00000000e8500000| Untracked 
| 134|0x00000000e8600000, 0x00000000e8600000, 0x00000000e8700000|  0%| F|  |TAMS 0x00000000e8600000| PB 0x00000000e8600000| Untracked 
| 135|0x00000000e8700000, 0x00000000e8700000, 0x00000000e8800000|  0%| F|  |TAMS 0x00000000e8700000| PB 0x00000000e8700000| Untracked 
| 136|0x00000000e8800000, 0x00000000e8800000, 0x00000000e8900000|  0%| F|  |TAMS 0x00000000e8800000| PB 0x00000000e8800000| Untracked 
| 137|0x00000000e8900000, 0x00000000e8900000, 0x00000000e8a00000|  0%| F|  |TAMS 0x00000000e8900000| PB 0x00000000e8900000| Untracked 
| 138|0x00000000e8a00000, 0x00000000e8a00000, 0x00000000e8b00000|  0%| F|  |TAMS 0x00000000e8a00000| PB 0x00000000e8a00000| Untracked 
| 139|0x00000000e8b00000, 0x00000000e8b00000, 0x00000000e8c00000|  0%| F|  |TAMS 0x00000000e8b00000| PB 0x00000000e8b00000| Untracked 
| 140|0x00000000e8c00000, 0x00000000e8c00000, 0x00000000e8d00000|  0%| F|  |TAMS 0x00000000e8c00000| PB 0x00000000e8c00000| Untracked 
| 141|0x00000000e8d00000, 0x00000000e8d00000, 0x00000000e8e00000|  0%| F|  |TAMS 0x00000000e8d00000| PB 0x00000000e8d00000| Untracked 
| 142|0x00000000e8e00000, 0x00000000e8e00000, 0x00000000e8f00000|  0%| F|  |TAMS 0x00000000e8e00000| PB 0x00000000e8e00000| Untracked 
| 143|0x00000000e8f00000, 0x00000000e8f00000, 0x00000000e9000000|  0%| F|  |TAMS 0x00000000e8f00000| PB 0x00000000e8f00000| Untracked 
| 144|0x00000000e9000000, 0x00000000e9000000, 0x00000000e9100000|  0%| F|  |TAMS 0x00000000e9000000| PB 0x00000000e9000000| Untracked 
| 145|0x00000000e9100000, 0x00000000e9100000, 0x00000000e9200000|  0%| F|  |TAMS 0x00000000e9100000| PB 0x00000000e9100000| Untracked 
| 146|0x00000000e9200000, 0x00000000e9200000, 0x00000000e9300000|  0%| F|  |TAMS 0x00000000e9200000| PB 0x00000000e9200000| Untracked 
| 147|0x00000000e9300000, 0x00000000e9300000, 0x00000000e9400000|  0%| F|  |TAMS 0x00000000e9300000| PB 0x00000000e9300000| Untracked 
| 148|0x00000000e9400000, 0x00000000e9400000, 0x00000000e9500000|  0%| F|  |TAMS 0x00000000e9400000| PB 0x00000000e9400000| Untracked 
| 149|0x00000000e9500000, 0x00000000e9500000, 0x00000000e9600000|  0%| F|  |TAMS 0x00000000e9500000| PB 0x00000000e9500000| Untracked 
| 150|0x00000000e9600000, 0x00000000e9600000, 0x00000000e9700000|  0%| F|  |TAMS 0x00000000e9600000| PB 0x00000000e9600000| Untracked 
| 151|0x00000000e9700000, 0x00000000e9700000, 0x00000000e9800000|  0%| F|  |TAMS 0x00000000e9700000| PB 0x00000000e9700000| Untracked 
| 152|0x00000000e9800000, 0x00000000e9800000, 0x00000000e9900000|  0%| F|  |TAMS 0x00000000e9800000| PB 0x00000000e9800000| Untracked 
| 153|0x00000000e9900000, 0x00000000e9900000, 0x00000000e9a00000|  0%| F|  |TAMS 0x00000000e9900000| PB 0x00000000e9900000| Untracked 
| 154|0x00000000e9a00000, 0x00000000e9a00000, 0x00000000e9b00000|  0%| F|  |TAMS 0x00000000e9a00000| PB 0x00000000e9a00000| Untracked 
| 155|0x00000000e9b00000, 0x00000000e9b00000, 0x00000000e9c00000|  0%| F|  |TAMS 0x00000000e9b00000| PB 0x00000000e9b00000| Untracked 
| 156|0x00000000e9c00000, 0x00000000e9c00000, 0x00000000e9d00000|  0%| F|  |TAMS 0x00000000e9c00000| PB 0x00000000e9c00000| Untracked 
| 157|0x00000000e9d00000, 0x00000000e9d00000, 0x00000000e9e00000|  0%| F|  |TAMS 0x00000000e9d00000| PB 0x00000000e9d00000| Untracked 
| 158|0x00000000e9e00000, 0x00000000e9e00000, 0x00000000e9f00000|  0%| F|  |TAMS 0x00000000e9e00000| PB 0x00000000e9e00000| Untracked 
| 159|0x00000000e9f00000, 0x00000000e9f00000, 0x00000000ea000000|  0%| F|  |TAMS 0x00000000e9f00000| PB 0x00000000e9f00000| Untracked 
| 160|0x00000000ea000000, 0x00000000ea000000, 0x00000000ea100000|  0%| F|  |TAMS 0x00000000ea000000| PB 0x00000000ea000000| Untracked 
| 161|0x00000000ea100000, 0x00000000ea100000, 0x00000000ea200000|  0%| F|  |TAMS 0x00000000ea100000| PB 0x00000000ea100000| Untracked 
| 162|0x00000000ea200000, 0x00000000ea200000, 0x00000000ea300000|  0%| F|  |TAMS 0x00000000ea200000| PB 0x00000000ea200000| Untracked 
| 163|0x00000000ea300000, 0x00000000ea300000, 0x00000000ea400000|  0%| F|  |TAMS 0x00000000ea300000| PB 0x00000000ea300000| Untracked 
| 164|0x00000000ea400000, 0x00000000ea400000, 0x00000000ea500000|  0%| F|  |TAMS 0x00000000ea400000| PB 0x00000000ea400000| Untracked 
| 165|0x00000000ea500000, 0x00000000ea500000, 0x00000000ea600000|  0%| F|  |TAMS 0x00000000ea500000| PB 0x00000000ea500000| Untracked 
| 166|0x00000000ea600000, 0x00000000ea600000, 0x00000000ea700000|  0%| F|  |TAMS 0x00000000ea600000| PB 0x00000000ea600000| Untracked 
| 167|0x00000000ea700000, 0x00000000ea700000, 0x00000000ea800000|  0%| F|  |TAMS 0x00000000ea700000| PB 0x00000000ea700000| Untracked 
| 168|0x00000000ea800000, 0x00000000ea800000, 0x00000000ea900000|  0%| F|  |TAMS 0x00000000ea800000| PB 0x00000000ea800000| Untracked 
| 169|0x00000000ea900000, 0x00000000ea900000, 0x00000000eaa00000|  0%| F|  |TAMS 0x00000000ea900000| PB 0x00000000ea900000| Untracked 
| 170|0x00000000eaa00000, 0x00000000eaa00000, 0x00000000eab00000|  0%| F|  |TAMS 0x00000000eaa00000| PB 0x00000000eaa00000| Untracked 
| 171|0x00000000eab00000, 0x00000000eab00000, 0x00000000eac00000|  0%| F|  |TAMS 0x00000000eab00000| PB 0x00000000eab00000| Untracked 
| 172|0x00000000eac00000, 0x00000000eac00000, 0x00000000ead00000|  0%| F|  |TAMS 0x00000000eac00000| PB 0x00000000eac00000| Untracked 
| 173|0x00000000ead00000, 0x00000000ead00000, 0x00000000eae00000|  0%| F|  |TAMS 0x00000000ead00000| PB 0x00000000ead00000| Untracked 
| 174|0x00000000eae00000, 0x00000000eae00000, 0x00000000eaf00000|  0%| F|  |TAMS 0x00000000eae00000| PB 0x00000000eae00000| Untracked 
| 175|0x00000000eaf00000, 0x00000000eaf00000, 0x00000000eb000000|  0%| F|  |TAMS 0x00000000eaf00000| PB 0x00000000eaf00000| Untracked 
| 176|0x00000000eb000000, 0x00000000eb000000, 0x00000000eb100000|  0%| F|  |TAMS 0x00000000eb000000| PB 0x00000000eb000000| Untracked 
| 177|0x00000000eb100000, 0x00000000eb100000, 0x00000000eb200000|  0%| F|  |TAMS 0x00000000eb100000| PB 0x00000000eb100000| Untracked 
| 178|0x00000000eb200000, 0x00000000eb200000, 0x00000000eb300000|  0%| F|  |TAMS 0x00000000eb200000| PB 0x00000000eb200000| Untracked 
| 179|0x00000000eb300000, 0x00000000eb300000, 0x00000000eb400000|  0%| F|  |TAMS 0x00000000eb300000| PB 0x00000000eb300000| Untracked 
| 180|0x00000000eb400000, 0x00000000eb400000, 0x00000000eb500000|  0%| F|  |TAMS 0x00000000eb400000| PB 0x00000000eb400000| Untracked 
| 181|0x00000000eb500000, 0x00000000eb500000, 0x00000000eb600000|  0%| F|  |TAMS 0x00000000eb500000| PB 0x00000000eb500000| Untracked 
| 182|0x00000000eb600000, 0x00000000eb600000, 0x00000000eb700000|  0%| F|  |TAMS 0x00000000eb600000| PB 0x00000000eb600000| Untracked 
| 183|0x00000000eb700000, 0x00000000eb700000, 0x00000000eb800000|  0%| F|  |TAMS 0x00000000eb700000| PB 0x00000000eb700000| Untracked 
| 184|0x00000000eb800000, 0x00000000eb800000, 0x00000000eb900000|  0%| F|  |TAMS 0x00000000eb800000| PB 0x00000000eb800000| Untracked 
| 185|0x00000000eb900000, 0x00000000eb900000, 0x00000000eba00000|  0%| F|  |TAMS 0x00000000eb900000| PB 0x00000000eb900000| Untracked 
| 186|0x00000000eba00000, 0x00000000eba00000, 0x00000000ebb00000|  0%| F|  |TAMS 0x00000000eba00000| PB 0x00000000eba00000| Untracked 
| 187|0x00000000ebb00000, 0x00000000ebb00000, 0x00000000ebc00000|  0%| F|  |TAMS 0x00000000ebb00000| PB 0x00000000ebb00000| Untracked 
| 188|0x00000000ebc00000, 0x00000000ebc00000, 0x00000000ebd00000|  0%| F|  |TAMS 0x00000000ebc00000| PB 0x00000000ebc00000| Untracked 
| 189|0x00000000ebd00000, 0x00000000ebd00000, 0x00000000ebe00000|  0%| F|  |TAMS 0x00000000ebd00000| PB 0x00000000ebd00000| Untracked 
| 190|0x00000000ebe00000, 0x00000000ebe80688, 0x00000000ebf00000| 50%| E|  |TAMS 0x00000000ebe00000| PB 0x00000000ebe00000| Complete 
| 191|0x00000000ebf00000, 0x00000000ec000000, 0x00000000ec000000|100%| E|CS|TAMS 0x00000000ebf00000| PB 0x00000000ebf00000| Complete 
| 192|0x00000000ec000000, 0x00000000ec100000, 0x00000000ec100000|100%| E|CS|TAMS 0x00000000ec000000| PB 0x00000000ec000000| Complete 
| 193|0x00000000ec100000, 0x00000000ec200000, 0x00000000ec200000|100%| E|CS|TAMS 0x00000000ec100000| PB 0x00000000ec100000| Complete 
| 194|0x00000000ec200000, 0x00000000ec300000, 0x00000000ec300000|100%| E|CS|TAMS 0x00000000ec200000| PB 0x00000000ec200000| Complete 
| 195|0x00000000ec300000, 0x00000000ec400000, 0x00000000ec400000|100%| E|CS|TAMS 0x00000000ec300000| PB 0x00000000ec300000| Complete 
| 196|0x00000000ec400000, 0x00000000ec500000, 0x00000000ec500000|100%| E|CS|TAMS 0x00000000ec400000| PB 0x00000000ec400000| Complete 
| 197|0x00000000ec500000, 0x00000000ec600000, 0x00000000ec600000|100%| E|CS|TAMS 0x00000000ec500000| PB 0x00000000ec500000| Complete 
| 198|0x00000000ec600000, 0x00000000ec700000, 0x00000000ec700000|100%| E|CS|TAMS 0x00000000ec600000| PB 0x00000000ec600000| Complete 
| 199|0x00000000ec700000, 0x00000000ec800000, 0x00000000ec800000|100%| E|CS|TAMS 0x00000000ec700000| PB 0x00000000ec700000| Complete 
| 200|0x00000000ec800000, 0x00000000ec900000, 0x00000000ec900000|100%| E|CS|TAMS 0x00000000ec800000| PB 0x00000000ec800000| Complete 
| 201|0x00000000ec900000, 0x00000000eca00000, 0x00000000eca00000|100%| E|CS|TAMS 0x00000000ec900000| PB 0x00000000ec900000| Complete 
| 202|0x00000000eca00000, 0x00000000ecb00000, 0x00000000ecb00000|100%| E|CS|TAMS 0x00000000eca00000| PB 0x00000000eca00000| Complete 
| 203|0x00000000ecb00000, 0x00000000ecc00000, 0x00000000ecc00000|100%| E|CS|TAMS 0x00000000ecb00000| PB 0x00000000ecb00000| Complete 
| 204|0x00000000ecc00000, 0x00000000ecd00000, 0x00000000ecd00000|100%| E|CS|TAMS 0x00000000ecc00000| PB 0x00000000ecc00000| Complete 
| 205|0x00000000ecd00000, 0x00000000ece00000, 0x00000000ece00000|100%| E|CS|TAMS 0x00000000ecd00000| PB 0x00000000ecd00000| Complete 
| 206|0x00000000ece00000, 0x00000000ecf00000, 0x00000000ecf00000|100%| E|CS|TAMS 0x00000000ece00000| PB 0x00000000ece00000| Complete 
| 207|0x00000000ecf00000, 0x00000000ed000000, 0x00000000ed000000|100%| E|CS|TAMS 0x00000000ecf00000| PB 0x00000000ecf00000| Complete 
| 208|0x00000000ed000000, 0x00000000ed100000, 0x00000000ed100000|100%| E|CS|TAMS 0x00000000ed000000| PB 0x00000000ed000000| Complete 
| 209|0x00000000ed100000, 0x00000000ed200000, 0x00000000ed200000|100%| E|CS|TAMS 0x00000000ed100000| PB 0x00000000ed100000| Complete 
| 210|0x00000000ed200000, 0x00000000ed300000, 0x00000000ed300000|100%| E|CS|TAMS 0x00000000ed200000| PB 0x00000000ed200000| Complete 
| 211|0x00000000ed300000, 0x00000000ed400000, 0x00000000ed400000|100%| E|CS|TAMS 0x00000000ed300000| PB 0x00000000ed300000| Complete 
| 212|0x00000000ed400000, 0x00000000ed500000, 0x00000000ed500000|100%| E|CS|TAMS 0x00000000ed400000| PB 0x00000000ed400000| Complete 
| 213|0x00000000ed500000, 0x00000000ed600000, 0x00000000ed600000|100%| E|CS|TAMS 0x00000000ed500000| PB 0x00000000ed500000| Complete 
| 214|0x00000000ed600000, 0x00000000ed700000, 0x00000000ed700000|100%| E|CS|TAMS 0x00000000ed600000| PB 0x00000000ed600000| Complete 
| 215|0x00000000ed700000, 0x00000000ed800000, 0x00000000ed800000|100%| E|CS|TAMS 0x00000000ed700000| PB 0x00000000ed700000| Complete 
| 216|0x00000000ed800000, 0x00000000ed900000, 0x00000000ed900000|100%| E|CS|TAMS 0x00000000ed800000| PB 0x00000000ed800000| Complete 
| 217|0x00000000ed900000, 0x00000000eda00000, 0x00000000eda00000|100%| E|CS|TAMS 0x00000000ed900000| PB 0x00000000ed900000| Complete 
| 218|0x00000000eda00000, 0x00000000edb00000, 0x00000000edb00000|100%| E|CS|TAMS 0x00000000eda00000| PB 0x00000000eda00000| Complete 
| 219|0x00000000edb00000, 0x00000000edc00000, 0x00000000edc00000|100%| E|CS|TAMS 0x00000000edb00000| PB 0x00000000edb00000| Complete 
| 220|0x00000000edc00000, 0x00000000edd00000, 0x00000000edd00000|100%| E|CS|TAMS 0x00000000edc00000| PB 0x00000000edc00000| Complete 
| 221|0x00000000edd00000, 0x00000000ede00000, 0x00000000ede00000|100%| E|CS|TAMS 0x00000000edd00000| PB 0x00000000edd00000| Complete 
| 222|0x00000000ede00000, 0x00000000edf00000, 0x00000000edf00000|100%| E|CS|TAMS 0x00000000ede00000| PB 0x00000000ede00000| Complete 
| 223|0x00000000edf00000, 0x00000000ee000000, 0x00000000ee000000|100%| E|CS|TAMS 0x00000000edf00000| PB 0x00000000edf00000| Complete 
| 224|0x00000000ee000000, 0x00000000ee100000, 0x00000000ee100000|100%| E|CS|TAMS 0x00000000ee000000| PB 0x00000000ee000000| Complete 
| 225|0x00000000ee100000, 0x00000000ee200000, 0x00000000ee200000|100%| E|CS|TAMS 0x00000000ee100000| PB 0x00000000ee100000| Complete 
| 226|0x00000000ee200000, 0x00000000ee300000, 0x00000000ee300000|100%| E|CS|TAMS 0x00000000ee200000| PB 0x00000000ee200000| Complete 
| 227|0x00000000ee300000, 0x00000000ee400000, 0x00000000ee400000|100%| E|CS|TAMS 0x00000000ee300000| PB 0x00000000ee300000| Complete 
| 228|0x00000000ee400000, 0x00000000ee418980, 0x00000000ee500000|  9%| S|CS|TAMS 0x00000000ee400000| PB 0x00000000ee400000| Complete 
| 229|0x00000000ee500000, 0x00000000ee600000, 0x00000000ee600000|100%| S|CS|TAMS 0x00000000ee500000| PB 0x00000000ee500000| Complete 
| 230|0x00000000ee600000, 0x00000000ee700000, 0x00000000ee700000|100%| E|CS|TAMS 0x00000000ee600000| PB 0x00000000ee600000| Complete 
| 231|0x00000000ee700000, 0x00000000ee800000, 0x00000000ee800000|100%| E|CS|TAMS 0x00000000ee700000| PB 0x00000000ee700000| Complete 
| 232|0x00000000ee800000, 0x00000000ee900000, 0x00000000ee900000|100%| E|CS|TAMS 0x00000000ee800000| PB 0x00000000ee800000| Complete 
| 233|0x00000000ee900000, 0x00000000eea00000, 0x00000000eea00000|100%| E|CS|TAMS 0x00000000ee900000| PB 0x00000000ee900000| Complete 
| 234|0x00000000eea00000, 0x00000000eeb00000, 0x00000000eeb00000|100%| E|CS|TAMS 0x00000000eea00000| PB 0x00000000eea00000| Complete 
| 235|0x00000000eeb00000, 0x00000000eec00000, 0x00000000eec00000|100%| E|CS|TAMS 0x00000000eeb00000| PB 0x00000000eeb00000| Complete 
| 236|0x00000000eec00000, 0x00000000eed00000, 0x00000000eed00000|100%| E|CS|TAMS 0x00000000eec00000| PB 0x00000000eec00000| Complete 
| 237|0x00000000eed00000, 0x00000000eee00000, 0x00000000eee00000|100%| E|CS|TAMS 0x00000000eed00000| PB 0x00000000eed00000| Complete 
| 238|0x00000000eee00000, 0x00000000eef00000, 0x00000000eef00000|100%| E|CS|TAMS 0x00000000eee00000| PB 0x00000000eee00000| Complete 
| 239|0x00000000eef00000, 0x00000000ef000000, 0x00000000ef000000|100%| E|CS|TAMS 0x00000000eef00000| PB 0x00000000eef00000| Complete 
| 240|0x00000000ef000000, 0x00000000ef100000, 0x00000000ef100000|100%| E|CS|TAMS 0x00000000ef000000| PB 0x00000000ef000000| Complete 
| 241|0x00000000ef100000, 0x00000000ef200000, 0x00000000ef200000|100%| E|CS|TAMS 0x00000000ef100000| PB 0x00000000ef100000| Complete 
| 242|0x00000000ef200000, 0x00000000ef300000, 0x00000000ef300000|100%| E|CS|TAMS 0x00000000ef200000| PB 0x00000000ef200000| Complete 
| 243|0x00000000ef300000, 0x00000000ef400000, 0x00000000ef400000|100%| E|CS|TAMS 0x00000000ef300000| PB 0x00000000ef300000| Complete 
| 244|0x00000000ef400000, 0x00000000ef500000, 0x00000000ef500000|100%| E|CS|TAMS 0x00000000ef400000| PB 0x00000000ef400000| Complete 
| 245|0x00000000ef500000, 0x00000000ef600000, 0x00000000ef600000|100%| E|CS|TAMS 0x00000000ef500000| PB 0x00000000ef500000| Complete 
| 246|0x00000000ef600000, 0x00000000ef700000, 0x00000000ef700000|100%| E|CS|TAMS 0x00000000ef600000| PB 0x00000000ef600000| Complete 
| 247|0x00000000ef700000, 0x00000000ef800000, 0x00000000ef800000|100%| E|CS|TAMS 0x00000000ef700000| PB 0x00000000ef700000| Complete 
| 248|0x00000000ef800000, 0x00000000ef900000, 0x00000000ef900000|100%| E|CS|TAMS 0x00000000ef800000| PB 0x00000000ef800000| Complete 
| 249|0x00000000ef900000, 0x00000000efa00000, 0x00000000efa00000|100%| E|CS|TAMS 0x00000000ef900000| PB 0x00000000ef900000| Complete 
| 250|0x00000000efa00000, 0x00000000efb00000, 0x00000000efb00000|100%| E|CS|TAMS 0x00000000efa00000| PB 0x00000000efa00000| Complete 
| 251|0x00000000efb00000, 0x00000000efc00000, 0x00000000efc00000|100%| E|CS|TAMS 0x00000000efb00000| PB 0x00000000efb00000| Complete 
| 252|0x00000000efc00000, 0x00000000efd00000, 0x00000000efd00000|100%| E|CS|TAMS 0x00000000efc00000| PB 0x00000000efc00000| Complete 
| 253|0x00000000efd00000, 0x00000000efe00000, 0x00000000efe00000|100%| E|CS|TAMS 0x00000000efd00000| PB 0x00000000efd00000| Complete 
| 254|0x00000000efe00000, 0x00000000eff00000, 0x00000000eff00000|100%| E|CS|TAMS 0x00000000efe00000| PB 0x00000000efe00000| Complete 
| 255|0x00000000eff00000, 0x00000000f0000000, 0x00000000f0000000|100%| E|  |TAMS 0x00000000eff00000| PB 0x00000000eff00000| Complete 

Card table byte_map: [0x0000029faa3e0000,0x0000029faa4e0000] _byte_map_base: 0x0000029fa9ce0000

Marking Bits: (CMBitMap*) 0x0000029f92f95f00
 Bits: [0x0000029faa4e0000, 0x0000029faace0000)

Polling page: 0x0000029f90e30000

Metaspace:

Usage:
  Non-class:     13.03 MB used.
      Class:      2.07 MB used.
       Both:     15.10 MB used.

Virtual space:
  Non-class space:       64.00 MB reserved,      13.31 MB ( 21%) committed,  1 nodes.
      Class space:      320.00 MB reserved,       2.31 MB ( <1%) committed,  1 nodes.
             Both:      384.00 MB reserved,      15.62 MB (  4%) committed. 

Chunk freelists:
   Non-Class:  2.31 MB
       Class:  13.74 MB
        Both:  16.05 MB

MaxMetaspaceSize: 384.00 MB
CompressedClassSpaceSize: 320.00 MB
Initial GC threshold: 21.00 MB
Current GC threshold: 21.00 MB
CDS: on
 - commit_granule_bytes: 65536.
 - commit_granule_words: 8192.
 - virtual_space_node_default_size: 8388608.
 - enlarge_chunks_in_place: 1.
 - use_allocation_guard: 0.


Internal statistics:

num_allocs_failed_limit: 0.
num_arena_births: 570.
num_arena_deaths: 0.
num_vsnodes_births: 2.
num_vsnodes_deaths: 0.
num_space_committed: 250.
num_space_uncommitted: 0.
num_chunks_returned_to_freelist: 0.
num_chunks_taken_from_freelist: 1086.
num_chunk_merges: 0.
num_chunk_splits: 717.
num_chunks_enlarged: 501.
num_inconsistent_stats: 0.

CodeHeap 'non-profiled nmethods': size=120000Kb used=1234Kb max_used=1234Kb free=118765Kb
 bounds [0x0000029fa2eb0000, 0x0000029fa3120000, 0x0000029faa3e0000]
CodeHeap 'profiled nmethods': size=120000Kb used=5298Kb max_used=5298Kb free=114701Kb
 bounds [0x0000029f9b3e0000, 0x0000029f9b910000, 0x0000029fa2910000]
CodeHeap 'non-nmethods': size=5760Kb used=1643Kb max_used=1650Kb free=4116Kb
 bounds [0x0000029fa2910000, 0x0000029fa2b80000, 0x0000029fa2eb0000]
 total_blobs=3189 nmethods=2630 adapters=463
 compilation: enabled
              stopped_count=0, restarted_count=0
 full_count=0

Compilation events (20 events):
Event: 6.345 Thread 0x0000029fad306290 2582   !   3       sun.nio.fs.WindowsPath::initOffsets (153 bytes)
Event: 6.347 Thread 0x0000029fad306290 nmethod 2582 0x0000029f9b8f3290 code [0x0000029f9b8f3680, 0x0000029f9b8f5808]
Event: 6.388 Thread 0x0000029fad306290 2584       3       java.lang.invoke.MethodHandleImpl::valueConversion (325 bytes)
Event: 6.389 Thread 0x0000029fad306290 nmethod 2584 0x0000029f9b8f6510 code [0x0000029f9b8f6820, 0x0000029f9b8f7498]
Event: 6.389 Thread 0x0000029fad306290 2587       3       java.lang.invoke.LambdaForm$Name::<init> (19 bytes)
Event: 6.390 Thread 0x0000029fad306290 nmethod 2587 0x0000029f9b8f7910 code [0x0000029f9b8f7b40, 0x0000029f9b8f83b8]
Event: 6.390 Thread 0x0000029fad306290 2588       3       jdk.internal.org.objectweb.asm.ClassWriter::visitSource (39 bytes)
Event: 6.390 Thread 0x0000029fad306290 nmethod 2588 0x0000029f9b8f8710 code [0x0000029f9b8f88e0, 0x0000029f9b8f8d60]
Event: 6.390 Thread 0x0000029fad306290 2589       3       java.lang.invoke.InvokerBytecodeGenerator::<init> (12 bytes)
Event: 6.390 Thread 0x0000029fad306290 nmethod 2589 0x0000029f9b8f8f10 code [0x0000029f9b8f90c0, 0x0000029f9b8f9288]
Event: 6.391 Thread 0x0000029fad306290 2591       3       java.lang.invoke.ClassSpecializer$Factory$1Var::slotSize (8 bytes)
Event: 6.391 Thread 0x0000029fad306290 nmethod 2591 0x0000029f9b8f9390 code [0x0000029f9b8f9540, 0x0000029f9b8f9728]
Event: 6.391 Thread 0x0000029fad306290 2592       3       java.util.ImmutableCollections$ListItr::hasNext (17 bytes)
Event: 6.391 Thread 0x0000029fad306290 nmethod 2592 0x0000029f9b8f9810 code [0x0000029f9b8f99a0, 0x0000029f9b8f9b08]
Event: 6.399 Thread 0x0000029fad306290 2596       3       java.lang.invoke.ClassSpecializer$Factory$1Var::isInHeap (13 bytes)
Event: 6.399 Thread 0x0000029fad306290 nmethod 2596 0x0000029f9b8f9b90 code [0x0000029f9b8f9d20, 0x0000029f9b8f9e88]
Event: 6.399 Thread 0x0000029fad306290 2597       3       java.lang.invoke.ClassSpecializer$Factory$1Var::emitFieldInsn (18 bytes)
Event: 6.399 Thread 0x0000029fc882dab0 2590       4       jdk.internal.org.objectweb.asm.Frame::execute (2305 bytes)
Event: 6.402 Thread 0x0000029fad306290 nmethod 2597 0x0000029f9b8f9f10 code [0x0000029f9b8fa0c0, 0x0000029f9b8fa2a8]
Event: 6.402 Thread 0x0000029fad306290 2598       3       java.lang.invoke.ClassSpecializer$Factory$1Var::nextIndex (18 bytes)

GC Heap History (6 events):
Event: 2.248 GC heap before
{Heap before GC invocations=0 (full 0):
 garbage-first heap   total 262144K, used 12288K [0x00000000e0000000, 0x0000000100000000)
  region size 1024K, 13 young (13312K), 0 survivors (0K)
 Metaspace       used 1002K, committed 1152K, reserved 393216K
  class space    used 79K, committed 128K, reserved 327680K
}
Event: 2.255 GC heap after
{Heap after GC invocations=1 (full 0):
 garbage-first heap   total 262144K, used 2964K [0x00000000e0000000, 0x0000000100000000)
  region size 1024K, 2 young (2048K), 2 survivors (2048K)
 Metaspace       used 1002K, committed 1152K, reserved 393216K
  class space    used 79K, committed 128K, reserved 327680K
}
Event: 3.005 GC heap before
{Heap before GC invocations=1 (full 0):
 garbage-first heap   total 262144K, used 24468K [0x00000000e0000000, 0x0000000100000000)
  region size 1024K, 19 young (19456K), 2 survivors (2048K)
 Metaspace       used 4077K, committed 4288K, reserved 393216K
  class space    used 506K, committed 640K, reserved 327680K
}
Event: 3.008 GC heap after
{Heap after GC invocations=2 (full 0):
 garbage-first heap   total 262144K, used 10698K [0x00000000e0000000, 0x0000000100000000)
  region size 1024K, 3 young (3072K), 3 survivors (3072K)
 Metaspace       used 4077K, committed 4288K, reserved 393216K
  class space    used 506K, committed 640K, reserved 327680K
}
Event: 3.487 GC heap before
{Heap before GC invocations=2 (full 0):
 garbage-first heap   total 262144K, used 33226K [0x00000000e0000000, 0x0000000100000000)
  region size 1024K, 26 young (26624K), 3 survivors (3072K)
 Metaspace       used 4173K, committed 4416K, reserved 393216K
  class space    used 507K, committed 640K, reserved 327680K
}
Event: 3.489 GC heap after
{Heap after GC invocations=3 (full 0):
 garbage-first heap   total 262144K, used 12042K [0x00000000e0000000, 0x0000000100000000)
  region size 1024K, 2 young (2048K), 2 survivors (2048K)
 Metaspace       used 4173K, committed 4416K, reserved 393216K
  class space    used 507K, committed 640K, reserved 327680K
}

Dll operation events (15 events):
Event: 0.068 Loaded shared library C:\Program Files\Java\jdk-21\bin\java.dll
Event: 0.234 Loaded shared library C:\Program Files\Java\jdk-21\bin\jsvml.dll
Event: 0.322 Loaded shared library C:\Program Files\Java\jdk-21\bin\zip.dll
Event: 0.331 Loaded shared library C:\Program Files\Java\jdk-21\bin\instrument.dll
Event: 0.342 Loaded shared library C:\Program Files\Java\jdk-21\bin\net.dll
Event: 0.346 Loaded shared library C:\Program Files\Java\jdk-21\bin\nio.dll
Event: 0.353 Loaded shared library C:\Program Files\Java\jdk-21\bin\zip.dll
Event: 2.064 Loaded shared library C:\Program Files\Java\jdk-21\bin\jimage.dll
Event: 2.282 Loaded shared library C:\Program Files\Java\jdk-21\bin\verify.dll
Event: 2.562 Loaded shared library C:\Users\011ko\.gradle\native\c067742578af261105cb4f569cf0c3c89f3d7b1fecec35dd04571415982c5e48\windows-amd64\native-platform.dll
Event: 2.568 Loaded shared library C:\Users\011ko\.gradle\native\38dada09dfb8b06ba9b0570ebf7e218e3eb74d4ef43ca46872605cf95ebc2f47\windows-amd64\native-platform-file-events.dll
Event: 4.323 Loaded shared library C:\Program Files\Java\jdk-21\bin\management.dll
Event: 4.328 Loaded shared library C:\Program Files\Java\jdk-21\bin\management_ext.dll
Event: 4.605 Loaded shared library C:\Program Files\Java\jdk-21\bin\extnet.dll
Event: 4.834 Loaded shared library C:\Program Files\Java\jdk-21\bin\sunmscapi.dll

Deoptimization events (20 events):
Event: 5.484 Thread 0x0000029fc86fccf0 Uncommon trap: trap_request=0xffffffde fr.pc=0x0000029fa2f6b264 relative=0x0000000000000304
Event: 5.484 Thread 0x0000029fc86fccf0 Uncommon trap: reason=class_check action=maybe_recompile pc=0x0000029fa2f6b264 method=java.util.regex.Pattern$BmpCharPropertyGreedy.match(Ljava/util/regex/Matcher;ILjava/lang/CharSequence;)Z @ 26 c2
Event: 5.484 Thread 0x0000029fc86fccf0 DEOPT PACKING pc=0x0000029fa2f6b264 sp=0x000000ef354fc780
Event: 5.484 Thread 0x0000029fc86fccf0 DEOPT UNPACKING pc=0x0000029fa2967da2 sp=0x000000ef354fc738 mode 2
Event: 5.981 Thread 0x0000029fc86fccf0 Uncommon trap: trap_request=0xffffff45 fr.pc=0x0000029fa2ed3e50 relative=0x0000000000000130
Event: 5.981 Thread 0x0000029fc86fccf0 Uncommon trap: reason=unstable_if action=reinterpret pc=0x0000029fa2ed3e50 method=java.util.regex.Matcher.reset()Ljava/util/regex/Matcher; @ 47 c2
Event: 5.981 Thread 0x0000029fc86fccf0 DEOPT PACKING pc=0x0000029fa2ed3e50 sp=0x000000ef354fb250
Event: 5.981 Thread 0x0000029fc86fccf0 DEOPT UNPACKING pc=0x0000029fa2967da2 sp=0x000000ef354fb200 mode 2
Event: 6.015 Thread 0x0000029fc86fccf0 Uncommon trap: trap_request=0xffffff45 fr.pc=0x0000029fa2f41184 relative=0x00000000000007c4
Event: 6.015 Thread 0x0000029fc86fccf0 Uncommon trap: reason=unstable_if action=reinterpret pc=0x0000029fa2f41184 method=java.util.ArrayList.grow(I)[Ljava/lang/Object; @ 17 c2
Event: 6.015 Thread 0x0000029fc86fccf0 DEOPT PACKING pc=0x0000029fa2f41184 sp=0x000000ef354fd580
Event: 6.015 Thread 0x0000029fc86fccf0 DEOPT UNPACKING pc=0x0000029fa2967da2 sp=0x000000ef354fd418 mode 2
Event: 6.164 Thread 0x0000029fc86fccf0 Uncommon trap: trap_request=0xffffff45 fr.pc=0x0000029fa2ed749c relative=0x0000000000000cdc
Event: 6.164 Thread 0x0000029fc86fccf0 Uncommon trap: reason=unstable_if action=reinterpret pc=0x0000029fa2ed749c method=java.io.WinNTFileSystem.resolve(Ljava/lang/String;Ljava/lang/String;)Ljava/lang/String; @ 19 c2
Event: 6.164 Thread 0x0000029fc86fccf0 DEOPT PACKING pc=0x0000029fa2ed749c sp=0x000000ef354fd2d0
Event: 6.164 Thread 0x0000029fc86fccf0 DEOPT UNPACKING pc=0x0000029fa2967da2 sp=0x000000ef354fd278 mode 2
Event: 6.279 Thread 0x0000029fc86fccf0 Uncommon trap: trap_request=0xffffff45 fr.pc=0x0000029fa2f2bbf0 relative=0x0000000000000690
Event: 6.279 Thread 0x0000029fc86fccf0 Uncommon trap: reason=unstable_if action=reinterpret pc=0x0000029fa2f2bbf0 method=java.io.File.getName()Ljava/lang/String; @ 16 c2
Event: 6.279 Thread 0x0000029fc86fccf0 DEOPT PACKING pc=0x0000029fa2f2bbf0 sp=0x000000ef354fd290
Event: 6.279 Thread 0x0000029fc86fccf0 DEOPT UNPACKING pc=0x0000029fa2967da2 sp=0x000000ef354fd260 mode 2

Classes loaded (20 events):
Event: 5.542 Loading class sun/misc/Unsafe
Event: 5.547 Loading class sun/misc/Unsafe done
Event: 5.571 Loading class java/net/DatagramPacket
Event: 5.571 Loading class java/net/DatagramPacket done
Event: 5.572 Loading class sun/nio/ch/DatagramChannelImpl$DatagramPackets
Event: 5.572 Loading class sun/nio/ch/DatagramChannelImpl$DatagramPackets done
Event: 6.226 Loading class java/io/File$TempDirectory
Event: 6.227 Loading class java/io/File$TempDirectory done
Event: 6.320 Loading class java/io/PrintWriter
Event: 6.320 Loading class java/io/PrintWriter done
Event: 6.348 Loading class java/util/zip/CheckedInputStream
Event: 6.349 Loading class java/util/zip/CheckedInputStream done
Event: 6.353 Loading class java/nio/file/FileVisitor
Event: 6.353 Loading class java/nio/file/FileVisitor done
Event: 6.391 Loading class java/lang/invoke/BoundMethodHandle$Species_LLLLLLLLLLLL
Event: 6.391 Loading class java/lang/invoke/BoundMethodHandle$Species_LLLLLLLLLLLL done
Event: 6.399 Loading class java/lang/invoke/BoundMethodHandle$Species_LLLLLLLLLLLLL
Event: 6.399 Loading class java/lang/invoke/BoundMethodHandle$Species_LLLLLLLLLLLLL done
Event: 6.400 Loading class java/lang/invoke/BoundMethodHandle$Species_LLLLLLLLLLLLLL
Event: 6.400 Loading class java/lang/invoke/BoundMethodHandle$Species_LLLLLLLLLLLLLL done

Classes unloaded (0 events):
No events

Classes redefined (0 events):
No events

Internal exceptions (20 events):
Event: 5.097 Thread 0x0000029fc86fccf0 Exception <a 'java/lang/NoSuchMethodError'{0x00000000ed389428}: 'java.lang.Object java.lang.invoke.DirectMethodHandle$Holder.invokeStatic(java.lang.Object, java.lang.Object, java.lang.Object, java.lang.Object, java.lang.Object, java.lang.Object, java.lang.Object, java.lang.Object, java.lang.Object, java.lang.Object, java.lang.Object, java.lang.Object, java.lang.Object)'> (0x00000000ed389428) 
thrown [s\open\src\hotspot\share\interpreter\linkResolver.cpp, line 773]
Event: 5.098 Thread 0x0000029fc86fccf0 Exception <a 'java/lang/NoSuchMethodError'{0x00000000ed3a86c8}: 'java.lang.Object java.lang.invoke.DirectMethodHandle$Holder.invokeStatic(java.lang.Object, java.lang.Object, java.lang.Object, java.lang.Object, java.lang.Object, java.lang.Object, java.lang.Object, java.lang.Object, java.lang.Object, java.lang.Object, java.lang.Object, java.lang.Object, java.lang.Object, java.lang.Object)'> (0x00000000ed3a86c8) 
thrown [s\open\src\hotspot\share\interpreter\linkResolver.cpp, line 773]
Event: 5.190 Thread 0x0000029fc86fccf0 Exception <a 'java/lang/NoSuchMethodError'{0x00000000ecfaa7f8}: 'java.lang.Object java.lang.invoke.DirectMethodHandle$Holder.newInvokeSpecial(java.lang.Object, java.lang.Object, java.lang.Object, java.lang.Object, java.lang.Object, java.lang.Object)'> (0x00000000ecfaa7f8) 
thrown [s\open\src\hotspot\share\interpreter\linkResolver.cpp, line 773]
Event: 5.201 Thread 0x0000029fc86fccf0 Exception <a 'java/lang/NoSuchMethodError'{0x00000000ecfcc1a0}: 'void java.lang.invoke.DirectMethodHandle$Holder.invokeStaticInit(java.lang.Object, java.lang.Object)'> (0x00000000ecfcc1a0) 
thrown [s\open\src\hotspot\share\interpreter\linkResolver.cpp, line 773]
Event: 5.227 Thread 0x0000029fc86fccf0 Exception <a 'java/lang/NoSuchMethodError'{0x00000000eceb54b0}: 'java.lang.Object java.lang.invoke.DirectMethodHandle$Holder.newInvokeSpecial(java.lang.Object, java.lang.Object, java.lang.Object, int, java.lang.Object, java.lang.Object)'> (0x00000000eceb54b0) 
thrown [s\open\src\hotspot\share\interpreter\linkResolver.cpp, line 773]
Event: 5.264 Thread 0x0000029fc86fccf0 Exception <a 'java/lang/NoSuchMethodError'{0x00000000ecc602e0}: 'void java.lang.invoke.DelegatingMethodHandle$Holder.reinvoke_L(java.lang.Object, java.lang.Object, java.lang.Object, java.lang.Object, java.lang.Object, java.lang.Object, java.lang.Object, java.lang.Object, java.lang.Object, java.lang.Object)'> (0x00000000ecc602e0) 
thrown [s\open\src\hotspot\share\interpreter\linkResolver.cpp, line 773]
Event: 5.266 Thread 0x0000029fc86fccf0 Exception <a 'java/lang/NoSuchMethodError'{0x00000000ecc683e0}: 'java.lang.Object java.lang.invoke.Invokers$Holder.invoker(java.lang.Object, java.lang.Object, java.lang.Object, java.lang.Object, java.lang.Object, java.lang.Object, java.lang.Object, java.lang.Object, java.lang.Object, java.lang.Object)'> (0x00000000ecc683e0) 
thrown [s\open\src\hotspot\share\interpreter\linkResolver.cpp, line 773]
Event: 5.416 Thread 0x0000029fc86fccf0 Exception <a 'java/lang/NoSuchMethodError'{0x00000000ec9ed788}: 'void java.lang.invoke.DirectMethodHandle$Holder.invokeVirtual(java.lang.Object, java.lang.Object, java.lang.Object, java.lang.Object, java.lang.Object)'> (0x00000000ec9ed788) 
thrown [s\open\src\hotspot\share\interpreter\linkResolver.cpp, line 773]
Event: 5.476 Thread 0x0000029fc86fccf0 Exception <a 'java/lang/NoSuchMethodError'{0x00000000ec7ad2f8}: 'void java.lang.invoke.DirectMethodHandle$Holder.invokeInterface(java.lang.Object, java.lang.Object)'> (0x00000000ec7ad2f8) 
thrown [s\open\src\hotspot\share\interpreter\linkResolver.cpp, line 773]
Event: 5.477 Thread 0x0000029fc86fccf0 Exception <a 'java/lang/IncompatibleClassChangeError'{0x00000000ec7b0858}: Found class java.lang.Object, but interface was expected> (0x00000000ec7b0858) 
thrown [s\open\src\hotspot\share\interpreter\linkResolver.cpp, line 840]
Event: 5.501 Thread 0x0000029fc86fccf0 Exception <a 'java/lang/NoSuchMethodError'{0x00000000ec621ca0}: 'void java.lang.invoke.DirectMethodHandle$Holder.invokeStaticInit(java.lang.Object)'> (0x00000000ec621ca0) 
thrown [s\open\src\hotspot\share\interpreter\linkResolver.cpp, line 773]
Event: 5.537 Thread 0x0000029fc86fccf0 Exception <a 'java/lang/NoSuchMethodError'{0x00000000ec6c9128}: 'java.lang.Object java.lang.invoke.DirectMethodHandle$Holder.newInvokeSpecial(java.lang.Object, java.lang.Object, java.lang.Object, int)'> (0x00000000ec6c9128) 
thrown [s\open\src\hotspot\share\interpreter\linkResolver.cpp, line 773]
Event: 5.538 Thread 0x0000029fc86fccf0 Exception <a 'java/lang/NoSuchMethodError'{0x00000000ec6cd7e0}: 'java.lang.Object java.lang.invoke.DirectMethodHandle$Holder.invokeSpecial(java.lang.Object, java.lang.Object, java.lang.Object, java.lang.Object, int)'> (0x00000000ec6cd7e0) 
thrown [s\open\src\hotspot\share\interpreter\linkResolver.cpp, line 773]
Event: 5.539 Thread 0x0000029fc86fccf0 Exception <a 'java/lang/NoSuchMethodError'{0x00000000ec6d1688}: 'java.lang.Object java.lang.invoke.Invokers$Holder.linkToTargetMethod(java.lang.Object, java.lang.Object, int, java.lang.Object)'> (0x00000000ec6d1688) 
thrown [s\open\src\hotspot\share\interpreter\linkResolver.cpp, line 773]
Event: 6.021 Thread 0x0000029fc86fccf0 Exception <a 'java/lang/NoSuchMethodError'{0x00000000ec3e4168}: 'java.lang.Object java.lang.invoke.DirectMethodHandle$Holder.invokeVirtual(java.lang.Object, java.lang.Object, java.lang.Object, java.lang.Object, java.lang.Object, java.lang.Object, java.lang.Object, java.lang.Object, java.lang.Object)'> (0x00000000ec3e4168) 
thrown [s\open\src\hotspot\share\interpreter\linkResolver.cpp, line 773]
Event: 6.139 Thread 0x0000029fc86fccf0 Exception <a 'java/lang/NoSuchMethodError'{0x00000000ec1116e8}: 'java.lang.Object java.lang.invoke.DirectMethodHandle$Holder.invokeVirtual(java.lang.Object, java.lang.Object, java.lang.Object, java.lang.Object, java.lang.Object, java.lang.Object, java.lang.Object, java.lang.Object, java.lang.Object, java.lang.Object)'> (0x00000000ec1116e8) 
thrown [s\open\src\hotspot\share\interpreter\linkResolver.cpp, line 773]
Event: 6.389 Thread 0x0000029fc86fccf0 Exception <a 'java/lang/NoSuchMethodError'{0x00000000ec0a8928}: 'java.lang.Object java.lang.invoke.DelegatingMethodHandle$Holder.reinvoke_L(java.lang.Object, java.lang.Object, java.lang.Object, java.lang.Object, java.lang.Object, java.lang.Object, java.lang.Object, java.lang.Object, java.lang.Object, java.lang.Object, java.lang.Object, java.lang.Object, java.lang.Object, java.lang.Object, java.lang.Object, java.lang.Object, java.lang.Object, java.lang.Object, java.lang.Object, java.lang.Object, java.lang.O
Event: 6.398 Thread 0x0000029fc86fccf0 Exception <a 'java/lang/NoSuchMethodError'{0x00000000ebf06cf8}: 'java.lang.Object java.lang.invoke.DirectMethodHandle$Holder.invokeStatic(java.lang.Object, java.lang.Object, java.lang.Object, java.lang.Object, java.lang.Object, java.lang.Object, java.lang.Object, java.lang.Object, java.lang.Object, java.lang.Object, java.lang.Object, java.lang.Object, java.lang.Object, java.lang.Object, java.lang.Object)'> (0x00000000ebf06cf8) 
thrown [s\open\src\hotspot\share\interpreter\linkResolver.cpp, line 773]
Event: 6.399 Thread 0x0000029fc86fccf0 Exception <a 'java/lang/NoSuchMethodError'{0x00000000ebf2af18}: 'java.lang.Object java.lang.invoke.DirectMethodHandle$Holder.invokeStatic(java.lang.Object, java.lang.Object, java.lang.Object, java.lang.Object, java.lang.Object, java.lang.Object, java.lang.Object, java.lang.Object, java.lang.Object, java.lang.Object, java.lang.Object, java.lang.Object, java.lang.Object, java.lang.Object, java.lang.Object, java.lang.Object)'> (0x00000000ebf2af18) 
thrown [s\open\src\hotspot\share\interpreter\linkResolver.cpp
Event: 6.401 Thread 0x0000029fc86fccf0 Exception <a 'java/lang/NoSuchMethodError'{0x00000000ebf52280}: 'java.lang.Object java.lang.invoke.DirectMethodHandle$Holder.invokeStatic(java.lang.Object, java.lang.Object, java.lang.Object, java.lang.Object, java.lang.Object, java.lang.Object, java.lang.Object, java.lang.Object, java.lang.Object, java.lang.Object, java.lang.Object, java.lang.Object, java.lang.Object, java.lang.Object, java.lang.Object, java.lang.Object, java.lang.Object)'> (0x00000000ebf52280) 
thrown [s\open\src\hotspot\share\interprete

ZGC Phase Switch (0 events):
No events

VM Operations (20 events):
Event: 4.458 Executing VM operation: HandshakeAllThreads (Deoptimize)
Event: 4.458 Executing VM operation: HandshakeAllThreads (Deoptimize) done
Event: 4.499 Executing VM operation: HandshakeAllThreads (Deoptimize)
Event: 4.499 Executing VM operation: HandshakeAllThreads (Deoptimize) done
Event: 4.499 Executing VM operation: Cleanup
Event: 4.499 Executing VM operation: Cleanup done
Event: 4.530 Executing VM operation: HandshakeAllThreads (Deoptimize)
Event: 4.530 Executing VM operation: HandshakeAllThreads (Deoptimize) done
Event: 4.570 Executing VM operation: HandshakeAllThreads (Deoptimize)
Event: 4.570 Executing VM operation: HandshakeAllThreads (Deoptimize) done
Event: 4.778 Executing VM operation: HandshakeAllThreads (Deoptimize)
Event: 4.778 Executing VM operation: HandshakeAllThreads (Deoptimize) done
Event: 4.839 Executing VM operation: HandshakeAllThreads (Deoptimize)
Event: 4.839 Executing VM operation: HandshakeAllThreads (Deoptimize) done
Event: 4.867 Executing VM operation: HandshakeAllThreads (Deoptimize)
Event: 4.867 Executing VM operation: HandshakeAllThreads (Deoptimize) done
Event: 5.201 Executing VM operation: ICBufferFull
Event: 5.201 Executing VM operation: ICBufferFull done
Event: 5.533 Executing VM operation: HandshakeAllThreads (Deoptimize)
Event: 5.533 Executing VM operation: HandshakeAllThreads (Deoptimize) done

Events (20 events):
Event: 0.252 Thread 0x0000029fad2c9da0 Thread added: 0x0000029fad2c9da0
Event: 0.399 Thread 0x0000029fad6621d0 Thread added: 0x0000029fad6621d0
Event: 3.258 Thread 0x0000029fc7981ec0 Thread added: 0x0000029fc7981ec0
Event: 3.707 Thread 0x0000029fc7981ec0 Thread exited: 0x0000029fc7981ec0
Event: 4.385 Thread 0x0000029fc7c2e420 Thread added: 0x0000029fc7c2e420
Event: 4.397 Thread 0x0000029fc8538030 Thread added: 0x0000029fc8538030
Event: 4.702 Thread 0x0000029fc77717f0 Thread added: 0x0000029fc77717f0
Event: 4.827 Thread 0x0000029fc86e9440 Thread added: 0x0000029fc86e9440
Event: 4.877 Thread 0x0000029fc8360ca0 Thread added: 0x0000029fc8360ca0
Event: 4.880 Thread 0x0000029fc8975490 Thread added: 0x0000029fc8975490
Event: 4.941 Thread 0x0000029fc87ce870 Thread added: 0x0000029fc87ce870
Event: 4.949 Thread 0x0000029fc86fccf0 Thread added: 0x0000029fc86fccf0
Event: 4.961 Thread 0x0000029fc87c93a0 Thread added: 0x0000029fc87c93a0
Event: 4.965 Thread 0x0000029fc87cade0 Thread added: 0x0000029fc87cade0
Event: 4.970 Thread 0x0000029fc87c7ff0 Thread added: 0x0000029fc87c7ff0
Event: 5.457 Thread 0x0000029fc8538030 Thread exited: 0x0000029fc8538030
Event: 5.535 Thread 0x0000029fc87c9a30 Thread added: 0x0000029fc87c9a30
Event: 5.571 Thread 0x0000029fc87cb470 Thread added: 0x0000029fc87cb470
Event: 6.012 Thread 0x0000029fc87ca0c0 Thread added: 0x0000029fc87ca0c0
Event: 6.399 Thread 0x0000029fc882dab0 Thread added: 0x0000029fc882dab0


Dynamic libraries:
0x00007ff6e1b30000 - 0x00007ff6e1b40000 	C:\Program Files\Java\jdk-21\bin\java.exe
0x00007ffc0b8b0000 - 0x00007ffc0bac7000 	C:\WINDOWS\SYSTEM32\ntdll.dll
0x00007ffc0a370000 - 0x00007ffc0a434000 	C:\WINDOWS\System32\KERNEL32.DLL
0x00007ffc08e70000 - 0x00007ffc09227000 	C:\WINDOWS\System32\KERNELBASE.dll
0x00007ffc08ce0000 - 0x00007ffc08df1000 	C:\WINDOWS\System32\ucrtbase.dll
0x00007ffbfca60000 - 0x00007ffbfca79000 	C:\Program Files\Java\jdk-21\bin\jli.dll
0x00007ffc095e0000 - 0x00007ffc09692000 	C:\WINDOWS\System32\ADVAPI32.dll
0x00007ffc0b7c0000 - 0x00007ffc0b867000 	C:\WINDOWS\System32\msvcrt.dll
0x00007ffbfcc30000 - 0x00007ffbfcc4b000 	C:\Program Files\Java\jdk-21\bin\VCRUNTIME140.dll
0x00007ffc0a160000 - 0x00007ffc0a208000 	C:\WINDOWS\System32\sechost.dll
0x00007ffc092f0000 - 0x00007ffc09318000 	C:\WINDOWS\System32\bcrypt.dll
0x00007ffc09d00000 - 0x00007ffc09e14000 	C:\WINDOWS\System32\RPCRT4.dll
0x00007ffc0b450000 - 0x00007ffc0b5ff000 	C:\WINDOWS\System32\USER32.dll
0x00007ffc09320000 - 0x00007ffc09346000 	C:\WINDOWS\System32\win32u.dll
0x00007ffc0a130000 - 0x00007ffc0a159000 	C:\WINDOWS\System32\GDI32.dll
0x00007ffc08bc0000 - 0x00007ffc08cd8000 	C:\WINDOWS\System32\gdi32full.dll
0x00007ffc09540000 - 0x00007ffc095da000 	C:\WINDOWS\System32\msvcp_win.dll
0x00007ffbea8a0000 - 0x00007ffbeab33000 	C:\WINDOWS\WinSxS\amd64_microsoft.windows.common-controls_6595b64144ccf1df_6.0.22621.3672_none_2713b9d173822955\COMCTL32.dll
0x00007ffc00f00000 - 0x00007ffc00f0a000 	C:\WINDOWS\SYSTEM32\VERSION.dll
0x00007ffc09c90000 - 0x00007ffc09cc1000 	C:\WINDOWS\System32\IMM32.DLL
0x00007ffbe10c0000 - 0x00007ffbe10cc000 	C:\Program Files\Java\jdk-21\bin\vcruntime140_1.dll
0x00007ffbcdca0000 - 0x00007ffbcdd2e000 	C:\Program Files\Java\jdk-21\bin\msvcp140.dll
0x00007ffb4f670000 - 0x00007ffb50383000 	C:\Program Files\Java\jdk-21\bin\server\jvm.dll
0x00007ffc096a0000 - 0x00007ffc09711000 	C:\WINDOWS\System32\WS2_32.dll
0x00007ffc08490000 - 0x00007ffc084dd000 	C:\WINDOWS\SYSTEM32\POWRPROF.dll
0x00007ffc06940000 - 0x00007ffc06974000 	C:\WINDOWS\SYSTEM32\WINMM.dll
0x00007ffc08420000 - 0x00007ffc08433000 	C:\WINDOWS\SYSTEM32\UMPDC.dll
0x00007ffc07bd0000 - 0x00007ffc07be8000 	C:\WINDOWS\SYSTEM32\kernel.appcore.dll
0x00007ffbe0720000 - 0x00007ffbe072a000 	C:\Program Files\Java\jdk-21\bin\jimage.dll
0x00007ffc06380000 - 0x00007ffc065b2000 	C:\WINDOWS\SYSTEM32\DBGHELP.DLL
0x00007ffc09900000 - 0x00007ffc09c8e000 	C:\WINDOWS\System32\combase.dll
0x00007ffc09e20000 - 0x00007ffc09ef7000 	C:\WINDOWS\System32\OLEAUT32.dll
0x00007ffc004a0000 - 0x00007ffc004d2000 	C:\WINDOWS\SYSTEM32\dbgcore.DLL
0x00007ffc09350000 - 0x00007ffc093cb000 	C:\WINDOWS\System32\bcryptPrimitives.dll
0x00007ffbd6010000 - 0x00007ffbd601f000 	C:\Program Files\Java\jdk-21\bin\instrument.dll
0x00007ffbcde20000 - 0x00007ffbcde3f000 	C:\Program Files\Java\jdk-21\bin\java.dll
0x00007ffc0a440000 - 0x00007ffc0aca9000 	C:\WINDOWS\System32\SHELL32.dll
0x00007ffc06ae0000 - 0x00007ffc073df000 	C:\WINDOWS\SYSTEM32\windows.storage.dll
0x00007ffc069a0000 - 0x00007ffc06adf000 	C:\WINDOWS\SYSTEM32\wintypes.dll
0x00007ffc0b190000 - 0x00007ffc0b289000 	C:\WINDOWS\System32\SHCORE.dll
0x00007ffc098a0000 - 0x00007ffc098fe000 	C:\WINDOWS\System32\shlwapi.dll
0x00007ffc08af0000 - 0x00007ffc08b17000 	C:\WINDOWS\SYSTEM32\profapi.dll
0x00007ffb928d0000 - 0x00007ffb929a7000 	C:\Program Files\Java\jdk-21\bin\jsvml.dll
0x00007ffbb45a0000 - 0x00007ffbb45b8000 	C:\Program Files\Java\jdk-21\bin\zip.dll
0x00007ffbd0670000 - 0x00007ffbd0680000 	C:\Program Files\Java\jdk-21\bin\net.dll
0x00007ffc027d0000 - 0x00007ffc02906000 	C:\WINDOWS\SYSTEM32\WINHTTP.dll
0x00007ffc08040000 - 0x00007ffc080a9000 	C:\WINDOWS\system32\mswsock.dll
0x00007ffbb4160000 - 0x00007ffbb4176000 	C:\Program Files\Java\jdk-21\bin\nio.dll
0x00007ffbce430000 - 0x00007ffbce440000 	C:\Program Files\Java\jdk-21\bin\verify.dll
0x00007ffbc1400000 - 0x00007ffbc1427000 	C:\Users\011ko\.gradle\native\c067742578af261105cb4f569cf0c3c89f3d7b1fecec35dd04571415982c5e48\windows-amd64\native-platform.dll
0x00007ffb58650000 - 0x00007ffb58794000 	C:\Users\011ko\.gradle\native\38dada09dfb8b06ba9b0570ebf7e218e3eb74d4ef43ca46872605cf95ebc2f47\windows-amd64\native-platform-file-events.dll
0x00007ffbc9c20000 - 0x00007ffbc9c2a000 	C:\Program Files\Java\jdk-21\bin\management.dll
0x00007ffbc57c0000 - 0x00007ffbc57cb000 	C:\Program Files\Java\jdk-21\bin\management_ext.dll
0x00007ffc09800000 - 0x00007ffc09808000 	C:\WINDOWS\System32\PSAPI.DLL
0x00007ffc08280000 - 0x00007ffc0829b000 	C:\WINDOWS\SYSTEM32\CRYPTSP.dll
0x00007ffc07b30000 - 0x00007ffc07b65000 	C:\WINDOWS\system32\rsaenh.dll
0x00007ffc08100000 - 0x00007ffc08128000 	C:\WINDOWS\SYSTEM32\USERENV.dll
0x00007ffc082a0000 - 0x00007ffc082ac000 	C:\WINDOWS\SYSTEM32\CRYPTBASE.dll
0x00007ffc07680000 - 0x00007ffc076ad000 	C:\WINDOWS\SYSTEM32\IPHLPAPI.DLL
0x00007ffc09cf0000 - 0x00007ffc09cf9000 	C:\WINDOWS\System32\NSI.dll
0x00007ffbb6020000 - 0x00007ffbb6029000 	C:\Program Files\Java\jdk-21\bin\extnet.dll
0x00007ffbb5ea0000 - 0x00007ffbb5eae000 	C:\Program Files\Java\jdk-21\bin\sunmscapi.dll
0x00007ffc093d0000 - 0x00007ffc09536000 	C:\WINDOWS\System32\CRYPT32.dll
0x00007ffc08580000 - 0x00007ffc085ad000 	C:\WINDOWS\SYSTEM32\ncrypt.dll
0x00007ffc08540000 - 0x00007ffc08577000 	C:\WINDOWS\SYSTEM32\NTASN1.dll
0x00007ffbe34b0000 - 0x00007ffbe34b8000 	C:\WINDOWS\system32\wshunix.dll

dbghelp: loaded successfully - version: 4.0.5 - missing functions: none
symbol engine: initialized successfully - sym options: 0x614 - pdb path: .;C:\Program Files\Java\jdk-21\bin;C:\WINDOWS\SYSTEM32;C:\WINDOWS\WinSxS\amd64_microsoft.windows.common-controls_6595b64144ccf1df_6.0.22621.3672_none_2713b9d173822955;C:\Program Files\Java\jdk-21\bin\server;C:\Users\011ko\.gradle\native\c067742578af261105cb4f569cf0c3c89f3d7b1fecec35dd04571415982c5e48\windows-amd64;C:\Users\011ko\.gradle\native\38dada09dfb8b06ba9b0570ebf7e218e3eb74d4ef43ca46872605cf95ebc2f47\windows-amd64

VM Arguments:
jvm_args: --add-opens=java.base/java.util=ALL-UNNAMED --add-opens=java.base/java.lang=ALL-UNNAMED --add-opens=java.base/java.lang.invoke=ALL-UNNAMED --add-opens=java.prefs/java.util.prefs=ALL-UNNAMED --add-opens=java.base/java.nio.charset=ALL-UNNAMED --add-opens=java.base/java.net=ALL-UNNAMED --add-opens=java.base/java.util.concurrent.atomic=ALL-UNNAMED -XX:MaxMetaspaceSize=384m -XX:+HeapDumpOnOutOfMemoryError -Xms256m -Xmx512m -Dfile.encoding=UTF-8 -Duser.country=RU -Duser.language=ru -Duser.variant -javaagent:C:\Users\011ko\.gradle\wrapper\dists\gradle-8.5-bin\5t9huq95ubn472n8rpzujfbqh\gradle-8.5\lib\agents\gradle-instrumentation-agent-8.5.jar 
java_command: org.gradle.launcher.daemon.bootstrap.GradleDaemon 8.5
java_class_path (initial): C:\Users\011ko\.gradle\wrapper\dists\gradle-8.5-bin\5t9huq95ubn472n8rpzujfbqh\gradle-8.5\lib\gradle-launcher-8.5.jar
Launcher Type: SUN_STANDARD

[Global flags]
     intx CICompilerCount                          = 3                                         {product} {ergonomic}
   size_t CompressedClassSpaceSize                 = 335544320                                 {product} {ergonomic}
     uint ConcGCThreads                            = 1                                         {product} {ergonomic}
     uint G1ConcRefinementThreads                  = 4                                         {product} {ergonomic}
   size_t G1HeapRegionSize                         = 1048576                                   {product} {ergonomic}
    uintx GCDrainStackTargetSize                   = 64                                        {product} {ergonomic}
     bool HeapDumpOnOutOfMemoryError               = true                                   {manageable} {command line}
   size_t InitialHeapSize                          = 268435456                                 {product} {command line}
   size_t MarkStackSize                            = 4194304                                   {product} {ergonomic}
   size_t MaxHeapSize                              = 536870912                                 {product} {command line}
   size_t MaxMetaspaceSize                         = 402653184                                 {product} {command line}
   size_t MaxNewSize                               = 321912832                                 {product} {ergonomic}
   size_t MinHeapDeltaBytes                        = 1048576                                   {product} {ergonomic}
   size_t MinHeapSize                              = 268435456                                 {product} {command line}
    uintx NonNMethodCodeHeapSize                   = 5832780                                {pd product} {ergonomic}
    uintx NonProfiledCodeHeapSize                  = 122912730                              {pd product} {ergonomic}
    uintx ProfiledCodeHeapSize                     = 122912730                              {pd product} {ergonomic}
    uintx ReservedCodeCacheSize                    = 251658240                              {pd product} {ergonomic}
     bool SegmentedCodeCache                       = true                                      {product} {ergonomic}
   size_t SoftMaxHeapSize                          = 536870912                              {manageable} {ergonomic}
     bool UseCompressedOops                        = true                           {product lp64_product} {ergonomic}
     bool UseG1GC                                  = true                                      {product} {ergonomic}
     bool UseLargePagesIndividualAllocation        = false                                  {pd product} {ergonomic}

Logging:
Log output configuration:
 #0: stdout all=warning uptime,level,tags foldmultilines=false
 #1: stderr all=off uptime,level,tags foldmultilines=false

Environment Variables:
PATH=C:\oraclexe\app\oracle\product\11.2.0\server\bin;;C:\Program Files\Common Files\Oracle\Java\javapath;C:\Program Files (x86)\Common Files\Oracle\Java\java8path;C:\Program Files (x86)\Common Files\Oracle\Java\javapath;C:\Windows\System32\HWAudioDriverLibs;C:\Windows\system32;C:\Windows;C:\Windows\System32\Wbem;C:\Windows\System32\WindowsPowerShell\v1.0\;C:\Windows\System32\OpenSSH\;C:\Users\Administrator\AppData\Local\Microsoft\WindowsApps;C:\WINDOWS\system32;C:\WINDOWS;C:\WINDOWS\System32\Wbem;C:\WINDOWS\System32\WindowsPowerShell\v1.0\;C:\WINDOWS\System32\OpenSSH\;C:\Program Files\nodejs\;C:\Program Files\Git\cmd;C:\Users\011ko\Documents\gradle-8.10-all\gradle-8.10\bin;C:\Program Files\AmneziaWG\;C:\Users\011ko\AppData\Local\Microsoft\WindowsApps;C:\Users\011ko\AppData\Local\Programs\Microsoft VS Code\bin;C:\Users\011ko\AppData\Roaming\npm;C:\Users\011ko\AppData\Local\GitHubDesktop\bin;C:\Users\011ko\Documents\gradle-8.10-all\gradle-8.10\bin;
USERNAME=011ko
OS=Windows_NT
PROCESSOR_IDENTIFIER=Intel64 Family 6 Model 140 Stepping 1, GenuineIntel
TMP=C:\Users\011ko\AppData\Local\Temp
TEMP=C:\Users\011ko\AppData\Local\Temp




Periodic native trim disabled

---------------  S Y S T E M  ---------------

OS:
 Windows 11 , 64 bit Build 22621 (10.0.22621.3958)
OS uptime: 5 days 12:14 hours
Hyper-V role detected

CPU: total 4 (initial active 4) (2 cores per cpu, 2 threads per core) family 6 model 140 stepping 1 microcode 0x8a, cx8, cmov, fxsr, ht, mmx, 3dnowpref, sse, sse2, sse3, ssse3, sse4.1, sse4.2, popcnt, lzcnt, tsc, tscinvbit, avx, avx2, aes, erms, clmul, bmi1, bmi2, adx, avx512f, avx512dq, avx512cd, avx512bw, avx512vl, sha, fma, vzeroupper, avx512_vpopcntdq, avx512_vpclmulqdq, avx512_vaes, avx512_vnni, clflush, clflushopt, clwb, avx512_vbmi2, avx512_vbmi, hv, rdtscp, rdpid, fsrm, gfni, avx512_bitalg, f16c, cet_ibt, cet_ss, avx512_ifma
Processor Information for all 4 processors :
  Max Mhz: 2995, Current Mhz: 2995, Mhz Limit: 2995

Memory: 4k page, system-wide physical 7991M (415M free)
TotalPageFile size 23351M (AvailPageFile size 5M)
current process WorkingSet (physical memory assigned to process): 177M, peak: 177M
current process commit charge ("private bytes"): 402M, peak: 402M

vm_info: Java HotSpot(TM) 64-Bit Server VM (21.0.4+8-LTS-274) for windows-amd64 JRE (21.0.4+8-LTS-274), built on 2024-06-05T05:23:33Z by "mach5one" with MS VC++ 17.6 (VS2022)

END.
